[2024-05-13T01:30:10.237+0000] {processor.py:161} INFO - Started process (PID=342) to work on /home/airflow/.local/lib/python3.12/site-packages/airflow/example_dags/example_python_operator.py
[2024-05-13T01:30:10.237+0000] {processor.py:830} INFO - Processing file /home/airflow/.local/lib/python3.12/site-packages/airflow/example_dags/example_python_operator.py for tasks to queue
[2024-05-13T01:30:10.238+0000] {logging_mixin.py:188} INFO - [2024-05-13T01:30:10.238+0000] {dagbag.py:545} INFO - Filling up the DagBag from /home/airflow/.local/lib/python3.12/site-packages/airflow/example_dags/example_python_operator.py
[2024-05-13T01:30:10.243+0000] {processor.py:840} INFO - DAG(s) 'example_python_operator' retrieved from /home/airflow/.local/lib/python3.12/site-packages/airflow/example_dags/example_python_operator.py
[2024-05-13T01:30:10.278+0000] {logging_mixin.py:188} INFO - [2024-05-13T01:30:10.277+0000] {override.py:1829} INFO - Created Permission View: can read on DAG:example_python_operator
[2024-05-13T01:30:10.281+0000] {logging_mixin.py:188} INFO - [2024-05-13T01:30:10.280+0000] {override.py:1829} INFO - Created Permission View: can edit on DAG:example_python_operator
[2024-05-13T01:30:10.282+0000] {logging_mixin.py:188} INFO - [2024-05-13T01:30:10.282+0000] {override.py:1829} INFO - Created Permission View: can delete on DAG:example_python_operator
[2024-05-13T01:30:10.283+0000] {logging_mixin.py:188} INFO - [2024-05-13T01:30:10.283+0000] {dag.py:3096} INFO - Sync 1 DAGs
[2024-05-13T01:30:10.287+0000] {logging_mixin.py:188} INFO - [2024-05-13T01:30:10.287+0000] {dag.py:3118} INFO - Creating ORM DAG for example_python_operator
[2024-05-13T01:30:10.287+0000] {logging_mixin.py:188} INFO - [2024-05-13T01:30:10.287+0000] {dag.py:3954} INFO - Setting next_dagrun for example_python_operator to None, run_after=None
[2024-05-13T01:30:10.292+0000] {processor.py:183} INFO - Processing /home/airflow/.local/lib/python3.12/site-packages/airflow/example_dags/example_python_operator.py took 0.057 seconds
[2024-05-13T01:30:40.842+0000] {processor.py:161} INFO - Started process (PID=604) to work on /home/airflow/.local/lib/python3.12/site-packages/airflow/example_dags/example_python_operator.py
[2024-05-13T01:30:40.842+0000] {processor.py:830} INFO - Processing file /home/airflow/.local/lib/python3.12/site-packages/airflow/example_dags/example_python_operator.py for tasks to queue
[2024-05-13T01:30:40.843+0000] {logging_mixin.py:188} INFO - [2024-05-13T01:30:40.843+0000] {dagbag.py:545} INFO - Filling up the DagBag from /home/airflow/.local/lib/python3.12/site-packages/airflow/example_dags/example_python_operator.py
[2024-05-13T01:30:40.847+0000] {processor.py:840} INFO - DAG(s) 'example_python_operator' retrieved from /home/airflow/.local/lib/python3.12/site-packages/airflow/example_dags/example_python_operator.py
[2024-05-13T01:30:40.855+0000] {logging_mixin.py:188} INFO - [2024-05-13T01:30:40.855+0000] {dag.py:3096} INFO - Sync 1 DAGs
[2024-05-13T01:30:40.860+0000] {logging_mixin.py:188} INFO - [2024-05-13T01:30:40.860+0000] {dag.py:3954} INFO - Setting next_dagrun for example_python_operator to None, run_after=None
[2024-05-13T01:30:40.866+0000] {processor.py:183} INFO - Processing /home/airflow/.local/lib/python3.12/site-packages/airflow/example_dags/example_python_operator.py took 0.027 seconds
[2024-05-13T01:31:11.178+0000] {processor.py:161} INFO - Started process (PID=866) to work on /home/airflow/.local/lib/python3.12/site-packages/airflow/example_dags/example_python_operator.py
[2024-05-13T01:31:11.179+0000] {processor.py:830} INFO - Processing file /home/airflow/.local/lib/python3.12/site-packages/airflow/example_dags/example_python_operator.py for tasks to queue
[2024-05-13T01:31:11.179+0000] {logging_mixin.py:188} INFO - [2024-05-13T01:31:11.179+0000] {dagbag.py:545} INFO - Filling up the DagBag from /home/airflow/.local/lib/python3.12/site-packages/airflow/example_dags/example_python_operator.py
[2024-05-13T01:31:11.184+0000] {processor.py:840} INFO - DAG(s) 'example_python_operator' retrieved from /home/airflow/.local/lib/python3.12/site-packages/airflow/example_dags/example_python_operator.py
[2024-05-13T01:31:11.192+0000] {logging_mixin.py:188} INFO - [2024-05-13T01:31:11.192+0000] {dag.py:3096} INFO - Sync 1 DAGs
[2024-05-13T01:31:11.197+0000] {logging_mixin.py:188} INFO - [2024-05-13T01:31:11.197+0000] {dag.py:3954} INFO - Setting next_dagrun for example_python_operator to None, run_after=None
[2024-05-13T01:31:11.206+0000] {processor.py:183} INFO - Processing /home/airflow/.local/lib/python3.12/site-packages/airflow/example_dags/example_python_operator.py took 0.030 seconds
[2024-05-13T01:31:41.599+0000] {processor.py:161} INFO - Started process (PID=1128) to work on /home/airflow/.local/lib/python3.12/site-packages/airflow/example_dags/example_python_operator.py
[2024-05-13T01:31:41.600+0000] {processor.py:830} INFO - Processing file /home/airflow/.local/lib/python3.12/site-packages/airflow/example_dags/example_python_operator.py for tasks to queue
[2024-05-13T01:31:41.600+0000] {logging_mixin.py:188} INFO - [2024-05-13T01:31:41.600+0000] {dagbag.py:545} INFO - Filling up the DagBag from /home/airflow/.local/lib/python3.12/site-packages/airflow/example_dags/example_python_operator.py
[2024-05-13T01:31:41.605+0000] {processor.py:840} INFO - DAG(s) 'example_python_operator' retrieved from /home/airflow/.local/lib/python3.12/site-packages/airflow/example_dags/example_python_operator.py
[2024-05-13T01:31:41.615+0000] {logging_mixin.py:188} INFO - [2024-05-13T01:31:41.614+0000] {dag.py:3096} INFO - Sync 1 DAGs
[2024-05-13T01:31:41.620+0000] {logging_mixin.py:188} INFO - [2024-05-13T01:31:41.620+0000] {dag.py:3954} INFO - Setting next_dagrun for example_python_operator to None, run_after=None
[2024-05-13T01:31:41.627+0000] {processor.py:183} INFO - Processing /home/airflow/.local/lib/python3.12/site-packages/airflow/example_dags/example_python_operator.py took 0.030 seconds
