[2024-05-13T01:30:09.977+0000] {processor.py:161} INFO - Started process (PID=312) to work on /home/airflow/.local/lib/python3.12/site-packages/airflow/example_dags/example_subdag_operator.py
[2024-05-13T01:30:09.977+0000] {processor.py:830} INFO - Processing file /home/airflow/.local/lib/python3.12/site-packages/airflow/example_dags/example_subdag_operator.py for tasks to queue
[2024-05-13T01:30:09.978+0000] {logging_mixin.py:188} INFO - [2024-05-13T01:30:09.978+0000] {dagbag.py:545} INFO - Filling up the DagBag from /home/airflow/.local/lib/python3.12/site-packages/airflow/example_dags/example_subdag_operator.py
[2024-05-13T01:30:09.987+0000] {processor.py:840} INFO - DAG(s) 'example_subdag_operator.section-1', 'example_subdag_operator.section-2', 'example_subdag_operator' retrieved from /home/airflow/.local/lib/python3.12/site-packages/airflow/example_dags/example_subdag_operator.py
[2024-05-13T01:30:10.022+0000] {logging_mixin.py:188} INFO - [2024-05-13T01:30:10.021+0000] {override.py:1829} INFO - Created Permission View: can read on DAG:example_subdag_operator
[2024-05-13T01:30:10.025+0000] {logging_mixin.py:188} INFO - [2024-05-13T01:30:10.025+0000] {override.py:1829} INFO - Created Permission View: can edit on DAG:example_subdag_operator
[2024-05-13T01:30:10.027+0000] {logging_mixin.py:188} INFO - [2024-05-13T01:30:10.027+0000] {override.py:1829} INFO - Created Permission View: can delete on DAG:example_subdag_operator
[2024-05-13T01:30:10.027+0000] {logging_mixin.py:188} INFO - [2024-05-13T01:30:10.027+0000] {dag.py:3096} INFO - Sync 3 DAGs
[2024-05-13T01:30:10.031+0000] {logging_mixin.py:188} INFO - [2024-05-13T01:30:10.031+0000] {dag.py:3118} INFO - Creating ORM DAG for example_subdag_operator.section-2
[2024-05-13T01:30:10.031+0000] {logging_mixin.py:188} INFO - [2024-05-13T01:30:10.031+0000] {dag.py:3118} INFO - Creating ORM DAG for example_subdag_operator
[2024-05-13T01:30:10.031+0000] {logging_mixin.py:188} INFO - [2024-05-13T01:30:10.031+0000] {dag.py:3118} INFO - Creating ORM DAG for example_subdag_operator.section-1
[2024-05-13T01:30:10.035+0000] {logging_mixin.py:188} INFO - [2024-05-13T01:30:10.035+0000] {dag.py:3954} INFO - Setting next_dagrun for example_subdag_operator to 2022-01-01 00:00:00+00:00, run_after=2022-01-01 00:00:00+00:00
[2024-05-13T01:30:10.035+0000] {logging_mixin.py:188} INFO - [2024-05-13T01:30:10.035+0000] {dag.py:3954} INFO - Setting next_dagrun for example_subdag_operator.section-1 to None, run_after=None
[2024-05-13T01:30:10.035+0000] {logging_mixin.py:188} INFO - [2024-05-13T01:30:10.035+0000] {dag.py:3954} INFO - Setting next_dagrun for example_subdag_operator.section-2 to None, run_after=None
[2024-05-13T01:30:10.038+0000] {logging_mixin.py:188} INFO - [2024-05-13T01:30:10.038+0000] {dag.py:3096} INFO - Sync 2 DAGs
[2024-05-13T01:30:10.040+0000] {logging_mixin.py:188} INFO - [2024-05-13T01:30:10.040+0000] {dag.py:3954} INFO - Setting next_dagrun for example_subdag_operator.section-1 to None, run_after=None
[2024-05-13T01:30:10.041+0000] {logging_mixin.py:188} INFO - [2024-05-13T01:30:10.041+0000] {dag.py:3954} INFO - Setting next_dagrun for example_subdag_operator.section-2 to None, run_after=None
[2024-05-13T01:30:10.045+0000] {processor.py:183} INFO - Processing /home/airflow/.local/lib/python3.12/site-packages/airflow/example_dags/example_subdag_operator.py took 0.070 seconds
[2024-05-13T01:30:40.733+0000] {processor.py:161} INFO - Started process (PID=574) to work on /home/airflow/.local/lib/python3.12/site-packages/airflow/example_dags/example_subdag_operator.py
[2024-05-13T01:30:40.733+0000] {processor.py:830} INFO - Processing file /home/airflow/.local/lib/python3.12/site-packages/airflow/example_dags/example_subdag_operator.py for tasks to queue
[2024-05-13T01:30:40.734+0000] {logging_mixin.py:188} INFO - [2024-05-13T01:30:40.734+0000] {dagbag.py:545} INFO - Filling up the DagBag from /home/airflow/.local/lib/python3.12/site-packages/airflow/example_dags/example_subdag_operator.py
[2024-05-13T01:30:40.743+0000] {processor.py:840} INFO - DAG(s) 'example_subdag_operator.section-1', 'example_subdag_operator.section-2', 'example_subdag_operator' retrieved from /home/airflow/.local/lib/python3.12/site-packages/airflow/example_dags/example_subdag_operator.py
[2024-05-13T01:30:40.749+0000] {logging_mixin.py:188} INFO - [2024-05-13T01:30:40.748+0000] {dag.py:3096} INFO - Sync 3 DAGs
[2024-05-13T01:30:40.757+0000] {logging_mixin.py:188} INFO - [2024-05-13T01:30:40.757+0000] {dag.py:3954} INFO - Setting next_dagrun for example_subdag_operator to 2022-01-01 00:00:00+00:00, run_after=2022-01-01 00:00:00+00:00
[2024-05-13T01:30:40.758+0000] {logging_mixin.py:188} INFO - [2024-05-13T01:30:40.758+0000] {dag.py:3954} INFO - Setting next_dagrun for example_subdag_operator.section-1 to None, run_after=None
[2024-05-13T01:30:40.759+0000] {logging_mixin.py:188} INFO - [2024-05-13T01:30:40.759+0000] {dag.py:3954} INFO - Setting next_dagrun for example_subdag_operator.section-2 to None, run_after=None
[2024-05-13T01:30:40.762+0000] {logging_mixin.py:188} INFO - [2024-05-13T01:30:40.762+0000] {dag.py:3096} INFO - Sync 2 DAGs
[2024-05-13T01:30:40.764+0000] {logging_mixin.py:188} INFO - [2024-05-13T01:30:40.763+0000] {dag.py:3954} INFO - Setting next_dagrun for example_subdag_operator.section-1 to None, run_after=None
[2024-05-13T01:30:40.764+0000] {logging_mixin.py:188} INFO - [2024-05-13T01:30:40.764+0000] {dag.py:3954} INFO - Setting next_dagrun for example_subdag_operator.section-2 to None, run_after=None
[2024-05-13T01:30:40.767+0000] {processor.py:183} INFO - Processing /home/airflow/.local/lib/python3.12/site-packages/airflow/example_dags/example_subdag_operator.py took 0.037 seconds
[2024-05-13T01:31:11.067+0000] {processor.py:161} INFO - Started process (PID=836) to work on /home/airflow/.local/lib/python3.12/site-packages/airflow/example_dags/example_subdag_operator.py
[2024-05-13T01:31:11.069+0000] {processor.py:830} INFO - Processing file /home/airflow/.local/lib/python3.12/site-packages/airflow/example_dags/example_subdag_operator.py for tasks to queue
[2024-05-13T01:31:11.070+0000] {logging_mixin.py:188} INFO - [2024-05-13T01:31:11.070+0000] {dagbag.py:545} INFO - Filling up the DagBag from /home/airflow/.local/lib/python3.12/site-packages/airflow/example_dags/example_subdag_operator.py
[2024-05-13T01:31:11.079+0000] {processor.py:840} INFO - DAG(s) 'example_subdag_operator.section-1', 'example_subdag_operator.section-2', 'example_subdag_operator' retrieved from /home/airflow/.local/lib/python3.12/site-packages/airflow/example_dags/example_subdag_operator.py
[2024-05-13T01:31:11.085+0000] {logging_mixin.py:188} INFO - [2024-05-13T01:31:11.085+0000] {dag.py:3096} INFO - Sync 3 DAGs
[2024-05-13T01:31:11.092+0000] {logging_mixin.py:188} INFO - [2024-05-13T01:31:11.092+0000] {dag.py:3954} INFO - Setting next_dagrun for example_subdag_operator to 2022-01-01 00:00:00+00:00, run_after=2022-01-01 00:00:00+00:00
[2024-05-13T01:31:11.093+0000] {logging_mixin.py:188} INFO - [2024-05-13T01:31:11.093+0000] {dag.py:3954} INFO - Setting next_dagrun for example_subdag_operator.section-1 to None, run_after=None
[2024-05-13T01:31:11.094+0000] {logging_mixin.py:188} INFO - [2024-05-13T01:31:11.094+0000] {dag.py:3954} INFO - Setting next_dagrun for example_subdag_operator.section-2 to None, run_after=None
[2024-05-13T01:31:11.096+0000] {logging_mixin.py:188} INFO - [2024-05-13T01:31:11.096+0000] {dag.py:3096} INFO - Sync 2 DAGs
[2024-05-13T01:31:11.098+0000] {logging_mixin.py:188} INFO - [2024-05-13T01:31:11.098+0000] {dag.py:3954} INFO - Setting next_dagrun for example_subdag_operator.section-1 to None, run_after=None
[2024-05-13T01:31:11.098+0000] {logging_mixin.py:188} INFO - [2024-05-13T01:31:11.098+0000] {dag.py:3954} INFO - Setting next_dagrun for example_subdag_operator.section-2 to None, run_after=None
[2024-05-13T01:31:11.102+0000] {processor.py:183} INFO - Processing /home/airflow/.local/lib/python3.12/site-packages/airflow/example_dags/example_subdag_operator.py took 0.037 seconds
[2024-05-13T01:31:41.480+0000] {processor.py:161} INFO - Started process (PID=1098) to work on /home/airflow/.local/lib/python3.12/site-packages/airflow/example_dags/example_subdag_operator.py
[2024-05-13T01:31:41.481+0000] {processor.py:830} INFO - Processing file /home/airflow/.local/lib/python3.12/site-packages/airflow/example_dags/example_subdag_operator.py for tasks to queue
[2024-05-13T01:31:41.481+0000] {logging_mixin.py:188} INFO - [2024-05-13T01:31:41.481+0000] {dagbag.py:545} INFO - Filling up the DagBag from /home/airflow/.local/lib/python3.12/site-packages/airflow/example_dags/example_subdag_operator.py
[2024-05-13T01:31:41.491+0000] {processor.py:840} INFO - DAG(s) 'example_subdag_operator.section-1', 'example_subdag_operator.section-2', 'example_subdag_operator' retrieved from /home/airflow/.local/lib/python3.12/site-packages/airflow/example_dags/example_subdag_operator.py
[2024-05-13T01:31:41.497+0000] {logging_mixin.py:188} INFO - [2024-05-13T01:31:41.497+0000] {dag.py:3096} INFO - Sync 3 DAGs
[2024-05-13T01:31:41.506+0000] {logging_mixin.py:188} INFO - [2024-05-13T01:31:41.506+0000] {dag.py:3954} INFO - Setting next_dagrun for example_subdag_operator to 2022-01-01 00:00:00+00:00, run_after=2022-01-01 00:00:00+00:00
[2024-05-13T01:31:41.508+0000] {logging_mixin.py:188} INFO - [2024-05-13T01:31:41.508+0000] {dag.py:3954} INFO - Setting next_dagrun for example_subdag_operator.section-1 to None, run_after=None
[2024-05-13T01:31:41.508+0000] {logging_mixin.py:188} INFO - [2024-05-13T01:31:41.508+0000] {dag.py:3954} INFO - Setting next_dagrun for example_subdag_operator.section-2 to None, run_after=None
[2024-05-13T01:31:41.511+0000] {logging_mixin.py:188} INFO - [2024-05-13T01:31:41.511+0000] {dag.py:3096} INFO - Sync 2 DAGs
[2024-05-13T01:31:41.513+0000] {logging_mixin.py:188} INFO - [2024-05-13T01:31:41.513+0000] {dag.py:3954} INFO - Setting next_dagrun for example_subdag_operator.section-1 to None, run_after=None
[2024-05-13T01:31:41.514+0000] {logging_mixin.py:188} INFO - [2024-05-13T01:31:41.514+0000] {dag.py:3954} INFO - Setting next_dagrun for example_subdag_operator.section-2 to None, run_after=None
[2024-05-13T01:31:41.518+0000] {processor.py:183} INFO - Processing /home/airflow/.local/lib/python3.12/site-packages/airflow/example_dags/example_subdag_operator.py took 0.040 seconds
