[2024-05-13T01:30:09.741+0000] {processor.py:161} INFO - Started process (PID=277) to work on /home/airflow/.local/lib/python3.12/site-packages/airflow/example_dags/example_branch_labels.py
[2024-05-13T01:30:09.742+0000] {processor.py:830} INFO - Processing file /home/airflow/.local/lib/python3.12/site-packages/airflow/example_dags/example_branch_labels.py for tasks to queue
[2024-05-13T01:30:09.742+0000] {logging_mixin.py:188} INFO - [2024-05-13T01:30:09.742+0000] {dagbag.py:545} INFO - Filling up the DagBag from /home/airflow/.local/lib/python3.12/site-packages/airflow/example_dags/example_branch_labels.py
[2024-05-13T01:30:09.747+0000] {processor.py:840} INFO - DAG(s) 'example_branch_labels' retrieved from /home/airflow/.local/lib/python3.12/site-packages/airflow/example_dags/example_branch_labels.py
[2024-05-13T01:30:09.784+0000] {logging_mixin.py:188} INFO - [2024-05-13T01:30:09.784+0000] {override.py:1829} INFO - Created Permission View: can read on DAG:example_branch_labels
[2024-05-13T01:30:09.788+0000] {logging_mixin.py:188} INFO - [2024-05-13T01:30:09.788+0000] {override.py:1829} INFO - Created Permission View: can edit on DAG:example_branch_labels
[2024-05-13T01:30:09.790+0000] {logging_mixin.py:188} INFO - [2024-05-13T01:30:09.789+0000] {override.py:1829} INFO - Created Permission View: can delete on DAG:example_branch_labels
[2024-05-13T01:30:09.790+0000] {logging_mixin.py:188} INFO - [2024-05-13T01:30:09.790+0000] {dag.py:3096} INFO - Sync 1 DAGs
[2024-05-13T01:30:09.794+0000] {logging_mixin.py:188} INFO - [2024-05-13T01:30:09.794+0000] {dag.py:3118} INFO - Creating ORM DAG for example_branch_labels
[2024-05-13T01:30:09.798+0000] {logging_mixin.py:188} INFO - [2024-05-13T01:30:09.798+0000] {dag.py:3954} INFO - Setting next_dagrun for example_branch_labels to 2024-05-12 00:00:00+00:00, run_after=2024-05-13 00:00:00+00:00
[2024-05-13T01:30:09.802+0000] {processor.py:183} INFO - Processing /home/airflow/.local/lib/python3.12/site-packages/airflow/example_dags/example_branch_labels.py took 0.063 seconds
[2024-05-13T01:30:40.593+0000] {processor.py:161} INFO - Started process (PID=539) to work on /home/airflow/.local/lib/python3.12/site-packages/airflow/example_dags/example_branch_labels.py
[2024-05-13T01:30:40.593+0000] {processor.py:830} INFO - Processing file /home/airflow/.local/lib/python3.12/site-packages/airflow/example_dags/example_branch_labels.py for tasks to queue
[2024-05-13T01:30:40.594+0000] {logging_mixin.py:188} INFO - [2024-05-13T01:30:40.594+0000] {dagbag.py:545} INFO - Filling up the DagBag from /home/airflow/.local/lib/python3.12/site-packages/airflow/example_dags/example_branch_labels.py
[2024-05-13T01:30:40.597+0000] {processor.py:840} INFO - DAG(s) 'example_branch_labels' retrieved from /home/airflow/.local/lib/python3.12/site-packages/airflow/example_dags/example_branch_labels.py
[2024-05-13T01:30:40.604+0000] {logging_mixin.py:188} INFO - [2024-05-13T01:30:40.604+0000] {dag.py:3096} INFO - Sync 1 DAGs
[2024-05-13T01:30:40.613+0000] {logging_mixin.py:188} INFO - [2024-05-13T01:30:40.612+0000] {dag.py:3954} INFO - Setting next_dagrun for example_branch_labels to 2024-05-12 00:00:00+00:00, run_after=2024-05-13 00:00:00+00:00
[2024-05-13T01:30:40.618+0000] {processor.py:183} INFO - Processing /home/airflow/.local/lib/python3.12/site-packages/airflow/example_dags/example_branch_labels.py took 0.027 seconds
[2024-05-13T01:31:10.927+0000] {processor.py:161} INFO - Started process (PID=801) to work on /home/airflow/.local/lib/python3.12/site-packages/airflow/example_dags/example_branch_labels.py
[2024-05-13T01:31:10.927+0000] {processor.py:830} INFO - Processing file /home/airflow/.local/lib/python3.12/site-packages/airflow/example_dags/example_branch_labels.py for tasks to queue
[2024-05-13T01:31:10.928+0000] {logging_mixin.py:188} INFO - [2024-05-13T01:31:10.928+0000] {dagbag.py:545} INFO - Filling up the DagBag from /home/airflow/.local/lib/python3.12/site-packages/airflow/example_dags/example_branch_labels.py
[2024-05-13T01:31:10.931+0000] {processor.py:840} INFO - DAG(s) 'example_branch_labels' retrieved from /home/airflow/.local/lib/python3.12/site-packages/airflow/example_dags/example_branch_labels.py
[2024-05-13T01:31:10.939+0000] {logging_mixin.py:188} INFO - [2024-05-13T01:31:10.939+0000] {dag.py:3096} INFO - Sync 1 DAGs
[2024-05-13T01:31:10.948+0000] {logging_mixin.py:188} INFO - [2024-05-13T01:31:10.948+0000] {dag.py:3954} INFO - Setting next_dagrun for example_branch_labels to 2024-05-12 00:00:00+00:00, run_after=2024-05-13 00:00:00+00:00
[2024-05-13T01:31:10.955+0000] {processor.py:183} INFO - Processing /home/airflow/.local/lib/python3.12/site-packages/airflow/example_dags/example_branch_labels.py took 0.031 seconds
[2024-05-13T01:31:41.348+0000] {processor.py:161} INFO - Started process (PID=1063) to work on /home/airflow/.local/lib/python3.12/site-packages/airflow/example_dags/example_branch_labels.py
[2024-05-13T01:31:41.349+0000] {processor.py:830} INFO - Processing file /home/airflow/.local/lib/python3.12/site-packages/airflow/example_dags/example_branch_labels.py for tasks to queue
[2024-05-13T01:31:41.349+0000] {logging_mixin.py:188} INFO - [2024-05-13T01:31:41.349+0000] {dagbag.py:545} INFO - Filling up the DagBag from /home/airflow/.local/lib/python3.12/site-packages/airflow/example_dags/example_branch_labels.py
[2024-05-13T01:31:41.353+0000] {processor.py:840} INFO - DAG(s) 'example_branch_labels' retrieved from /home/airflow/.local/lib/python3.12/site-packages/airflow/example_dags/example_branch_labels.py
[2024-05-13T01:31:41.361+0000] {logging_mixin.py:188} INFO - [2024-05-13T01:31:41.361+0000] {dag.py:3096} INFO - Sync 1 DAGs
[2024-05-13T01:31:41.369+0000] {logging_mixin.py:188} INFO - [2024-05-13T01:31:41.369+0000] {dag.py:3954} INFO - Setting next_dagrun for example_branch_labels to 2024-05-12 00:00:00+00:00, run_after=2024-05-13 00:00:00+00:00
[2024-05-13T01:31:41.376+0000] {processor.py:183} INFO - Processing /home/airflow/.local/lib/python3.12/site-packages/airflow/example_dags/example_branch_labels.py took 0.030 seconds
