[2024-05-13T01:30:08.687+0000] {processor.py:161} INFO - Started process (PID=169) to work on /home/airflow/.local/lib/python3.12/site-packages/airflow/example_dags/example_task_group.py
[2024-05-13T01:30:08.687+0000] {processor.py:830} INFO - Processing file /home/airflow/.local/lib/python3.12/site-packages/airflow/example_dags/example_task_group.py for tasks to queue
[2024-05-13T01:30:08.688+0000] {logging_mixin.py:188} INFO - [2024-05-13T01:30:08.688+0000] {dagbag.py:545} INFO - Filling up the DagBag from /home/airflow/.local/lib/python3.12/site-packages/airflow/example_dags/example_task_group.py
[2024-05-13T01:30:08.696+0000] {processor.py:840} INFO - DAG(s) 'example_task_group' retrieved from /home/airflow/.local/lib/python3.12/site-packages/airflow/example_dags/example_task_group.py
[2024-05-13T01:30:08.793+0000] {logging_mixin.py:188} INFO - [2024-05-13T01:30:08.793+0000] {override.py:1829} INFO - Created Permission View: can read on DAG:example_task_group
[2024-05-13T01:30:08.796+0000] {logging_mixin.py:188} INFO - [2024-05-13T01:30:08.796+0000] {override.py:1829} INFO - Created Permission View: can edit on DAG:example_task_group
[2024-05-13T01:30:08.798+0000] {logging_mixin.py:188} INFO - [2024-05-13T01:30:08.798+0000] {override.py:1829} INFO - Created Permission View: can delete on DAG:example_task_group
[2024-05-13T01:30:08.798+0000] {logging_mixin.py:188} INFO - [2024-05-13T01:30:08.798+0000] {dag.py:3096} INFO - Sync 1 DAGs
[2024-05-13T01:30:08.802+0000] {logging_mixin.py:188} INFO - [2024-05-13T01:30:08.802+0000] {dag.py:3118} INFO - Creating ORM DAG for example_task_group
[2024-05-13T01:30:08.805+0000] {logging_mixin.py:188} INFO - [2024-05-13T01:30:08.805+0000] {dag.py:3954} INFO - Setting next_dagrun for example_task_group to 2024-05-12 00:00:00+00:00, run_after=2024-05-13 00:00:00+00:00
[2024-05-13T01:30:08.810+0000] {processor.py:183} INFO - Processing /home/airflow/.local/lib/python3.12/site-packages/airflow/example_dags/example_task_group.py took 0.126 seconds
[2024-05-13T01:30:39.096+0000] {processor.py:161} INFO - Started process (PID=431) to work on /home/airflow/.local/lib/python3.12/site-packages/airflow/example_dags/example_task_group.py
[2024-05-13T01:30:39.097+0000] {processor.py:830} INFO - Processing file /home/airflow/.local/lib/python3.12/site-packages/airflow/example_dags/example_task_group.py for tasks to queue
[2024-05-13T01:30:39.099+0000] {logging_mixin.py:188} INFO - [2024-05-13T01:30:39.098+0000] {dagbag.py:545} INFO - Filling up the DagBag from /home/airflow/.local/lib/python3.12/site-packages/airflow/example_dags/example_task_group.py
[2024-05-13T01:30:39.104+0000] {processor.py:840} INFO - DAG(s) 'example_task_group' retrieved from /home/airflow/.local/lib/python3.12/site-packages/airflow/example_dags/example_task_group.py
[2024-05-13T01:30:39.119+0000] {logging_mixin.py:188} INFO - [2024-05-13T01:30:39.119+0000] {dag.py:3096} INFO - Sync 1 DAGs
[2024-05-13T01:30:39.131+0000] {logging_mixin.py:188} INFO - [2024-05-13T01:30:39.130+0000] {dag.py:3954} INFO - Setting next_dagrun for example_task_group to 2024-05-12 00:00:00+00:00, run_after=2024-05-13 00:00:00+00:00
[2024-05-13T01:30:39.139+0000] {processor.py:183} INFO - Processing /home/airflow/.local/lib/python3.12/site-packages/airflow/example_dags/example_task_group.py took 0.048 seconds
[2024-05-13T01:31:09.408+0000] {processor.py:161} INFO - Started process (PID=693) to work on /home/airflow/.local/lib/python3.12/site-packages/airflow/example_dags/example_task_group.py
[2024-05-13T01:31:09.409+0000] {processor.py:830} INFO - Processing file /home/airflow/.local/lib/python3.12/site-packages/airflow/example_dags/example_task_group.py for tasks to queue
[2024-05-13T01:31:09.411+0000] {logging_mixin.py:188} INFO - [2024-05-13T01:31:09.410+0000] {dagbag.py:545} INFO - Filling up the DagBag from /home/airflow/.local/lib/python3.12/site-packages/airflow/example_dags/example_task_group.py
[2024-05-13T01:31:09.417+0000] {processor.py:840} INFO - DAG(s) 'example_task_group' retrieved from /home/airflow/.local/lib/python3.12/site-packages/airflow/example_dags/example_task_group.py
[2024-05-13T01:31:09.430+0000] {logging_mixin.py:188} INFO - [2024-05-13T01:31:09.430+0000] {dag.py:3096} INFO - Sync 1 DAGs
[2024-05-13T01:31:09.440+0000] {logging_mixin.py:188} INFO - [2024-05-13T01:31:09.440+0000] {dag.py:3954} INFO - Setting next_dagrun for example_task_group to 2024-05-12 00:00:00+00:00, run_after=2024-05-13 00:00:00+00:00
[2024-05-13T01:31:09.448+0000] {processor.py:183} INFO - Processing /home/airflow/.local/lib/python3.12/site-packages/airflow/example_dags/example_task_group.py took 0.045 seconds
[2024-05-13T01:31:39.812+0000] {processor.py:161} INFO - Started process (PID=955) to work on /home/airflow/.local/lib/python3.12/site-packages/airflow/example_dags/example_task_group.py
[2024-05-13T01:31:39.813+0000] {processor.py:830} INFO - Processing file /home/airflow/.local/lib/python3.12/site-packages/airflow/example_dags/example_task_group.py for tasks to queue
[2024-05-13T01:31:39.815+0000] {logging_mixin.py:188} INFO - [2024-05-13T01:31:39.815+0000] {dagbag.py:545} INFO - Filling up the DagBag from /home/airflow/.local/lib/python3.12/site-packages/airflow/example_dags/example_task_group.py
[2024-05-13T01:31:39.822+0000] {processor.py:840} INFO - DAG(s) 'example_task_group' retrieved from /home/airflow/.local/lib/python3.12/site-packages/airflow/example_dags/example_task_group.py
[2024-05-13T01:31:39.839+0000] {logging_mixin.py:188} INFO - [2024-05-13T01:31:39.838+0000] {dag.py:3096} INFO - Sync 1 DAGs
[2024-05-13T01:31:39.852+0000] {logging_mixin.py:188} INFO - [2024-05-13T01:31:39.852+0000] {dag.py:3954} INFO - Setting next_dagrun for example_task_group to 2024-05-12 00:00:00+00:00, run_after=2024-05-13 00:00:00+00:00
[2024-05-13T01:31:39.862+0000] {processor.py:183} INFO - Processing /home/airflow/.local/lib/python3.12/site-packages/airflow/example_dags/example_task_group.py took 0.057 seconds
