[2024-05-13T01:30:10.733+0000] {processor.py:161} INFO - Started process (PID=387) to work on /home/airflow/.local/lib/python3.12/site-packages/airflow/example_dags/example_nested_branch_dag.py
[2024-05-13T01:30:10.734+0000] {processor.py:830} INFO - Processing file /home/airflow/.local/lib/python3.12/site-packages/airflow/example_dags/example_nested_branch_dag.py for tasks to queue
[2024-05-13T01:30:10.735+0000] {logging_mixin.py:188} INFO - [2024-05-13T01:30:10.735+0000] {dagbag.py:545} INFO - Filling up the DagBag from /home/airflow/.local/lib/python3.12/site-packages/airflow/example_dags/example_nested_branch_dag.py
[2024-05-13T01:30:10.740+0000] {processor.py:840} INFO - DAG(s) 'example_nested_branch_dag' retrieved from /home/airflow/.local/lib/python3.12/site-packages/airflow/example_dags/example_nested_branch_dag.py
[2024-05-13T01:30:10.777+0000] {logging_mixin.py:188} INFO - [2024-05-13T01:30:10.777+0000] {override.py:1829} INFO - Created Permission View: can read on DAG:example_nested_branch_dag
[2024-05-13T01:30:10.780+0000] {logging_mixin.py:188} INFO - [2024-05-13T01:30:10.780+0000] {override.py:1829} INFO - Created Permission View: can edit on DAG:example_nested_branch_dag
[2024-05-13T01:30:10.782+0000] {logging_mixin.py:188} INFO - [2024-05-13T01:30:10.781+0000] {override.py:1829} INFO - Created Permission View: can delete on DAG:example_nested_branch_dag
[2024-05-13T01:30:10.782+0000] {logging_mixin.py:188} INFO - [2024-05-13T01:30:10.782+0000] {dag.py:3096} INFO - Sync 1 DAGs
[2024-05-13T01:30:10.786+0000] {logging_mixin.py:188} INFO - [2024-05-13T01:30:10.786+0000] {dag.py:3118} INFO - Creating ORM DAG for example_nested_branch_dag
[2024-05-13T01:30:10.790+0000] {logging_mixin.py:188} INFO - [2024-05-13T01:30:10.790+0000] {dag.py:3954} INFO - Setting next_dagrun for example_nested_branch_dag to 2024-05-12 00:00:00+00:00, run_after=2024-05-13 00:00:00+00:00
[2024-05-13T01:30:10.795+0000] {processor.py:183} INFO - Processing /home/airflow/.local/lib/python3.12/site-packages/airflow/example_dags/example_nested_branch_dag.py took 0.064 seconds
[2024-05-13T01:30:41.043+0000] {processor.py:161} INFO - Started process (PID=649) to work on /home/airflow/.local/lib/python3.12/site-packages/airflow/example_dags/example_nested_branch_dag.py
[2024-05-13T01:30:41.044+0000] {processor.py:830} INFO - Processing file /home/airflow/.local/lib/python3.12/site-packages/airflow/example_dags/example_nested_branch_dag.py for tasks to queue
[2024-05-13T01:30:41.044+0000] {logging_mixin.py:188} INFO - [2024-05-13T01:30:41.044+0000] {dagbag.py:545} INFO - Filling up the DagBag from /home/airflow/.local/lib/python3.12/site-packages/airflow/example_dags/example_nested_branch_dag.py
[2024-05-13T01:30:41.048+0000] {processor.py:840} INFO - DAG(s) 'example_nested_branch_dag' retrieved from /home/airflow/.local/lib/python3.12/site-packages/airflow/example_dags/example_nested_branch_dag.py
[2024-05-13T01:30:41.056+0000] {logging_mixin.py:188} INFO - [2024-05-13T01:30:41.056+0000] {dag.py:3096} INFO - Sync 1 DAGs
[2024-05-13T01:30:41.064+0000] {logging_mixin.py:188} INFO - [2024-05-13T01:30:41.064+0000] {dag.py:3954} INFO - Setting next_dagrun for example_nested_branch_dag to 2024-05-12 00:00:00+00:00, run_after=2024-05-13 00:00:00+00:00
[2024-05-13T01:30:41.072+0000] {processor.py:183} INFO - Processing /home/airflow/.local/lib/python3.12/site-packages/airflow/example_dags/example_nested_branch_dag.py took 0.031 seconds
[2024-05-13T01:31:11.429+0000] {processor.py:161} INFO - Started process (PID=913) to work on /home/airflow/.local/lib/python3.12/site-packages/airflow/example_dags/example_nested_branch_dag.py
[2024-05-13T01:31:11.429+0000] {processor.py:830} INFO - Processing file /home/airflow/.local/lib/python3.12/site-packages/airflow/example_dags/example_nested_branch_dag.py for tasks to queue
[2024-05-13T01:31:11.430+0000] {logging_mixin.py:188} INFO - [2024-05-13T01:31:11.430+0000] {dagbag.py:545} INFO - Filling up the DagBag from /home/airflow/.local/lib/python3.12/site-packages/airflow/example_dags/example_nested_branch_dag.py
[2024-05-13T01:31:11.434+0000] {processor.py:840} INFO - DAG(s) 'example_nested_branch_dag' retrieved from /home/airflow/.local/lib/python3.12/site-packages/airflow/example_dags/example_nested_branch_dag.py
[2024-05-13T01:31:11.442+0000] {logging_mixin.py:188} INFO - [2024-05-13T01:31:11.442+0000] {dag.py:3096} INFO - Sync 1 DAGs
[2024-05-13T01:31:11.450+0000] {logging_mixin.py:188} INFO - [2024-05-13T01:31:11.450+0000] {dag.py:3954} INFO - Setting next_dagrun for example_nested_branch_dag to 2024-05-12 00:00:00+00:00, run_after=2024-05-13 00:00:00+00:00
[2024-05-13T01:31:11.456+0000] {processor.py:183} INFO - Processing /home/airflow/.local/lib/python3.12/site-packages/airflow/example_dags/example_nested_branch_dag.py took 0.030 seconds
[2024-05-13T01:31:41.829+0000] {processor.py:161} INFO - Started process (PID=1175) to work on /home/airflow/.local/lib/python3.12/site-packages/airflow/example_dags/example_nested_branch_dag.py
[2024-05-13T01:31:41.829+0000] {processor.py:830} INFO - Processing file /home/airflow/.local/lib/python3.12/site-packages/airflow/example_dags/example_nested_branch_dag.py for tasks to queue
[2024-05-13T01:31:41.830+0000] {logging_mixin.py:188} INFO - [2024-05-13T01:31:41.830+0000] {dagbag.py:545} INFO - Filling up the DagBag from /home/airflow/.local/lib/python3.12/site-packages/airflow/example_dags/example_nested_branch_dag.py
[2024-05-13T01:31:41.834+0000] {processor.py:840} INFO - DAG(s) 'example_nested_branch_dag' retrieved from /home/airflow/.local/lib/python3.12/site-packages/airflow/example_dags/example_nested_branch_dag.py
[2024-05-13T01:31:41.842+0000] {logging_mixin.py:188} INFO - [2024-05-13T01:31:41.842+0000] {dag.py:3096} INFO - Sync 1 DAGs
[2024-05-13T01:31:41.850+0000] {logging_mixin.py:188} INFO - [2024-05-13T01:31:41.850+0000] {dag.py:3954} INFO - Setting next_dagrun for example_nested_branch_dag to 2024-05-12 00:00:00+00:00, run_after=2024-05-13 00:00:00+00:00
[2024-05-13T01:31:41.857+0000] {processor.py:183} INFO - Processing /home/airflow/.local/lib/python3.12/site-packages/airflow/example_dags/example_nested_branch_dag.py took 0.030 seconds
