[2024-05-13T01:30:09.166+0000] {processor.py:161} INFO - Started process (PID=212) to work on /home/airflow/.local/lib/python3.12/site-packages/airflow/example_dags/example_branch_python_dop_operator_3.py
[2024-05-13T01:30:09.166+0000] {processor.py:830} INFO - Processing file /home/airflow/.local/lib/python3.12/site-packages/airflow/example_dags/example_branch_python_dop_operator_3.py for tasks to queue
[2024-05-13T01:30:09.167+0000] {logging_mixin.py:188} INFO - [2024-05-13T01:30:09.167+0000] {dagbag.py:545} INFO - Filling up the DagBag from /home/airflow/.local/lib/python3.12/site-packages/airflow/example_dags/example_branch_python_dop_operator_3.py
[2024-05-13T01:30:09.171+0000] {processor.py:840} INFO - DAG(s) 'example_branch_dop_operator_v3' retrieved from /home/airflow/.local/lib/python3.12/site-packages/airflow/example_dags/example_branch_python_dop_operator_3.py
[2024-05-13T01:30:09.206+0000] {logging_mixin.py:188} INFO - [2024-05-13T01:30:09.206+0000] {override.py:1829} INFO - Created Permission View: can read on DAG:example_branch_dop_operator_v3
[2024-05-13T01:30:09.209+0000] {logging_mixin.py:188} INFO - [2024-05-13T01:30:09.209+0000] {override.py:1829} INFO - Created Permission View: can edit on DAG:example_branch_dop_operator_v3
[2024-05-13T01:30:09.211+0000] {logging_mixin.py:188} INFO - [2024-05-13T01:30:09.211+0000] {override.py:1829} INFO - Created Permission View: can delete on DAG:example_branch_dop_operator_v3
[2024-05-13T01:30:09.211+0000] {logging_mixin.py:188} INFO - [2024-05-13T01:30:09.211+0000] {dag.py:3096} INFO - Sync 1 DAGs
[2024-05-13T01:30:09.214+0000] {logging_mixin.py:188} INFO - [2024-05-13T01:30:09.214+0000] {dag.py:3118} INFO - Creating ORM DAG for example_branch_dop_operator_v3
[2024-05-13T01:30:09.220+0000] {logging_mixin.py:188} INFO - [2024-05-13T01:30:09.220+0000] {dag.py:3954} INFO - Setting next_dagrun for example_branch_dop_operator_v3 to 2024-05-13 01:29:00+00:00, run_after=2024-05-13 01:30:00+00:00
[2024-05-13T01:30:09.225+0000] {processor.py:183} INFO - Processing /home/airflow/.local/lib/python3.12/site-packages/airflow/example_dags/example_branch_python_dop_operator_3.py took 0.061 seconds
[2024-05-13T01:30:39.292+0000] {processor.py:161} INFO - Started process (PID=474) to work on /home/airflow/.local/lib/python3.12/site-packages/airflow/example_dags/example_branch_python_dop_operator_3.py
[2024-05-13T01:30:39.292+0000] {processor.py:830} INFO - Processing file /home/airflow/.local/lib/python3.12/site-packages/airflow/example_dags/example_branch_python_dop_operator_3.py for tasks to queue
[2024-05-13T01:30:39.292+0000] {logging_mixin.py:188} INFO - [2024-05-13T01:30:39.292+0000] {dagbag.py:545} INFO - Filling up the DagBag from /home/airflow/.local/lib/python3.12/site-packages/airflow/example_dags/example_branch_python_dop_operator_3.py
[2024-05-13T01:30:39.295+0000] {processor.py:840} INFO - DAG(s) 'example_branch_dop_operator_v3' retrieved from /home/airflow/.local/lib/python3.12/site-packages/airflow/example_dags/example_branch_python_dop_operator_3.py
[2024-05-13T01:30:39.302+0000] {logging_mixin.py:188} INFO - [2024-05-13T01:30:39.301+0000] {dag.py:3096} INFO - Sync 1 DAGs
[2024-05-13T01:30:39.309+0000] {logging_mixin.py:188} INFO - [2024-05-13T01:30:39.309+0000] {dag.py:3954} INFO - Setting next_dagrun for example_branch_dop_operator_v3 to 2024-05-13 01:29:00+00:00, run_after=2024-05-13 01:30:00+00:00
[2024-05-13T01:30:39.315+0000] {processor.py:183} INFO - Processing /home/airflow/.local/lib/python3.12/site-packages/airflow/example_dags/example_branch_python_dop_operator_3.py took 0.026 seconds
[2024-05-13T01:31:09.599+0000] {processor.py:161} INFO - Started process (PID=738) to work on /home/airflow/.local/lib/python3.12/site-packages/airflow/example_dags/example_branch_python_dop_operator_3.py
[2024-05-13T01:31:09.600+0000] {processor.py:830} INFO - Processing file /home/airflow/.local/lib/python3.12/site-packages/airflow/example_dags/example_branch_python_dop_operator_3.py for tasks to queue
[2024-05-13T01:31:09.600+0000] {logging_mixin.py:188} INFO - [2024-05-13T01:31:09.600+0000] {dagbag.py:545} INFO - Filling up the DagBag from /home/airflow/.local/lib/python3.12/site-packages/airflow/example_dags/example_branch_python_dop_operator_3.py
[2024-05-13T01:31:09.604+0000] {processor.py:840} INFO - DAG(s) 'example_branch_dop_operator_v3' retrieved from /home/airflow/.local/lib/python3.12/site-packages/airflow/example_dags/example_branch_python_dop_operator_3.py
[2024-05-13T01:31:09.611+0000] {logging_mixin.py:188} INFO - [2024-05-13T01:31:09.611+0000] {dag.py:3096} INFO - Sync 1 DAGs
[2024-05-13T01:31:09.620+0000] {logging_mixin.py:188} INFO - [2024-05-13T01:31:09.620+0000] {dag.py:3954} INFO - Setting next_dagrun for example_branch_dop_operator_v3 to 2024-05-13 01:30:00+00:00, run_after=2024-05-13 01:31:00+00:00
[2024-05-13T01:31:09.626+0000] {processor.py:183} INFO - Processing /home/airflow/.local/lib/python3.12/site-packages/airflow/example_dags/example_branch_python_dop_operator_3.py took 0.029 seconds
[2024-05-13T01:31:40.025+0000] {processor.py:161} INFO - Started process (PID=998) to work on /home/airflow/.local/lib/python3.12/site-packages/airflow/example_dags/example_branch_python_dop_operator_3.py
[2024-05-13T01:31:40.025+0000] {processor.py:830} INFO - Processing file /home/airflow/.local/lib/python3.12/site-packages/airflow/example_dags/example_branch_python_dop_operator_3.py for tasks to queue
[2024-05-13T01:31:40.026+0000] {logging_mixin.py:188} INFO - [2024-05-13T01:31:40.026+0000] {dagbag.py:545} INFO - Filling up the DagBag from /home/airflow/.local/lib/python3.12/site-packages/airflow/example_dags/example_branch_python_dop_operator_3.py
[2024-05-13T01:31:40.029+0000] {processor.py:840} INFO - DAG(s) 'example_branch_dop_operator_v3' retrieved from /home/airflow/.local/lib/python3.12/site-packages/airflow/example_dags/example_branch_python_dop_operator_3.py
[2024-05-13T01:31:40.036+0000] {logging_mixin.py:188} INFO - [2024-05-13T01:31:40.036+0000] {dag.py:3096} INFO - Sync 1 DAGs
[2024-05-13T01:31:40.044+0000] {logging_mixin.py:188} INFO - [2024-05-13T01:31:40.044+0000] {dag.py:3954} INFO - Setting next_dagrun for example_branch_dop_operator_v3 to 2024-05-13 01:30:00+00:00, run_after=2024-05-13 01:31:00+00:00
[2024-05-13T01:31:40.050+0000] {processor.py:183} INFO - Processing /home/airflow/.local/lib/python3.12/site-packages/airflow/example_dags/example_branch_python_dop_operator_3.py took 0.027 seconds
