[2024-05-13T01:30:09.237+0000] {processor.py:161} INFO - Started process (PID=222) to work on /home/airflow/.local/lib/python3.12/site-packages/airflow/example_dags/example_display_name.py
[2024-05-13T01:30:09.237+0000] {processor.py:830} INFO - Processing file /home/airflow/.local/lib/python3.12/site-packages/airflow/example_dags/example_display_name.py for tasks to queue
[2024-05-13T01:30:09.238+0000] {logging_mixin.py:188} INFO - [2024-05-13T01:30:09.238+0000] {dagbag.py:545} INFO - Filling up the DagBag from /home/airflow/.local/lib/python3.12/site-packages/airflow/example_dags/example_display_name.py
[2024-05-13T01:30:09.241+0000] {processor.py:840} INFO - DAG(s) 'example_display_name' retrieved from /home/airflow/.local/lib/python3.12/site-packages/airflow/example_dags/example_display_name.py
[2024-05-13T01:30:09.276+0000] {logging_mixin.py:188} INFO - [2024-05-13T01:30:09.275+0000] {override.py:1829} INFO - Created Permission View: can read on DAG:example_display_name
[2024-05-13T01:30:09.278+0000] {logging_mixin.py:188} INFO - [2024-05-13T01:30:09.278+0000] {override.py:1829} INFO - Created Permission View: can edit on DAG:example_display_name
[2024-05-13T01:30:09.280+0000] {logging_mixin.py:188} INFO - [2024-05-13T01:30:09.280+0000] {override.py:1829} INFO - Created Permission View: can delete on DAG:example_display_name
[2024-05-13T01:30:09.280+0000] {logging_mixin.py:188} INFO - [2024-05-13T01:30:09.280+0000] {dag.py:3096} INFO - Sync 1 DAGs
[2024-05-13T01:30:09.284+0000] {logging_mixin.py:188} INFO - [2024-05-13T01:30:09.284+0000] {dag.py:3118} INFO - Creating ORM DAG for example_display_name
[2024-05-13T01:30:09.284+0000] {logging_mixin.py:188} INFO - [2024-05-13T01:30:09.284+0000] {dag.py:3954} INFO - Setting next_dagrun for example_display_name to None, run_after=None
[2024-05-13T01:30:09.290+0000] {processor.py:183} INFO - Processing /home/airflow/.local/lib/python3.12/site-packages/airflow/example_dags/example_display_name.py took 0.055 seconds
[2024-05-13T01:30:39.358+0000] {processor.py:161} INFO - Started process (PID=486) to work on /home/airflow/.local/lib/python3.12/site-packages/airflow/example_dags/example_display_name.py
[2024-05-13T01:30:39.358+0000] {processor.py:830} INFO - Processing file /home/airflow/.local/lib/python3.12/site-packages/airflow/example_dags/example_display_name.py for tasks to queue
[2024-05-13T01:30:39.359+0000] {logging_mixin.py:188} INFO - [2024-05-13T01:30:39.359+0000] {dagbag.py:545} INFO - Filling up the DagBag from /home/airflow/.local/lib/python3.12/site-packages/airflow/example_dags/example_display_name.py
[2024-05-13T01:30:39.361+0000] {processor.py:840} INFO - DAG(s) 'example_display_name' retrieved from /home/airflow/.local/lib/python3.12/site-packages/airflow/example_dags/example_display_name.py
[2024-05-13T01:30:39.368+0000] {logging_mixin.py:188} INFO - [2024-05-13T01:30:39.368+0000] {dag.py:3096} INFO - Sync 1 DAGs
[2024-05-13T01:30:39.372+0000] {logging_mixin.py:188} INFO - [2024-05-13T01:30:39.372+0000] {dag.py:3954} INFO - Setting next_dagrun for example_display_name to None, run_after=None
[2024-05-13T01:30:39.378+0000] {processor.py:183} INFO - Processing /home/airflow/.local/lib/python3.12/site-packages/airflow/example_dags/example_display_name.py took 0.022 seconds
[2024-05-13T01:31:09.636+0000] {processor.py:161} INFO - Started process (PID=748) to work on /home/airflow/.local/lib/python3.12/site-packages/airflow/example_dags/example_display_name.py
[2024-05-13T01:31:09.636+0000] {processor.py:830} INFO - Processing file /home/airflow/.local/lib/python3.12/site-packages/airflow/example_dags/example_display_name.py for tasks to queue
[2024-05-13T01:31:09.637+0000] {logging_mixin.py:188} INFO - [2024-05-13T01:31:09.637+0000] {dagbag.py:545} INFO - Filling up the DagBag from /home/airflow/.local/lib/python3.12/site-packages/airflow/example_dags/example_display_name.py
[2024-05-13T01:31:09.639+0000] {processor.py:840} INFO - DAG(s) 'example_display_name' retrieved from /home/airflow/.local/lib/python3.12/site-packages/airflow/example_dags/example_display_name.py
[2024-05-13T01:31:09.646+0000] {logging_mixin.py:188} INFO - [2024-05-13T01:31:09.646+0000] {dag.py:3096} INFO - Sync 1 DAGs
[2024-05-13T01:31:09.650+0000] {logging_mixin.py:188} INFO - [2024-05-13T01:31:09.650+0000] {dag.py:3954} INFO - Setting next_dagrun for example_display_name to None, run_after=None
[2024-05-13T01:31:09.655+0000] {processor.py:183} INFO - Processing /home/airflow/.local/lib/python3.12/site-packages/airflow/example_dags/example_display_name.py took 0.022 seconds
[2024-05-13T01:31:40.092+0000] {processor.py:161} INFO - Started process (PID=1010) to work on /home/airflow/.local/lib/python3.12/site-packages/airflow/example_dags/example_display_name.py
[2024-05-13T01:31:40.092+0000] {processor.py:830} INFO - Processing file /home/airflow/.local/lib/python3.12/site-packages/airflow/example_dags/example_display_name.py for tasks to queue
[2024-05-13T01:31:40.093+0000] {logging_mixin.py:188} INFO - [2024-05-13T01:31:40.093+0000] {dagbag.py:545} INFO - Filling up the DagBag from /home/airflow/.local/lib/python3.12/site-packages/airflow/example_dags/example_display_name.py
[2024-05-13T01:31:40.095+0000] {processor.py:840} INFO - DAG(s) 'example_display_name' retrieved from /home/airflow/.local/lib/python3.12/site-packages/airflow/example_dags/example_display_name.py
[2024-05-13T01:31:40.102+0000] {logging_mixin.py:188} INFO - [2024-05-13T01:31:40.102+0000] {dag.py:3096} INFO - Sync 1 DAGs
[2024-05-13T01:31:40.107+0000] {logging_mixin.py:188} INFO - [2024-05-13T01:31:40.107+0000] {dag.py:3954} INFO - Setting next_dagrun for example_display_name to None, run_after=None
[2024-05-13T01:31:40.113+0000] {processor.py:183} INFO - Processing /home/airflow/.local/lib/python3.12/site-packages/airflow/example_dags/example_display_name.py took 0.024 seconds
