[2024-05-13T01:30:09.593+0000] {processor.py:161} INFO - Started process (PID=257) to work on /home/airflow/.local/lib/python3.12/site-packages/airflow/example_dags/example_setup_teardown.py
[2024-05-13T01:30:09.593+0000] {processor.py:830} INFO - Processing file /home/airflow/.local/lib/python3.12/site-packages/airflow/example_dags/example_setup_teardown.py for tasks to queue
[2024-05-13T01:30:09.594+0000] {logging_mixin.py:188} INFO - [2024-05-13T01:30:09.594+0000] {dagbag.py:545} INFO - Filling up the DagBag from /home/airflow/.local/lib/python3.12/site-packages/airflow/example_dags/example_setup_teardown.py
[2024-05-13T01:30:09.598+0000] {processor.py:840} INFO - DAG(s) 'example_setup_teardown' retrieved from /home/airflow/.local/lib/python3.12/site-packages/airflow/example_dags/example_setup_teardown.py
[2024-05-13T01:30:09.634+0000] {logging_mixin.py:188} INFO - [2024-05-13T01:30:09.634+0000] {override.py:1829} INFO - Created Permission View: can read on DAG:example_setup_teardown
[2024-05-13T01:30:09.638+0000] {logging_mixin.py:188} INFO - [2024-05-13T01:30:09.638+0000] {override.py:1829} INFO - Created Permission View: can edit on DAG:example_setup_teardown
[2024-05-13T01:30:09.640+0000] {logging_mixin.py:188} INFO - [2024-05-13T01:30:09.639+0000] {override.py:1829} INFO - Created Permission View: can delete on DAG:example_setup_teardown
[2024-05-13T01:30:09.640+0000] {logging_mixin.py:188} INFO - [2024-05-13T01:30:09.640+0000] {dag.py:3096} INFO - Sync 1 DAGs
[2024-05-13T01:30:09.643+0000] {logging_mixin.py:188} INFO - [2024-05-13T01:30:09.643+0000] {dag.py:3118} INFO - Creating ORM DAG for example_setup_teardown
[2024-05-13T01:30:09.647+0000] {logging_mixin.py:188} INFO - [2024-05-13T01:30:09.647+0000] {dag.py:3954} INFO - Setting next_dagrun for example_setup_teardown to 2024-05-12 00:00:00+00:00, run_after=2024-05-13 00:00:00+00:00
[2024-05-13T01:30:09.652+0000] {processor.py:183} INFO - Processing /home/airflow/.local/lib/python3.12/site-packages/airflow/example_dags/example_setup_teardown.py took 0.061 seconds
[2024-05-13T01:30:40.509+0000] {processor.py:161} INFO - Started process (PID=519) to work on /home/airflow/.local/lib/python3.12/site-packages/airflow/example_dags/example_setup_teardown.py
[2024-05-13T01:30:40.510+0000] {processor.py:830} INFO - Processing file /home/airflow/.local/lib/python3.12/site-packages/airflow/example_dags/example_setup_teardown.py for tasks to queue
[2024-05-13T01:30:40.510+0000] {logging_mixin.py:188} INFO - [2024-05-13T01:30:40.510+0000] {dagbag.py:545} INFO - Filling up the DagBag from /home/airflow/.local/lib/python3.12/site-packages/airflow/example_dags/example_setup_teardown.py
[2024-05-13T01:30:40.513+0000] {processor.py:840} INFO - DAG(s) 'example_setup_teardown' retrieved from /home/airflow/.local/lib/python3.12/site-packages/airflow/example_dags/example_setup_teardown.py
[2024-05-13T01:30:40.520+0000] {logging_mixin.py:188} INFO - [2024-05-13T01:30:40.520+0000] {dag.py:3096} INFO - Sync 1 DAGs
[2024-05-13T01:30:40.528+0000] {logging_mixin.py:188} INFO - [2024-05-13T01:30:40.528+0000] {dag.py:3954} INFO - Setting next_dagrun for example_setup_teardown to 2024-05-12 00:00:00+00:00, run_after=2024-05-13 00:00:00+00:00
[2024-05-13T01:30:40.534+0000] {processor.py:183} INFO - Processing /home/airflow/.local/lib/python3.12/site-packages/airflow/example_dags/example_setup_teardown.py took 0.027 seconds
[2024-05-13T01:31:10.824+0000] {processor.py:161} INFO - Started process (PID=781) to work on /home/airflow/.local/lib/python3.12/site-packages/airflow/example_dags/example_setup_teardown.py
[2024-05-13T01:31:10.825+0000] {processor.py:830} INFO - Processing file /home/airflow/.local/lib/python3.12/site-packages/airflow/example_dags/example_setup_teardown.py for tasks to queue
[2024-05-13T01:31:10.825+0000] {logging_mixin.py:188} INFO - [2024-05-13T01:31:10.825+0000] {dagbag.py:545} INFO - Filling up the DagBag from /home/airflow/.local/lib/python3.12/site-packages/airflow/example_dags/example_setup_teardown.py
[2024-05-13T01:31:10.828+0000] {processor.py:840} INFO - DAG(s) 'example_setup_teardown' retrieved from /home/airflow/.local/lib/python3.12/site-packages/airflow/example_dags/example_setup_teardown.py
[2024-05-13T01:31:10.838+0000] {logging_mixin.py:188} INFO - [2024-05-13T01:31:10.838+0000] {dag.py:3096} INFO - Sync 1 DAGs
[2024-05-13T01:31:10.851+0000] {logging_mixin.py:188} INFO - [2024-05-13T01:31:10.851+0000] {dag.py:3954} INFO - Setting next_dagrun for example_setup_teardown to 2024-05-12 00:00:00+00:00, run_after=2024-05-13 00:00:00+00:00
[2024-05-13T01:31:10.858+0000] {processor.py:183} INFO - Processing /home/airflow/.local/lib/python3.12/site-packages/airflow/example_dags/example_setup_teardown.py took 0.037 seconds
[2024-05-13T01:31:41.262+0000] {processor.py:161} INFO - Started process (PID=1043) to work on /home/airflow/.local/lib/python3.12/site-packages/airflow/example_dags/example_setup_teardown.py
[2024-05-13T01:31:41.263+0000] {processor.py:830} INFO - Processing file /home/airflow/.local/lib/python3.12/site-packages/airflow/example_dags/example_setup_teardown.py for tasks to queue
[2024-05-13T01:31:41.263+0000] {logging_mixin.py:188} INFO - [2024-05-13T01:31:41.263+0000] {dagbag.py:545} INFO - Filling up the DagBag from /home/airflow/.local/lib/python3.12/site-packages/airflow/example_dags/example_setup_teardown.py
[2024-05-13T01:31:41.266+0000] {processor.py:840} INFO - DAG(s) 'example_setup_teardown' retrieved from /home/airflow/.local/lib/python3.12/site-packages/airflow/example_dags/example_setup_teardown.py
[2024-05-13T01:31:41.277+0000] {logging_mixin.py:188} INFO - [2024-05-13T01:31:41.277+0000] {dag.py:3096} INFO - Sync 1 DAGs
[2024-05-13T01:31:41.287+0000] {logging_mixin.py:188} INFO - [2024-05-13T01:31:41.287+0000] {dag.py:3954} INFO - Setting next_dagrun for example_setup_teardown to 2024-05-12 00:00:00+00:00, run_after=2024-05-13 00:00:00+00:00
[2024-05-13T01:31:41.294+0000] {processor.py:183} INFO - Processing /home/airflow/.local/lib/python3.12/site-packages/airflow/example_dags/example_setup_teardown.py took 0.034 seconds
