[2024-05-13T01:30:09.961+0000] {processor.py:161} INFO - Started process (PID=307) to work on /home/airflow/.local/lib/python3.12/site-packages/airflow/example_dags/example_time_delta_sensor_async.py
[2024-05-13T01:30:09.962+0000] {processor.py:830} INFO - Processing file /home/airflow/.local/lib/python3.12/site-packages/airflow/example_dags/example_time_delta_sensor_async.py for tasks to queue
[2024-05-13T01:30:09.962+0000] {logging_mixin.py:188} INFO - [2024-05-13T01:30:09.962+0000] {dagbag.py:545} INFO - Filling up the DagBag from /home/airflow/.local/lib/python3.12/site-packages/airflow/example_dags/example_time_delta_sensor_async.py
[2024-05-13T01:30:09.965+0000] {processor.py:840} INFO - DAG(s) 'example_time_delta_sensor_async' retrieved from /home/airflow/.local/lib/python3.12/site-packages/airflow/example_dags/example_time_delta_sensor_async.py
[2024-05-13T01:30:10.003+0000] {logging_mixin.py:188} INFO - [2024-05-13T01:30:10.002+0000] {override.py:1829} INFO - Created Permission View: can read on DAG:example_time_delta_sensor_async
[2024-05-13T01:30:10.006+0000] {logging_mixin.py:188} INFO - [2024-05-13T01:30:10.006+0000] {override.py:1829} INFO - Created Permission View: can edit on DAG:example_time_delta_sensor_async
[2024-05-13T01:30:10.007+0000] {logging_mixin.py:188} INFO - [2024-05-13T01:30:10.007+0000] {override.py:1829} INFO - Created Permission View: can delete on DAG:example_time_delta_sensor_async
[2024-05-13T01:30:10.008+0000] {logging_mixin.py:188} INFO - [2024-05-13T01:30:10.008+0000] {dag.py:3096} INFO - Sync 1 DAGs
[2024-05-13T01:30:10.011+0000] {logging_mixin.py:188} INFO - [2024-05-13T01:30:10.011+0000] {dag.py:3118} INFO - Creating ORM DAG for example_time_delta_sensor_async
[2024-05-13T01:30:10.011+0000] {logging_mixin.py:188} INFO - [2024-05-13T01:30:10.011+0000] {dag.py:3954} INFO - Setting next_dagrun for example_time_delta_sensor_async to None, run_after=None
[2024-05-13T01:30:10.016+0000] {processor.py:183} INFO - Processing /home/airflow/.local/lib/python3.12/site-packages/airflow/example_dags/example_time_delta_sensor_async.py took 0.057 seconds
[2024-05-13T01:30:40.712+0000] {processor.py:161} INFO - Started process (PID=569) to work on /home/airflow/.local/lib/python3.12/site-packages/airflow/example_dags/example_time_delta_sensor_async.py
[2024-05-13T01:30:40.712+0000] {processor.py:830} INFO - Processing file /home/airflow/.local/lib/python3.12/site-packages/airflow/example_dags/example_time_delta_sensor_async.py for tasks to queue
[2024-05-13T01:30:40.713+0000] {logging_mixin.py:188} INFO - [2024-05-13T01:30:40.713+0000] {dagbag.py:545} INFO - Filling up the DagBag from /home/airflow/.local/lib/python3.12/site-packages/airflow/example_dags/example_time_delta_sensor_async.py
[2024-05-13T01:30:40.715+0000] {processor.py:840} INFO - DAG(s) 'example_time_delta_sensor_async' retrieved from /home/airflow/.local/lib/python3.12/site-packages/airflow/example_dags/example_time_delta_sensor_async.py
[2024-05-13T01:30:40.723+0000] {logging_mixin.py:188} INFO - [2024-05-13T01:30:40.723+0000] {dag.py:3096} INFO - Sync 1 DAGs
[2024-05-13T01:30:40.728+0000] {logging_mixin.py:188} INFO - [2024-05-13T01:30:40.728+0000] {dag.py:3954} INFO - Setting next_dagrun for example_time_delta_sensor_async to None, run_after=None
[2024-05-13T01:30:40.735+0000] {processor.py:183} INFO - Processing /home/airflow/.local/lib/python3.12/site-packages/airflow/example_dags/example_time_delta_sensor_async.py took 0.025 seconds
[2024-05-13T01:31:11.045+0000] {processor.py:161} INFO - Started process (PID=831) to work on /home/airflow/.local/lib/python3.12/site-packages/airflow/example_dags/example_time_delta_sensor_async.py
[2024-05-13T01:31:11.046+0000] {processor.py:830} INFO - Processing file /home/airflow/.local/lib/python3.12/site-packages/airflow/example_dags/example_time_delta_sensor_async.py for tasks to queue
[2024-05-13T01:31:11.046+0000] {logging_mixin.py:188} INFO - [2024-05-13T01:31:11.046+0000] {dagbag.py:545} INFO - Filling up the DagBag from /home/airflow/.local/lib/python3.12/site-packages/airflow/example_dags/example_time_delta_sensor_async.py
[2024-05-13T01:31:11.048+0000] {processor.py:840} INFO - DAG(s) 'example_time_delta_sensor_async' retrieved from /home/airflow/.local/lib/python3.12/site-packages/airflow/example_dags/example_time_delta_sensor_async.py
[2024-05-13T01:31:11.056+0000] {logging_mixin.py:188} INFO - [2024-05-13T01:31:11.056+0000] {dag.py:3096} INFO - Sync 1 DAGs
[2024-05-13T01:31:11.060+0000] {logging_mixin.py:188} INFO - [2024-05-13T01:31:11.060+0000] {dag.py:3954} INFO - Setting next_dagrun for example_time_delta_sensor_async to None, run_after=None
[2024-05-13T01:31:11.067+0000] {processor.py:183} INFO - Processing /home/airflow/.local/lib/python3.12/site-packages/airflow/example_dags/example_time_delta_sensor_async.py took 0.024 seconds
[2024-05-13T01:31:41.470+0000] {processor.py:161} INFO - Started process (PID=1093) to work on /home/airflow/.local/lib/python3.12/site-packages/airflow/example_dags/example_time_delta_sensor_async.py
[2024-05-13T01:31:41.470+0000] {processor.py:830} INFO - Processing file /home/airflow/.local/lib/python3.12/site-packages/airflow/example_dags/example_time_delta_sensor_async.py for tasks to queue
[2024-05-13T01:31:41.471+0000] {logging_mixin.py:188} INFO - [2024-05-13T01:31:41.471+0000] {dagbag.py:545} INFO - Filling up the DagBag from /home/airflow/.local/lib/python3.12/site-packages/airflow/example_dags/example_time_delta_sensor_async.py
[2024-05-13T01:31:41.473+0000] {processor.py:840} INFO - DAG(s) 'example_time_delta_sensor_async' retrieved from /home/airflow/.local/lib/python3.12/site-packages/airflow/example_dags/example_time_delta_sensor_async.py
[2024-05-13T01:31:41.481+0000] {logging_mixin.py:188} INFO - [2024-05-13T01:31:41.481+0000] {dag.py:3096} INFO - Sync 1 DAGs
[2024-05-13T01:31:41.487+0000] {logging_mixin.py:188} INFO - [2024-05-13T01:31:41.487+0000] {dag.py:3954} INFO - Setting next_dagrun for example_time_delta_sensor_async to None, run_after=None
[2024-05-13T01:31:41.494+0000] {processor.py:183} INFO - Processing /home/airflow/.local/lib/python3.12/site-packages/airflow/example_dags/example_time_delta_sensor_async.py took 0.027 seconds
