[2024-05-13T01:30:09.522+0000] {processor.py:161} INFO - Started process (PID=249) to work on /home/airflow/.local/lib/python3.12/site-packages/airflow/example_dags/example_sensors.py
[2024-05-13T01:30:09.522+0000] {processor.py:830} INFO - Processing file /home/airflow/.local/lib/python3.12/site-packages/airflow/example_dags/example_sensors.py for tasks to queue
[2024-05-13T01:30:09.523+0000] {logging_mixin.py:188} INFO - [2024-05-13T01:30:09.523+0000] {dagbag.py:545} INFO - Filling up the DagBag from /home/airflow/.local/lib/python3.12/site-packages/airflow/example_dags/example_sensors.py
[2024-05-13T01:30:09.527+0000] {processor.py:840} INFO - DAG(s) 'example_sensors' retrieved from /home/airflow/.local/lib/python3.12/site-packages/airflow/example_dags/example_sensors.py
[2024-05-13T01:30:09.567+0000] {logging_mixin.py:188} INFO - [2024-05-13T01:30:09.567+0000] {override.py:1829} INFO - Created Permission View: can read on DAG:example_sensors
[2024-05-13T01:30:09.571+0000] {logging_mixin.py:188} INFO - [2024-05-13T01:30:09.571+0000] {override.py:1829} INFO - Created Permission View: can edit on DAG:example_sensors
[2024-05-13T01:30:09.573+0000] {logging_mixin.py:188} INFO - [2024-05-13T01:30:09.573+0000] {override.py:1829} INFO - Created Permission View: can delete on DAG:example_sensors
[2024-05-13T01:30:09.573+0000] {logging_mixin.py:188} INFO - [2024-05-13T01:30:09.573+0000] {dag.py:3096} INFO - Sync 1 DAGs
[2024-05-13T01:30:09.577+0000] {logging_mixin.py:188} INFO - [2024-05-13T01:30:09.577+0000] {dag.py:3118} INFO - Creating ORM DAG for example_sensors
[2024-05-13T01:30:09.577+0000] {logging_mixin.py:188} INFO - [2024-05-13T01:30:09.577+0000] {dag.py:3954} INFO - Setting next_dagrun for example_sensors to None, run_after=None
[2024-05-13T01:30:09.582+0000] {processor.py:183} INFO - Processing /home/airflow/.local/lib/python3.12/site-packages/airflow/example_dags/example_sensors.py took 0.063 seconds
[2024-05-13T01:30:40.473+0000] {processor.py:161} INFO - Started process (PID=509) to work on /home/airflow/.local/lib/python3.12/site-packages/airflow/example_dags/example_sensors.py
[2024-05-13T01:30:40.474+0000] {processor.py:830} INFO - Processing file /home/airflow/.local/lib/python3.12/site-packages/airflow/example_dags/example_sensors.py for tasks to queue
[2024-05-13T01:30:40.474+0000] {logging_mixin.py:188} INFO - [2024-05-13T01:30:40.474+0000] {dagbag.py:545} INFO - Filling up the DagBag from /home/airflow/.local/lib/python3.12/site-packages/airflow/example_dags/example_sensors.py
[2024-05-13T01:30:40.478+0000] {processor.py:840} INFO - DAG(s) 'example_sensors' retrieved from /home/airflow/.local/lib/python3.12/site-packages/airflow/example_dags/example_sensors.py
[2024-05-13T01:30:40.487+0000] {logging_mixin.py:188} INFO - [2024-05-13T01:30:40.487+0000] {dag.py:3096} INFO - Sync 1 DAGs
[2024-05-13T01:30:40.491+0000] {logging_mixin.py:188} INFO - [2024-05-13T01:30:40.491+0000] {dag.py:3954} INFO - Setting next_dagrun for example_sensors to None, run_after=None
[2024-05-13T01:30:40.498+0000] {processor.py:183} INFO - Processing /home/airflow/.local/lib/python3.12/site-packages/airflow/example_dags/example_sensors.py took 0.026 seconds
[2024-05-13T01:31:10.786+0000] {processor.py:161} INFO - Started process (PID=773) to work on /home/airflow/.local/lib/python3.12/site-packages/airflow/example_dags/example_sensors.py
[2024-05-13T01:31:10.786+0000] {processor.py:830} INFO - Processing file /home/airflow/.local/lib/python3.12/site-packages/airflow/example_dags/example_sensors.py for tasks to queue
[2024-05-13T01:31:10.787+0000] {logging_mixin.py:188} INFO - [2024-05-13T01:31:10.787+0000] {dagbag.py:545} INFO - Filling up the DagBag from /home/airflow/.local/lib/python3.12/site-packages/airflow/example_dags/example_sensors.py
[2024-05-13T01:31:10.791+0000] {processor.py:840} INFO - DAG(s) 'example_sensors' retrieved from /home/airflow/.local/lib/python3.12/site-packages/airflow/example_dags/example_sensors.py
[2024-05-13T01:31:10.801+0000] {logging_mixin.py:188} INFO - [2024-05-13T01:31:10.801+0000] {dag.py:3096} INFO - Sync 1 DAGs
[2024-05-13T01:31:10.807+0000] {logging_mixin.py:188} INFO - [2024-05-13T01:31:10.807+0000] {dag.py:3954} INFO - Setting next_dagrun for example_sensors to None, run_after=None
[2024-05-13T01:31:10.814+0000] {processor.py:183} INFO - Processing /home/airflow/.local/lib/python3.12/site-packages/airflow/example_dags/example_sensors.py took 0.031 seconds
[2024-05-13T01:31:41.226+0000] {processor.py:161} INFO - Started process (PID=1035) to work on /home/airflow/.local/lib/python3.12/site-packages/airflow/example_dags/example_sensors.py
[2024-05-13T01:31:41.226+0000] {processor.py:830} INFO - Processing file /home/airflow/.local/lib/python3.12/site-packages/airflow/example_dags/example_sensors.py for tasks to queue
[2024-05-13T01:31:41.227+0000] {logging_mixin.py:188} INFO - [2024-05-13T01:31:41.227+0000] {dagbag.py:545} INFO - Filling up the DagBag from /home/airflow/.local/lib/python3.12/site-packages/airflow/example_dags/example_sensors.py
[2024-05-13T01:31:41.231+0000] {processor.py:840} INFO - DAG(s) 'example_sensors' retrieved from /home/airflow/.local/lib/python3.12/site-packages/airflow/example_dags/example_sensors.py
[2024-05-13T01:31:41.241+0000] {logging_mixin.py:188} INFO - [2024-05-13T01:31:41.241+0000] {dag.py:3096} INFO - Sync 1 DAGs
[2024-05-13T01:31:41.246+0000] {logging_mixin.py:188} INFO - [2024-05-13T01:31:41.246+0000] {dag.py:3954} INFO - Setting next_dagrun for example_sensors to None, run_after=None
[2024-05-13T01:31:41.252+0000] {processor.py:183} INFO - Processing /home/airflow/.local/lib/python3.12/site-packages/airflow/example_dags/example_sensors.py took 0.029 seconds
