[2024-05-13T01:30:09.376+0000] {processor.py:161} INFO - Started process (PID=234) to work on /home/airflow/.local/lib/python3.12/site-packages/airflow/example_dags/example_short_circuit_operator.py
[2024-05-13T01:30:09.376+0000] {processor.py:830} INFO - Processing file /home/airflow/.local/lib/python3.12/site-packages/airflow/example_dags/example_short_circuit_operator.py for tasks to queue
[2024-05-13T01:30:09.377+0000] {logging_mixin.py:188} INFO - [2024-05-13T01:30:09.377+0000] {dagbag.py:545} INFO - Filling up the DagBag from /home/airflow/.local/lib/python3.12/site-packages/airflow/example_dags/example_short_circuit_operator.py
[2024-05-13T01:30:09.381+0000] {processor.py:840} INFO - DAG(s) 'example_short_circuit_operator' retrieved from /home/airflow/.local/lib/python3.12/site-packages/airflow/example_dags/example_short_circuit_operator.py
[2024-05-13T01:30:09.420+0000] {logging_mixin.py:188} INFO - [2024-05-13T01:30:09.420+0000] {override.py:1829} INFO - Created Permission View: can read on DAG:example_short_circuit_operator
[2024-05-13T01:30:09.423+0000] {logging_mixin.py:188} INFO - [2024-05-13T01:30:09.423+0000] {override.py:1829} INFO - Created Permission View: can edit on DAG:example_short_circuit_operator
[2024-05-13T01:30:09.426+0000] {logging_mixin.py:188} INFO - [2024-05-13T01:30:09.425+0000] {override.py:1829} INFO - Created Permission View: can delete on DAG:example_short_circuit_operator
[2024-05-13T01:30:09.426+0000] {logging_mixin.py:188} INFO - [2024-05-13T01:30:09.426+0000] {dag.py:3096} INFO - Sync 1 DAGs
[2024-05-13T01:30:09.430+0000] {logging_mixin.py:188} INFO - [2024-05-13T01:30:09.430+0000] {dag.py:3118} INFO - Creating ORM DAG for example_short_circuit_operator
[2024-05-13T01:30:09.434+0000] {logging_mixin.py:188} INFO - [2024-05-13T01:30:09.434+0000] {dag.py:3954} INFO - Setting next_dagrun for example_short_circuit_operator to 2024-05-12 00:00:00+00:00, run_after=2024-05-13 00:00:00+00:00
[2024-05-13T01:30:09.440+0000] {processor.py:183} INFO - Processing /home/airflow/.local/lib/python3.12/site-packages/airflow/example_dags/example_short_circuit_operator.py took 0.066 seconds
[2024-05-13T01:30:40.418+0000] {processor.py:161} INFO - Started process (PID=496) to work on /home/airflow/.local/lib/python3.12/site-packages/airflow/example_dags/example_short_circuit_operator.py
[2024-05-13T01:30:40.420+0000] {processor.py:830} INFO - Processing file /home/airflow/.local/lib/python3.12/site-packages/airflow/example_dags/example_short_circuit_operator.py for tasks to queue
[2024-05-13T01:30:40.421+0000] {logging_mixin.py:188} INFO - [2024-05-13T01:30:40.421+0000] {dagbag.py:545} INFO - Filling up the DagBag from /home/airflow/.local/lib/python3.12/site-packages/airflow/example_dags/example_short_circuit_operator.py
[2024-05-13T01:30:40.428+0000] {processor.py:840} INFO - DAG(s) 'example_short_circuit_operator' retrieved from /home/airflow/.local/lib/python3.12/site-packages/airflow/example_dags/example_short_circuit_operator.py
[2024-05-13T01:30:40.442+0000] {logging_mixin.py:188} INFO - [2024-05-13T01:30:40.442+0000] {dag.py:3096} INFO - Sync 1 DAGs
[2024-05-13T01:30:40.453+0000] {logging_mixin.py:188} INFO - [2024-05-13T01:30:40.453+0000] {dag.py:3954} INFO - Setting next_dagrun for example_short_circuit_operator to 2024-05-12 00:00:00+00:00, run_after=2024-05-13 00:00:00+00:00
[2024-05-13T01:30:40.461+0000] {processor.py:183} INFO - Processing /home/airflow/.local/lib/python3.12/site-packages/airflow/example_dags/example_short_circuit_operator.py took 0.049 seconds
[2024-05-13T01:31:10.688+0000] {processor.py:161} INFO - Started process (PID=758) to work on /home/airflow/.local/lib/python3.12/site-packages/airflow/example_dags/example_short_circuit_operator.py
[2024-05-13T01:31:10.689+0000] {processor.py:830} INFO - Processing file /home/airflow/.local/lib/python3.12/site-packages/airflow/example_dags/example_short_circuit_operator.py for tasks to queue
[2024-05-13T01:31:10.690+0000] {logging_mixin.py:188} INFO - [2024-05-13T01:31:10.690+0000] {dagbag.py:545} INFO - Filling up the DagBag from /home/airflow/.local/lib/python3.12/site-packages/airflow/example_dags/example_short_circuit_operator.py
[2024-05-13T01:31:10.697+0000] {processor.py:840} INFO - DAG(s) 'example_short_circuit_operator' retrieved from /home/airflow/.local/lib/python3.12/site-packages/airflow/example_dags/example_short_circuit_operator.py
[2024-05-13T01:31:10.714+0000] {logging_mixin.py:188} INFO - [2024-05-13T01:31:10.713+0000] {dag.py:3096} INFO - Sync 1 DAGs
[2024-05-13T01:31:10.725+0000] {logging_mixin.py:188} INFO - [2024-05-13T01:31:10.725+0000] {dag.py:3954} INFO - Setting next_dagrun for example_short_circuit_operator to 2024-05-12 00:00:00+00:00, run_after=2024-05-13 00:00:00+00:00
[2024-05-13T01:31:10.735+0000] {processor.py:183} INFO - Processing /home/airflow/.local/lib/python3.12/site-packages/airflow/example_dags/example_short_circuit_operator.py took 0.053 seconds
[2024-05-13T01:31:41.127+0000] {processor.py:161} INFO - Started process (PID=1020) to work on /home/airflow/.local/lib/python3.12/site-packages/airflow/example_dags/example_short_circuit_operator.py
[2024-05-13T01:31:41.128+0000] {processor.py:830} INFO - Processing file /home/airflow/.local/lib/python3.12/site-packages/airflow/example_dags/example_short_circuit_operator.py for tasks to queue
[2024-05-13T01:31:41.130+0000] {logging_mixin.py:188} INFO - [2024-05-13T01:31:41.130+0000] {dagbag.py:545} INFO - Filling up the DagBag from /home/airflow/.local/lib/python3.12/site-packages/airflow/example_dags/example_short_circuit_operator.py
[2024-05-13T01:31:41.137+0000] {processor.py:840} INFO - DAG(s) 'example_short_circuit_operator' retrieved from /home/airflow/.local/lib/python3.12/site-packages/airflow/example_dags/example_short_circuit_operator.py
[2024-05-13T01:31:41.153+0000] {logging_mixin.py:188} INFO - [2024-05-13T01:31:41.153+0000] {dag.py:3096} INFO - Sync 1 DAGs
[2024-05-13T01:31:41.166+0000] {logging_mixin.py:188} INFO - [2024-05-13T01:31:41.166+0000] {dag.py:3954} INFO - Setting next_dagrun for example_short_circuit_operator to 2024-05-12 00:00:00+00:00, run_after=2024-05-13 00:00:00+00:00
[2024-05-13T01:31:41.175+0000] {processor.py:183} INFO - Processing /home/airflow/.local/lib/python3.12/site-packages/airflow/example_dags/example_short_circuit_operator.py took 0.056 seconds
