[2024-05-13T01:30:10.310+0000] {processor.py:161} INFO - Started process (PID=352) to work on /home/airflow/.local/lib/python3.12/site-packages/airflow/example_dags/example_trigger_target_dag.py
[2024-05-13T01:30:10.311+0000] {processor.py:830} INFO - Processing file /home/airflow/.local/lib/python3.12/site-packages/airflow/example_dags/example_trigger_target_dag.py for tasks to queue
[2024-05-13T01:30:10.311+0000] {logging_mixin.py:188} INFO - [2024-05-13T01:30:10.311+0000] {dagbag.py:545} INFO - Filling up the DagBag from /home/airflow/.local/lib/python3.12/site-packages/airflow/example_dags/example_trigger_target_dag.py
[2024-05-13T01:30:10.314+0000] {processor.py:840} INFO - DAG(s) 'example_trigger_target_dag' retrieved from /home/airflow/.local/lib/python3.12/site-packages/airflow/example_dags/example_trigger_target_dag.py
[2024-05-13T01:30:10.350+0000] {logging_mixin.py:188} INFO - [2024-05-13T01:30:10.349+0000] {override.py:1829} INFO - Created Permission View: can read on DAG:example_trigger_target_dag
[2024-05-13T01:30:10.352+0000] {logging_mixin.py:188} INFO - [2024-05-13T01:30:10.352+0000] {override.py:1829} INFO - Created Permission View: can edit on DAG:example_trigger_target_dag
[2024-05-13T01:30:10.354+0000] {logging_mixin.py:188} INFO - [2024-05-13T01:30:10.354+0000] {override.py:1829} INFO - Created Permission View: can delete on DAG:example_trigger_target_dag
[2024-05-13T01:30:10.354+0000] {logging_mixin.py:188} INFO - [2024-05-13T01:30:10.354+0000] {dag.py:3096} INFO - Sync 1 DAGs
[2024-05-13T01:30:10.357+0000] {logging_mixin.py:188} INFO - [2024-05-13T01:30:10.357+0000] {dag.py:3118} INFO - Creating ORM DAG for example_trigger_target_dag
[2024-05-13T01:30:10.358+0000] {logging_mixin.py:188} INFO - [2024-05-13T01:30:10.358+0000] {dag.py:3954} INFO - Setting next_dagrun for example_trigger_target_dag to None, run_after=None
[2024-05-13T01:30:10.363+0000] {processor.py:183} INFO - Processing /home/airflow/.local/lib/python3.12/site-packages/airflow/example_dags/example_trigger_target_dag.py took 0.055 seconds
[2024-05-13T01:30:40.876+0000] {processor.py:161} INFO - Started process (PID=614) to work on /home/airflow/.local/lib/python3.12/site-packages/airflow/example_dags/example_trigger_target_dag.py
[2024-05-13T01:30:40.876+0000] {processor.py:830} INFO - Processing file /home/airflow/.local/lib/python3.12/site-packages/airflow/example_dags/example_trigger_target_dag.py for tasks to queue
[2024-05-13T01:30:40.877+0000] {logging_mixin.py:188} INFO - [2024-05-13T01:30:40.877+0000] {dagbag.py:545} INFO - Filling up the DagBag from /home/airflow/.local/lib/python3.12/site-packages/airflow/example_dags/example_trigger_target_dag.py
[2024-05-13T01:30:40.879+0000] {processor.py:840} INFO - DAG(s) 'example_trigger_target_dag' retrieved from /home/airflow/.local/lib/python3.12/site-packages/airflow/example_dags/example_trigger_target_dag.py
[2024-05-13T01:30:40.889+0000] {logging_mixin.py:188} INFO - [2024-05-13T01:30:40.889+0000] {dag.py:3096} INFO - Sync 1 DAGs
[2024-05-13T01:30:40.893+0000] {logging_mixin.py:188} INFO - [2024-05-13T01:30:40.893+0000] {dag.py:3954} INFO - Setting next_dagrun for example_trigger_target_dag to None, run_after=None
[2024-05-13T01:30:40.899+0000] {processor.py:183} INFO - Processing /home/airflow/.local/lib/python3.12/site-packages/airflow/example_dags/example_trigger_target_dag.py took 0.026 seconds
[2024-05-13T01:31:11.217+0000] {processor.py:161} INFO - Started process (PID=876) to work on /home/airflow/.local/lib/python3.12/site-packages/airflow/example_dags/example_trigger_target_dag.py
[2024-05-13T01:31:11.218+0000] {processor.py:830} INFO - Processing file /home/airflow/.local/lib/python3.12/site-packages/airflow/example_dags/example_trigger_target_dag.py for tasks to queue
[2024-05-13T01:31:11.219+0000] {logging_mixin.py:188} INFO - [2024-05-13T01:31:11.219+0000] {dagbag.py:545} INFO - Filling up the DagBag from /home/airflow/.local/lib/python3.12/site-packages/airflow/example_dags/example_trigger_target_dag.py
[2024-05-13T01:31:11.222+0000] {processor.py:840} INFO - DAG(s) 'example_trigger_target_dag' retrieved from /home/airflow/.local/lib/python3.12/site-packages/airflow/example_dags/example_trigger_target_dag.py
[2024-05-13T01:31:11.229+0000] {logging_mixin.py:188} INFO - [2024-05-13T01:31:11.229+0000] {dag.py:3096} INFO - Sync 1 DAGs
[2024-05-13T01:31:11.234+0000] {logging_mixin.py:188} INFO - [2024-05-13T01:31:11.234+0000] {dag.py:3954} INFO - Setting next_dagrun for example_trigger_target_dag to None, run_after=None
[2024-05-13T01:31:11.241+0000] {processor.py:183} INFO - Processing /home/airflow/.local/lib/python3.12/site-packages/airflow/example_dags/example_trigger_target_dag.py took 0.027 seconds
[2024-05-13T01:31:41.637+0000] {processor.py:161} INFO - Started process (PID=1138) to work on /home/airflow/.local/lib/python3.12/site-packages/airflow/example_dags/example_trigger_target_dag.py
[2024-05-13T01:31:41.637+0000] {processor.py:830} INFO - Processing file /home/airflow/.local/lib/python3.12/site-packages/airflow/example_dags/example_trigger_target_dag.py for tasks to queue
[2024-05-13T01:31:41.638+0000] {logging_mixin.py:188} INFO - [2024-05-13T01:31:41.638+0000] {dagbag.py:545} INFO - Filling up the DagBag from /home/airflow/.local/lib/python3.12/site-packages/airflow/example_dags/example_trigger_target_dag.py
[2024-05-13T01:31:41.641+0000] {processor.py:840} INFO - DAG(s) 'example_trigger_target_dag' retrieved from /home/airflow/.local/lib/python3.12/site-packages/airflow/example_dags/example_trigger_target_dag.py
[2024-05-13T01:31:41.649+0000] {logging_mixin.py:188} INFO - [2024-05-13T01:31:41.648+0000] {dag.py:3096} INFO - Sync 1 DAGs
[2024-05-13T01:31:41.654+0000] {logging_mixin.py:188} INFO - [2024-05-13T01:31:41.654+0000] {dag.py:3954} INFO - Setting next_dagrun for example_trigger_target_dag to None, run_after=None
[2024-05-13T01:31:41.660+0000] {processor.py:183} INFO - Processing /home/airflow/.local/lib/python3.12/site-packages/airflow/example_dags/example_trigger_target_dag.py took 0.026 seconds
