[2024-05-13T01:30:09.451+0000] {processor.py:161} INFO - Started process (PID=244) to work on /home/airflow/.local/lib/python3.12/site-packages/airflow/example_dags/example_bash_decorator.py
[2024-05-13T01:30:09.451+0000] {processor.py:830} INFO - Processing file /home/airflow/.local/lib/python3.12/site-packages/airflow/example_dags/example_bash_decorator.py for tasks to queue
[2024-05-13T01:30:09.452+0000] {logging_mixin.py:188} INFO - [2024-05-13T01:30:09.452+0000] {dagbag.py:545} INFO - Filling up the DagBag from /home/airflow/.local/lib/python3.12/site-packages/airflow/example_dags/example_bash_decorator.py
[2024-05-13T01:30:09.459+0000] {processor.py:840} INFO - DAG(s) 'example_bash_decorator' retrieved from /home/airflow/.local/lib/python3.12/site-packages/airflow/example_dags/example_bash_decorator.py
[2024-05-13T01:30:09.496+0000] {logging_mixin.py:188} INFO - [2024-05-13T01:30:09.496+0000] {override.py:1829} INFO - Created Permission View: can read on DAG:example_bash_decorator
[2024-05-13T01:30:09.499+0000] {logging_mixin.py:188} INFO - [2024-05-13T01:30:09.499+0000] {override.py:1829} INFO - Created Permission View: can edit on DAG:example_bash_decorator
[2024-05-13T01:30:09.500+0000] {logging_mixin.py:188} INFO - [2024-05-13T01:30:09.500+0000] {override.py:1829} INFO - Created Permission View: can delete on DAG:example_bash_decorator
[2024-05-13T01:30:09.501+0000] {logging_mixin.py:188} INFO - [2024-05-13T01:30:09.501+0000] {dag.py:3096} INFO - Sync 1 DAGs
[2024-05-13T01:30:09.505+0000] {logging_mixin.py:188} INFO - [2024-05-13T01:30:09.504+0000] {dag.py:3118} INFO - Creating ORM DAG for example_bash_decorator
[2024-05-13T01:30:09.505+0000] {logging_mixin.py:188} INFO - [2024-05-13T01:30:09.505+0000] {dag.py:3954} INFO - Setting next_dagrun for example_bash_decorator to None, run_after=None
[2024-05-13T01:30:09.509+0000] {processor.py:183} INFO - Processing /home/airflow/.local/lib/python3.12/site-packages/airflow/example_dags/example_bash_decorator.py took 0.061 seconds
[2024-05-13T01:30:40.473+0000] {processor.py:161} INFO - Started process (PID=506) to work on /home/airflow/.local/lib/python3.12/site-packages/airflow/example_dags/example_bash_decorator.py
[2024-05-13T01:30:40.473+0000] {processor.py:830} INFO - Processing file /home/airflow/.local/lib/python3.12/site-packages/airflow/example_dags/example_bash_decorator.py for tasks to queue
[2024-05-13T01:30:40.474+0000] {logging_mixin.py:188} INFO - [2024-05-13T01:30:40.473+0000] {dagbag.py:545} INFO - Filling up the DagBag from /home/airflow/.local/lib/python3.12/site-packages/airflow/example_dags/example_bash_decorator.py
[2024-05-13T01:30:40.479+0000] {processor.py:840} INFO - DAG(s) 'example_bash_decorator' retrieved from /home/airflow/.local/lib/python3.12/site-packages/airflow/example_dags/example_bash_decorator.py
[2024-05-13T01:30:40.487+0000] {logging_mixin.py:188} INFO - [2024-05-13T01:30:40.487+0000] {dag.py:3096} INFO - Sync 1 DAGs
[2024-05-13T01:30:40.491+0000] {logging_mixin.py:188} INFO - [2024-05-13T01:30:40.491+0000] {dag.py:3954} INFO - Setting next_dagrun for example_bash_decorator to None, run_after=None
[2024-05-13T01:30:40.498+0000] {processor.py:183} INFO - Processing /home/airflow/.local/lib/python3.12/site-packages/airflow/example_dags/example_bash_decorator.py took 0.028 seconds
[2024-05-13T01:31:10.746+0000] {processor.py:161} INFO - Started process (PID=768) to work on /home/airflow/.local/lib/python3.12/site-packages/airflow/example_dags/example_bash_decorator.py
[2024-05-13T01:31:10.747+0000] {processor.py:830} INFO - Processing file /home/airflow/.local/lib/python3.12/site-packages/airflow/example_dags/example_bash_decorator.py for tasks to queue
[2024-05-13T01:31:10.747+0000] {logging_mixin.py:188} INFO - [2024-05-13T01:31:10.747+0000] {dagbag.py:545} INFO - Filling up the DagBag from /home/airflow/.local/lib/python3.12/site-packages/airflow/example_dags/example_bash_decorator.py
[2024-05-13T01:31:10.753+0000] {processor.py:840} INFO - DAG(s) 'example_bash_decorator' retrieved from /home/airflow/.local/lib/python3.12/site-packages/airflow/example_dags/example_bash_decorator.py
[2024-05-13T01:31:10.763+0000] {logging_mixin.py:188} INFO - [2024-05-13T01:31:10.762+0000] {dag.py:3096} INFO - Sync 1 DAGs
[2024-05-13T01:31:10.767+0000] {logging_mixin.py:188} INFO - [2024-05-13T01:31:10.767+0000] {dag.py:3954} INFO - Setting next_dagrun for example_bash_decorator to None, run_after=None
[2024-05-13T01:31:10.774+0000] {processor.py:183} INFO - Processing /home/airflow/.local/lib/python3.12/site-packages/airflow/example_dags/example_bash_decorator.py took 0.030 seconds
[2024-05-13T01:31:41.186+0000] {processor.py:161} INFO - Started process (PID=1030) to work on /home/airflow/.local/lib/python3.12/site-packages/airflow/example_dags/example_bash_decorator.py
[2024-05-13T01:31:41.187+0000] {processor.py:830} INFO - Processing file /home/airflow/.local/lib/python3.12/site-packages/airflow/example_dags/example_bash_decorator.py for tasks to queue
[2024-05-13T01:31:41.188+0000] {logging_mixin.py:188} INFO - [2024-05-13T01:31:41.188+0000] {dagbag.py:545} INFO - Filling up the DagBag from /home/airflow/.local/lib/python3.12/site-packages/airflow/example_dags/example_bash_decorator.py
[2024-05-13T01:31:41.193+0000] {processor.py:840} INFO - DAG(s) 'example_bash_decorator' retrieved from /home/airflow/.local/lib/python3.12/site-packages/airflow/example_dags/example_bash_decorator.py
[2024-05-13T01:31:41.202+0000] {logging_mixin.py:188} INFO - [2024-05-13T01:31:41.202+0000] {dag.py:3096} INFO - Sync 1 DAGs
[2024-05-13T01:31:41.206+0000] {logging_mixin.py:188} INFO - [2024-05-13T01:31:41.206+0000] {dag.py:3954} INFO - Setting next_dagrun for example_bash_decorator to None, run_after=None
[2024-05-13T01:31:41.214+0000] {processor.py:183} INFO - Processing /home/airflow/.local/lib/python3.12/site-packages/airflow/example_dags/example_bash_decorator.py took 0.030 seconds
