[2024-05-13T01:30:10.597+0000] {processor.py:161} INFO - Started process (PID=377) to work on /home/airflow/.local/lib/python3.12/site-packages/airflow/example_dags/example_datasets.py
[2024-05-13T01:30:10.598+0000] {processor.py:830} INFO - Processing file /home/airflow/.local/lib/python3.12/site-packages/airflow/example_dags/example_datasets.py for tasks to queue
[2024-05-13T01:30:10.599+0000] {logging_mixin.py:188} INFO - [2024-05-13T01:30:10.598+0000] {dagbag.py:545} INFO - Filling up the DagBag from /home/airflow/.local/lib/python3.12/site-packages/airflow/example_dags/example_datasets.py
[2024-05-13T01:30:10.605+0000] {processor.py:840} INFO - DAG(s) 'dataset_produces_2', 'dataset_produces_1', 'conditional_dataset_and_time_based_timetable', 'dataset_consumes_1_never_scheduled', 'consume_1_or_2_with_dataset_expressions', 'dataset_consumes_1_and_2', 'dataset_consumes_unknown_never_scheduled', 'dataset_consumes_1', 'consume_1_or_both_2_and_3_with_dataset_expressions', 'consume_1_and_2_with_dataset_expressions' retrieved from /home/airflow/.local/lib/python3.12/site-packages/airflow/example_dags/example_datasets.py
[2024-05-13T01:30:10.640+0000] {logging_mixin.py:188} INFO - [2024-05-13T01:30:10.640+0000] {override.py:1829} INFO - Created Permission View: can read on DAG:dataset_produces_2
[2024-05-13T01:30:10.643+0000] {logging_mixin.py:188} INFO - [2024-05-13T01:30:10.643+0000] {override.py:1829} INFO - Created Permission View: can edit on DAG:dataset_produces_2
[2024-05-13T01:30:10.646+0000] {logging_mixin.py:188} INFO - [2024-05-13T01:30:10.646+0000] {override.py:1829} INFO - Created Permission View: can delete on DAG:dataset_produces_2
[2024-05-13T01:30:10.649+0000] {logging_mixin.py:188} INFO - [2024-05-13T01:30:10.649+0000] {override.py:1829} INFO - Created Permission View: can read on DAG:dataset_produces_1
[2024-05-13T01:30:10.651+0000] {logging_mixin.py:188} INFO - [2024-05-13T01:30:10.651+0000] {override.py:1829} INFO - Created Permission View: can edit on DAG:dataset_produces_1
[2024-05-13T01:30:10.652+0000] {logging_mixin.py:188} INFO - [2024-05-13T01:30:10.652+0000] {override.py:1829} INFO - Created Permission View: can delete on DAG:dataset_produces_1
[2024-05-13T01:30:10.656+0000] {logging_mixin.py:188} INFO - [2024-05-13T01:30:10.656+0000] {override.py:1829} INFO - Created Permission View: can read on DAG:conditional_dataset_and_time_based_timetable
[2024-05-13T01:30:10.658+0000] {logging_mixin.py:188} INFO - [2024-05-13T01:30:10.658+0000] {override.py:1829} INFO - Created Permission View: can edit on DAG:conditional_dataset_and_time_based_timetable
[2024-05-13T01:30:10.660+0000] {logging_mixin.py:188} INFO - [2024-05-13T01:30:10.660+0000] {override.py:1829} INFO - Created Permission View: can delete on DAG:conditional_dataset_and_time_based_timetable
[2024-05-13T01:30:10.664+0000] {logging_mixin.py:188} INFO - [2024-05-13T01:30:10.663+0000] {override.py:1829} INFO - Created Permission View: can read on DAG:dataset_consumes_1_never_scheduled
[2024-05-13T01:30:10.665+0000] {logging_mixin.py:188} INFO - [2024-05-13T01:30:10.665+0000] {override.py:1829} INFO - Created Permission View: can edit on DAG:dataset_consumes_1_never_scheduled
[2024-05-13T01:30:10.668+0000] {logging_mixin.py:188} INFO - [2024-05-13T01:30:10.667+0000] {override.py:1829} INFO - Created Permission View: can delete on DAG:dataset_consumes_1_never_scheduled
[2024-05-13T01:30:10.671+0000] {logging_mixin.py:188} INFO - [2024-05-13T01:30:10.671+0000] {override.py:1829} INFO - Created Permission View: can read on DAG:consume_1_or_2_with_dataset_expressions
[2024-05-13T01:30:10.673+0000] {logging_mixin.py:188} INFO - [2024-05-13T01:30:10.673+0000] {override.py:1829} INFO - Created Permission View: can edit on DAG:consume_1_or_2_with_dataset_expressions
[2024-05-13T01:30:10.675+0000] {logging_mixin.py:188} INFO - [2024-05-13T01:30:10.675+0000] {override.py:1829} INFO - Created Permission View: can delete on DAG:consume_1_or_2_with_dataset_expressions
[2024-05-13T01:30:10.678+0000] {logging_mixin.py:188} INFO - [2024-05-13T01:30:10.678+0000] {override.py:1829} INFO - Created Permission View: can read on DAG:dataset_consumes_1_and_2
[2024-05-13T01:30:10.680+0000] {logging_mixin.py:188} INFO - [2024-05-13T01:30:10.680+0000] {override.py:1829} INFO - Created Permission View: can edit on DAG:dataset_consumes_1_and_2
[2024-05-13T01:30:10.681+0000] {logging_mixin.py:188} INFO - [2024-05-13T01:30:10.681+0000] {override.py:1829} INFO - Created Permission View: can delete on DAG:dataset_consumes_1_and_2
[2024-05-13T01:30:10.685+0000] {logging_mixin.py:188} INFO - [2024-05-13T01:30:10.685+0000] {override.py:1829} INFO - Created Permission View: can read on DAG:dataset_consumes_unknown_never_scheduled
[2024-05-13T01:30:10.686+0000] {logging_mixin.py:188} INFO - [2024-05-13T01:30:10.686+0000] {override.py:1829} INFO - Created Permission View: can edit on DAG:dataset_consumes_unknown_never_scheduled
[2024-05-13T01:30:10.688+0000] {logging_mixin.py:188} INFO - [2024-05-13T01:30:10.687+0000] {override.py:1829} INFO - Created Permission View: can delete on DAG:dataset_consumes_unknown_never_scheduled
[2024-05-13T01:30:10.691+0000] {logging_mixin.py:188} INFO - [2024-05-13T01:30:10.690+0000] {override.py:1829} INFO - Created Permission View: can read on DAG:dataset_consumes_1
[2024-05-13T01:30:10.692+0000] {logging_mixin.py:188} INFO - [2024-05-13T01:30:10.692+0000] {override.py:1829} INFO - Created Permission View: can edit on DAG:dataset_consumes_1
[2024-05-13T01:30:10.693+0000] {logging_mixin.py:188} INFO - [2024-05-13T01:30:10.693+0000] {override.py:1829} INFO - Created Permission View: can delete on DAG:dataset_consumes_1
[2024-05-13T01:30:10.697+0000] {logging_mixin.py:188} INFO - [2024-05-13T01:30:10.696+0000] {override.py:1829} INFO - Created Permission View: can read on DAG:consume_1_or_both_2_and_3_with_dataset_expressions
[2024-05-13T01:30:10.698+0000] {logging_mixin.py:188} INFO - [2024-05-13T01:30:10.698+0000] {override.py:1829} INFO - Created Permission View: can edit on DAG:consume_1_or_both_2_and_3_with_dataset_expressions
[2024-05-13T01:30:10.700+0000] {logging_mixin.py:188} INFO - [2024-05-13T01:30:10.699+0000] {override.py:1829} INFO - Created Permission View: can delete on DAG:consume_1_or_both_2_and_3_with_dataset_expressions
[2024-05-13T01:30:10.703+0000] {logging_mixin.py:188} INFO - [2024-05-13T01:30:10.702+0000] {override.py:1829} INFO - Created Permission View: can read on DAG:consume_1_and_2_with_dataset_expressions
[2024-05-13T01:30:10.704+0000] {logging_mixin.py:188} INFO - [2024-05-13T01:30:10.704+0000] {override.py:1829} INFO - Created Permission View: can edit on DAG:consume_1_and_2_with_dataset_expressions
[2024-05-13T01:30:10.706+0000] {logging_mixin.py:188} INFO - [2024-05-13T01:30:10.706+0000] {override.py:1829} INFO - Created Permission View: can delete on DAG:consume_1_and_2_with_dataset_expressions
[2024-05-13T01:30:10.706+0000] {logging_mixin.py:188} INFO - [2024-05-13T01:30:10.706+0000] {dag.py:3096} INFO - Sync 10 DAGs
[2024-05-13T01:30:10.710+0000] {logging_mixin.py:188} INFO - [2024-05-13T01:30:10.710+0000] {dag.py:3118} INFO - Creating ORM DAG for consume_1_or_both_2_and_3_with_dataset_expressions
[2024-05-13T01:30:10.710+0000] {logging_mixin.py:188} INFO - [2024-05-13T01:30:10.710+0000] {dag.py:3118} INFO - Creating ORM DAG for dataset_consumes_1_never_scheduled
[2024-05-13T01:30:10.711+0000] {logging_mixin.py:188} INFO - [2024-05-13T01:30:10.711+0000] {dag.py:3118} INFO - Creating ORM DAG for consume_1_or_2_with_dataset_expressions
[2024-05-13T01:30:10.711+0000] {logging_mixin.py:188} INFO - [2024-05-13T01:30:10.711+0000] {dag.py:3118} INFO - Creating ORM DAG for dataset_consumes_unknown_never_scheduled
[2024-05-13T01:30:10.711+0000] {logging_mixin.py:188} INFO - [2024-05-13T01:30:10.711+0000] {dag.py:3118} INFO - Creating ORM DAG for dataset_consumes_1
[2024-05-13T01:30:10.711+0000] {logging_mixin.py:188} INFO - [2024-05-13T01:30:10.711+0000] {dag.py:3118} INFO - Creating ORM DAG for dataset_produces_2
[2024-05-13T01:30:10.712+0000] {logging_mixin.py:188} INFO - [2024-05-13T01:30:10.711+0000] {dag.py:3118} INFO - Creating ORM DAG for consume_1_and_2_with_dataset_expressions
[2024-05-13T01:30:10.712+0000] {logging_mixin.py:188} INFO - [2024-05-13T01:30:10.712+0000] {dag.py:3118} INFO - Creating ORM DAG for dataset_produces_1
[2024-05-13T01:30:10.712+0000] {logging_mixin.py:188} INFO - [2024-05-13T01:30:10.712+0000] {dag.py:3118} INFO - Creating ORM DAG for dataset_consumes_1_and_2
[2024-05-13T01:30:10.712+0000] {logging_mixin.py:188} INFO - [2024-05-13T01:30:10.712+0000] {dag.py:3118} INFO - Creating ORM DAG for conditional_dataset_and_time_based_timetable
[2024-05-13T01:30:10.716+0000] {logging_mixin.py:188} INFO - [2024-05-13T01:30:10.716+0000] {dag.py:3954} INFO - Setting next_dagrun for conditional_dataset_and_time_based_timetable to 2024-05-08 01:00:00+00:00, run_after=2024-05-08 01:00:00+00:00
[2024-05-13T01:30:10.716+0000] {logging_mixin.py:188} INFO - [2024-05-13T01:30:10.716+0000] {dag.py:3954} INFO - Setting next_dagrun for consume_1_and_2_with_dataset_expressions to None, run_after=None
[2024-05-13T01:30:10.717+0000] {logging_mixin.py:188} INFO - [2024-05-13T01:30:10.717+0000] {dag.py:3954} INFO - Setting next_dagrun for consume_1_or_2_with_dataset_expressions to None, run_after=None
[2024-05-13T01:30:10.717+0000] {logging_mixin.py:188} INFO - [2024-05-13T01:30:10.717+0000] {dag.py:3954} INFO - Setting next_dagrun for consume_1_or_both_2_and_3_with_dataset_expressions to None, run_after=None
[2024-05-13T01:30:10.717+0000] {logging_mixin.py:188} INFO - [2024-05-13T01:30:10.717+0000] {dag.py:3954} INFO - Setting next_dagrun for dataset_consumes_1 to None, run_after=None
[2024-05-13T01:30:10.717+0000] {logging_mixin.py:188} INFO - [2024-05-13T01:30:10.717+0000] {dag.py:3954} INFO - Setting next_dagrun for dataset_consumes_1_and_2 to None, run_after=None
[2024-05-13T01:30:10.717+0000] {logging_mixin.py:188} INFO - [2024-05-13T01:30:10.717+0000] {dag.py:3954} INFO - Setting next_dagrun for dataset_consumes_1_never_scheduled to None, run_after=None
[2024-05-13T01:30:10.718+0000] {logging_mixin.py:188} INFO - [2024-05-13T01:30:10.718+0000] {dag.py:3954} INFO - Setting next_dagrun for dataset_consumes_unknown_never_scheduled to None, run_after=None
[2024-05-13T01:30:10.718+0000] {logging_mixin.py:188} INFO - [2024-05-13T01:30:10.718+0000] {dag.py:3954} INFO - Setting next_dagrun for dataset_produces_1 to 2024-05-12 00:00:00+00:00, run_after=2024-05-13 00:00:00+00:00
[2024-05-13T01:30:10.718+0000] {logging_mixin.py:188} INFO - [2024-05-13T01:30:10.718+0000] {dag.py:3954} INFO - Setting next_dagrun for dataset_produces_2 to None, run_after=None
[2024-05-13T01:30:10.731+0000] {processor.py:183} INFO - Processing /home/airflow/.local/lib/python3.12/site-packages/airflow/example_dags/example_datasets.py took 0.136 seconds
[2024-05-13T01:30:41.010+0000] {processor.py:161} INFO - Started process (PID=641) to work on /home/airflow/.local/lib/python3.12/site-packages/airflow/example_dags/example_datasets.py
[2024-05-13T01:30:41.011+0000] {processor.py:830} INFO - Processing file /home/airflow/.local/lib/python3.12/site-packages/airflow/example_dags/example_datasets.py for tasks to queue
[2024-05-13T01:30:41.012+0000] {logging_mixin.py:188} INFO - [2024-05-13T01:30:41.011+0000] {dagbag.py:545} INFO - Filling up the DagBag from /home/airflow/.local/lib/python3.12/site-packages/airflow/example_dags/example_datasets.py
[2024-05-13T01:30:41.016+0000] {processor.py:840} INFO - DAG(s) 'dataset_consumes_unknown_never_scheduled', 'conditional_dataset_and_time_based_timetable', 'dataset_produces_2', 'dataset_consumes_1_never_scheduled', 'consume_1_or_both_2_and_3_with_dataset_expressions', 'dataset_consumes_1_and_2', 'consume_1_and_2_with_dataset_expressions', 'dataset_consumes_1', 'consume_1_or_2_with_dataset_expressions', 'dataset_produces_1' retrieved from /home/airflow/.local/lib/python3.12/site-packages/airflow/example_dags/example_datasets.py
[2024-05-13T01:30:41.031+0000] {logging_mixin.py:188} INFO - [2024-05-13T01:30:41.031+0000] {dag.py:3096} INFO - Sync 10 DAGs
[2024-05-13T01:30:41.040+0000] {logging_mixin.py:188} INFO - [2024-05-13T01:30:41.040+0000] {dag.py:3954} INFO - Setting next_dagrun for conditional_dataset_and_time_based_timetable to 2024-05-08 01:00:00+00:00, run_after=2024-05-08 01:00:00+00:00
[2024-05-13T01:30:41.041+0000] {logging_mixin.py:188} INFO - [2024-05-13T01:30:41.041+0000] {dag.py:3954} INFO - Setting next_dagrun for consume_1_and_2_with_dataset_expressions to None, run_after=None
[2024-05-13T01:30:41.042+0000] {logging_mixin.py:188} INFO - [2024-05-13T01:30:41.042+0000] {dag.py:3954} INFO - Setting next_dagrun for consume_1_or_2_with_dataset_expressions to None, run_after=None
[2024-05-13T01:30:41.042+0000] {logging_mixin.py:188} INFO - [2024-05-13T01:30:41.042+0000] {dag.py:3954} INFO - Setting next_dagrun for consume_1_or_both_2_and_3_with_dataset_expressions to None, run_after=None
[2024-05-13T01:30:41.043+0000] {logging_mixin.py:188} INFO - [2024-05-13T01:30:41.043+0000] {dag.py:3954} INFO - Setting next_dagrun for dataset_consumes_1 to None, run_after=None
[2024-05-13T01:30:41.043+0000] {logging_mixin.py:188} INFO - [2024-05-13T01:30:41.043+0000] {dag.py:3954} INFO - Setting next_dagrun for dataset_consumes_1_and_2 to None, run_after=None
[2024-05-13T01:30:41.044+0000] {logging_mixin.py:188} INFO - [2024-05-13T01:30:41.043+0000] {dag.py:3954} INFO - Setting next_dagrun for dataset_consumes_1_never_scheduled to None, run_after=None
[2024-05-13T01:30:41.044+0000] {logging_mixin.py:188} INFO - [2024-05-13T01:30:41.044+0000] {dag.py:3954} INFO - Setting next_dagrun for dataset_consumes_unknown_never_scheduled to None, run_after=None
[2024-05-13T01:30:41.045+0000] {logging_mixin.py:188} INFO - [2024-05-13T01:30:41.045+0000] {dag.py:3954} INFO - Setting next_dagrun for dataset_produces_1 to 2024-05-12 00:00:00+00:00, run_after=2024-05-13 00:00:00+00:00
[2024-05-13T01:30:41.045+0000] {logging_mixin.py:188} INFO - [2024-05-13T01:30:41.045+0000] {dag.py:3954} INFO - Setting next_dagrun for dataset_produces_2 to None, run_after=None
[2024-05-13T01:30:41.056+0000] {processor.py:183} INFO - Processing /home/airflow/.local/lib/python3.12/site-packages/airflow/example_dags/example_datasets.py took 0.048 seconds
[2024-05-13T01:31:11.364+0000] {processor.py:161} INFO - Started process (PID=901) to work on /home/airflow/.local/lib/python3.12/site-packages/airflow/example_dags/example_datasets.py
[2024-05-13T01:31:11.364+0000] {processor.py:830} INFO - Processing file /home/airflow/.local/lib/python3.12/site-packages/airflow/example_dags/example_datasets.py for tasks to queue
[2024-05-13T01:31:11.365+0000] {logging_mixin.py:188} INFO - [2024-05-13T01:31:11.365+0000] {dagbag.py:545} INFO - Filling up the DagBag from /home/airflow/.local/lib/python3.12/site-packages/airflow/example_dags/example_datasets.py
[2024-05-13T01:31:11.373+0000] {processor.py:840} INFO - DAG(s) 'dataset_consumes_1', 'dataset_consumes_unknown_never_scheduled', 'consume_1_or_both_2_and_3_with_dataset_expressions', 'consume_1_or_2_with_dataset_expressions', 'dataset_consumes_1_and_2', 'dataset_produces_1', 'dataset_consumes_1_never_scheduled', 'conditional_dataset_and_time_based_timetable', 'consume_1_and_2_with_dataset_expressions', 'dataset_produces_2' retrieved from /home/airflow/.local/lib/python3.12/site-packages/airflow/example_dags/example_datasets.py
[2024-05-13T01:31:11.390+0000] {logging_mixin.py:188} INFO - [2024-05-13T01:31:11.390+0000] {dag.py:3096} INFO - Sync 10 DAGs
[2024-05-13T01:31:11.401+0000] {logging_mixin.py:188} INFO - [2024-05-13T01:31:11.401+0000] {dag.py:3954} INFO - Setting next_dagrun for conditional_dataset_and_time_based_timetable to 2024-05-08 01:00:00+00:00, run_after=2024-05-08 01:00:00+00:00
[2024-05-13T01:31:11.403+0000] {logging_mixin.py:188} INFO - [2024-05-13T01:31:11.403+0000] {dag.py:3954} INFO - Setting next_dagrun for consume_1_and_2_with_dataset_expressions to None, run_after=None
[2024-05-13T01:31:11.403+0000] {logging_mixin.py:188} INFO - [2024-05-13T01:31:11.403+0000] {dag.py:3954} INFO - Setting next_dagrun for consume_1_or_2_with_dataset_expressions to None, run_after=None
[2024-05-13T01:31:11.404+0000] {logging_mixin.py:188} INFO - [2024-05-13T01:31:11.404+0000] {dag.py:3954} INFO - Setting next_dagrun for consume_1_or_both_2_and_3_with_dataset_expressions to None, run_after=None
[2024-05-13T01:31:11.404+0000] {logging_mixin.py:188} INFO - [2024-05-13T01:31:11.404+0000] {dag.py:3954} INFO - Setting next_dagrun for dataset_consumes_1 to None, run_after=None
[2024-05-13T01:31:11.405+0000] {logging_mixin.py:188} INFO - [2024-05-13T01:31:11.405+0000] {dag.py:3954} INFO - Setting next_dagrun for dataset_consumes_1_and_2 to None, run_after=None
[2024-05-13T01:31:11.405+0000] {logging_mixin.py:188} INFO - [2024-05-13T01:31:11.405+0000] {dag.py:3954} INFO - Setting next_dagrun for dataset_consumes_1_never_scheduled to None, run_after=None
[2024-05-13T01:31:11.406+0000] {logging_mixin.py:188} INFO - [2024-05-13T01:31:11.406+0000] {dag.py:3954} INFO - Setting next_dagrun for dataset_consumes_unknown_never_scheduled to None, run_after=None
[2024-05-13T01:31:11.407+0000] {logging_mixin.py:188} INFO - [2024-05-13T01:31:11.407+0000] {dag.py:3954} INFO - Setting next_dagrun for dataset_produces_1 to 2024-05-12 00:00:00+00:00, run_after=2024-05-13 00:00:00+00:00
[2024-05-13T01:31:11.407+0000] {logging_mixin.py:188} INFO - [2024-05-13T01:31:11.407+0000] {dag.py:3954} INFO - Setting next_dagrun for dataset_produces_2 to None, run_after=None
[2024-05-13T01:31:11.419+0000] {processor.py:183} INFO - Processing /home/airflow/.local/lib/python3.12/site-packages/airflow/example_dags/example_datasets.py took 0.057 seconds
[2024-05-13T01:31:41.755+0000] {processor.py:161} INFO - Started process (PID=1163) to work on /home/airflow/.local/lib/python3.12/site-packages/airflow/example_dags/example_datasets.py
[2024-05-13T01:31:41.756+0000] {processor.py:830} INFO - Processing file /home/airflow/.local/lib/python3.12/site-packages/airflow/example_dags/example_datasets.py for tasks to queue
[2024-05-13T01:31:41.756+0000] {logging_mixin.py:188} INFO - [2024-05-13T01:31:41.756+0000] {dagbag.py:545} INFO - Filling up the DagBag from /home/airflow/.local/lib/python3.12/site-packages/airflow/example_dags/example_datasets.py
[2024-05-13T01:31:41.762+0000] {processor.py:840} INFO - DAG(s) 'dataset_consumes_1_and_2', 'conditional_dataset_and_time_based_timetable', 'consume_1_and_2_with_dataset_expressions', 'dataset_produces_2', 'dataset_consumes_1_never_scheduled', 'dataset_consumes_1', 'consume_1_or_both_2_and_3_with_dataset_expressions', 'consume_1_or_2_with_dataset_expressions', 'dataset_produces_1', 'dataset_consumes_unknown_never_scheduled' retrieved from /home/airflow/.local/lib/python3.12/site-packages/airflow/example_dags/example_datasets.py
[2024-05-13T01:31:41.778+0000] {logging_mixin.py:188} INFO - [2024-05-13T01:31:41.778+0000] {dag.py:3096} INFO - Sync 10 DAGs
[2024-05-13T01:31:41.791+0000] {logging_mixin.py:188} INFO - [2024-05-13T01:31:41.790+0000] {dag.py:3954} INFO - Setting next_dagrun for conditional_dataset_and_time_based_timetable to 2024-05-08 01:00:00+00:00, run_after=2024-05-08 01:00:00+00:00
[2024-05-13T01:31:41.795+0000] {logging_mixin.py:188} INFO - [2024-05-13T01:31:41.795+0000] {dag.py:3954} INFO - Setting next_dagrun for consume_1_and_2_with_dataset_expressions to None, run_after=None
[2024-05-13T01:31:41.797+0000] {logging_mixin.py:188} INFO - [2024-05-13T01:31:41.797+0000] {dag.py:3954} INFO - Setting next_dagrun for consume_1_or_2_with_dataset_expressions to None, run_after=None
[2024-05-13T01:31:41.799+0000] {logging_mixin.py:188} INFO - [2024-05-13T01:31:41.799+0000] {dag.py:3954} INFO - Setting next_dagrun for consume_1_or_both_2_and_3_with_dataset_expressions to None, run_after=None
[2024-05-13T01:31:41.800+0000] {logging_mixin.py:188} INFO - [2024-05-13T01:31:41.800+0000] {dag.py:3954} INFO - Setting next_dagrun for dataset_consumes_1 to None, run_after=None
[2024-05-13T01:31:41.801+0000] {logging_mixin.py:188} INFO - [2024-05-13T01:31:41.800+0000] {dag.py:3954} INFO - Setting next_dagrun for dataset_consumes_1_and_2 to None, run_after=None
[2024-05-13T01:31:41.801+0000] {logging_mixin.py:188} INFO - [2024-05-13T01:31:41.801+0000] {dag.py:3954} INFO - Setting next_dagrun for dataset_consumes_1_never_scheduled to None, run_after=None
[2024-05-13T01:31:41.802+0000] {logging_mixin.py:188} INFO - [2024-05-13T01:31:41.802+0000] {dag.py:3954} INFO - Setting next_dagrun for dataset_consumes_unknown_never_scheduled to None, run_after=None
[2024-05-13T01:31:41.805+0000] {logging_mixin.py:188} INFO - [2024-05-13T01:31:41.805+0000] {dag.py:3954} INFO - Setting next_dagrun for dataset_produces_1 to 2024-05-12 00:00:00+00:00, run_after=2024-05-13 00:00:00+00:00
[2024-05-13T01:31:41.806+0000] {logging_mixin.py:188} INFO - [2024-05-13T01:31:41.806+0000] {dag.py:3954} INFO - Setting next_dagrun for dataset_produces_2 to None, run_after=None
[2024-05-13T01:31:41.818+0000] {processor.py:183} INFO - Processing /home/airflow/.local/lib/python3.12/site-packages/airflow/example_dags/example_datasets.py took 0.065 seconds
