[2024-05-13T01:30:09.905+0000] {processor.py:161} INFO - Started process (PID=302) to work on /home/airflow/.local/lib/python3.12/site-packages/airflow/example_dags/example_setup_teardown_taskflow.py
[2024-05-13T01:30:09.906+0000] {processor.py:830} INFO - Processing file /home/airflow/.local/lib/python3.12/site-packages/airflow/example_dags/example_setup_teardown_taskflow.py for tasks to queue
[2024-05-13T01:30:09.906+0000] {logging_mixin.py:188} INFO - [2024-05-13T01:30:09.906+0000] {dagbag.py:545} INFO - Filling up the DagBag from /home/airflow/.local/lib/python3.12/site-packages/airflow/example_dags/example_setup_teardown_taskflow.py
[2024-05-13T01:30:09.911+0000] {processor.py:840} INFO - DAG(s) 'example_setup_teardown_taskflow' retrieved from /home/airflow/.local/lib/python3.12/site-packages/airflow/example_dags/example_setup_teardown_taskflow.py
[2024-05-13T01:30:09.948+0000] {logging_mixin.py:188} INFO - [2024-05-13T01:30:09.947+0000] {override.py:1829} INFO - Created Permission View: can read on DAG:example_setup_teardown_taskflow
[2024-05-13T01:30:09.950+0000] {logging_mixin.py:188} INFO - [2024-05-13T01:30:09.950+0000] {override.py:1829} INFO - Created Permission View: can edit on DAG:example_setup_teardown_taskflow
[2024-05-13T01:30:09.952+0000] {logging_mixin.py:188} INFO - [2024-05-13T01:30:09.952+0000] {override.py:1829} INFO - Created Permission View: can delete on DAG:example_setup_teardown_taskflow
[2024-05-13T01:30:09.953+0000] {logging_mixin.py:188} INFO - [2024-05-13T01:30:09.952+0000] {dag.py:3096} INFO - Sync 1 DAGs
[2024-05-13T01:30:09.956+0000] {logging_mixin.py:188} INFO - [2024-05-13T01:30:09.956+0000] {dag.py:3118} INFO - Creating ORM DAG for example_setup_teardown_taskflow
[2024-05-13T01:30:09.960+0000] {logging_mixin.py:188} INFO - [2024-05-13T01:30:09.960+0000] {dag.py:3954} INFO - Setting next_dagrun for example_setup_teardown_taskflow to 2024-05-12 00:00:00+00:00, run_after=2024-05-13 00:00:00+00:00
[2024-05-13T01:30:09.965+0000] {processor.py:183} INFO - Processing /home/airflow/.local/lib/python3.12/site-packages/airflow/example_dags/example_setup_teardown_taskflow.py took 0.062 seconds
[2024-05-13T01:30:40.694+0000] {processor.py:161} INFO - Started process (PID=564) to work on /home/airflow/.local/lib/python3.12/site-packages/airflow/example_dags/example_setup_teardown_taskflow.py
[2024-05-13T01:30:40.694+0000] {processor.py:830} INFO - Processing file /home/airflow/.local/lib/python3.12/site-packages/airflow/example_dags/example_setup_teardown_taskflow.py for tasks to queue
[2024-05-13T01:30:40.695+0000] {logging_mixin.py:188} INFO - [2024-05-13T01:30:40.695+0000] {dagbag.py:545} INFO - Filling up the DagBag from /home/airflow/.local/lib/python3.12/site-packages/airflow/example_dags/example_setup_teardown_taskflow.py
[2024-05-13T01:30:40.699+0000] {processor.py:840} INFO - DAG(s) 'example_setup_teardown_taskflow' retrieved from /home/airflow/.local/lib/python3.12/site-packages/airflow/example_dags/example_setup_teardown_taskflow.py
[2024-05-13T01:30:40.707+0000] {logging_mixin.py:188} INFO - [2024-05-13T01:30:40.707+0000] {dag.py:3096} INFO - Sync 1 DAGs
[2024-05-13T01:30:40.715+0000] {logging_mixin.py:188} INFO - [2024-05-13T01:30:40.715+0000] {dag.py:3954} INFO - Setting next_dagrun for example_setup_teardown_taskflow to 2024-05-12 00:00:00+00:00, run_after=2024-05-13 00:00:00+00:00
[2024-05-13T01:30:40.723+0000] {processor.py:183} INFO - Processing /home/airflow/.local/lib/python3.12/site-packages/airflow/example_dags/example_setup_teardown_taskflow.py took 0.031 seconds
[2024-05-13T01:31:11.028+0000] {processor.py:161} INFO - Started process (PID=826) to work on /home/airflow/.local/lib/python3.12/site-packages/airflow/example_dags/example_setup_teardown_taskflow.py
[2024-05-13T01:31:11.028+0000] {processor.py:830} INFO - Processing file /home/airflow/.local/lib/python3.12/site-packages/airflow/example_dags/example_setup_teardown_taskflow.py for tasks to queue
[2024-05-13T01:31:11.029+0000] {logging_mixin.py:188} INFO - [2024-05-13T01:31:11.029+0000] {dagbag.py:545} INFO - Filling up the DagBag from /home/airflow/.local/lib/python3.12/site-packages/airflow/example_dags/example_setup_teardown_taskflow.py
[2024-05-13T01:31:11.032+0000] {processor.py:840} INFO - DAG(s) 'example_setup_teardown_taskflow' retrieved from /home/airflow/.local/lib/python3.12/site-packages/airflow/example_dags/example_setup_teardown_taskflow.py
[2024-05-13T01:31:11.040+0000] {logging_mixin.py:188} INFO - [2024-05-13T01:31:11.040+0000] {dag.py:3096} INFO - Sync 1 DAGs
[2024-05-13T01:31:11.049+0000] {logging_mixin.py:188} INFO - [2024-05-13T01:31:11.049+0000] {dag.py:3954} INFO - Setting next_dagrun for example_setup_teardown_taskflow to 2024-05-12 00:00:00+00:00, run_after=2024-05-13 00:00:00+00:00
[2024-05-13T01:31:11.056+0000] {processor.py:183} INFO - Processing /home/airflow/.local/lib/python3.12/site-packages/airflow/example_dags/example_setup_teardown_taskflow.py took 0.030 seconds
[2024-05-13T01:31:41.440+0000] {processor.py:161} INFO - Started process (PID=1088) to work on /home/airflow/.local/lib/python3.12/site-packages/airflow/example_dags/example_setup_teardown_taskflow.py
[2024-05-13T01:31:41.441+0000] {processor.py:830} INFO - Processing file /home/airflow/.local/lib/python3.12/site-packages/airflow/example_dags/example_setup_teardown_taskflow.py for tasks to queue
[2024-05-13T01:31:41.441+0000] {logging_mixin.py:188} INFO - [2024-05-13T01:31:41.441+0000] {dagbag.py:545} INFO - Filling up the DagBag from /home/airflow/.local/lib/python3.12/site-packages/airflow/example_dags/example_setup_teardown_taskflow.py
[2024-05-13T01:31:41.445+0000] {processor.py:840} INFO - DAG(s) 'example_setup_teardown_taskflow' retrieved from /home/airflow/.local/lib/python3.12/site-packages/airflow/example_dags/example_setup_teardown_taskflow.py
[2024-05-13T01:31:41.453+0000] {logging_mixin.py:188} INFO - [2024-05-13T01:31:41.453+0000] {dag.py:3096} INFO - Sync 1 DAGs
[2024-05-13T01:31:41.462+0000] {logging_mixin.py:188} INFO - [2024-05-13T01:31:41.462+0000] {dag.py:3954} INFO - Setting next_dagrun for example_setup_teardown_taskflow to 2024-05-12 00:00:00+00:00, run_after=2024-05-13 00:00:00+00:00
[2024-05-13T01:31:41.469+0000] {processor.py:183} INFO - Processing /home/airflow/.local/lib/python3.12/site-packages/airflow/example_dags/example_setup_teardown_taskflow.py took 0.031 seconds
