[2024-05-13T01:30:08.944+0000] {processor.py:161} INFO - Started process (PID=184) to work on /home/airflow/.local/lib/python3.12/site-packages/airflow/example_dags/example_trigger_controller_dag.py
[2024-05-13T01:30:08.944+0000] {processor.py:830} INFO - Processing file /home/airflow/.local/lib/python3.12/site-packages/airflow/example_dags/example_trigger_controller_dag.py for tasks to queue
[2024-05-13T01:30:08.945+0000] {logging_mixin.py:188} INFO - [2024-05-13T01:30:08.945+0000] {dagbag.py:545} INFO - Filling up the DagBag from /home/airflow/.local/lib/python3.12/site-packages/airflow/example_dags/example_trigger_controller_dag.py
[2024-05-13T01:30:08.948+0000] {processor.py:840} INFO - DAG(s) 'example_trigger_controller_dag' retrieved from /home/airflow/.local/lib/python3.12/site-packages/airflow/example_dags/example_trigger_controller_dag.py
[2024-05-13T01:30:08.984+0000] {logging_mixin.py:188} INFO - [2024-05-13T01:30:08.984+0000] {override.py:1829} INFO - Created Permission View: can read on DAG:example_trigger_controller_dag
[2024-05-13T01:30:08.987+0000] {logging_mixin.py:188} INFO - [2024-05-13T01:30:08.987+0000] {override.py:1829} INFO - Created Permission View: can edit on DAG:example_trigger_controller_dag
[2024-05-13T01:30:08.989+0000] {logging_mixin.py:188} INFO - [2024-05-13T01:30:08.989+0000] {override.py:1829} INFO - Created Permission View: can delete on DAG:example_trigger_controller_dag
[2024-05-13T01:30:08.989+0000] {logging_mixin.py:188} INFO - [2024-05-13T01:30:08.989+0000] {dag.py:3096} INFO - Sync 1 DAGs
[2024-05-13T01:30:08.993+0000] {logging_mixin.py:188} INFO - [2024-05-13T01:30:08.993+0000] {dag.py:3118} INFO - Creating ORM DAG for example_trigger_controller_dag
[2024-05-13T01:30:08.997+0000] {logging_mixin.py:188} INFO - [2024-05-13T01:30:08.997+0000] {dag.py:3954} INFO - Setting next_dagrun for example_trigger_controller_dag to 2021-01-01 00:00:00+00:00, run_after=2021-01-01 00:00:00+00:00
[2024-05-13T01:30:09.002+0000] {processor.py:183} INFO - Processing /home/airflow/.local/lib/python3.12/site-packages/airflow/example_dags/example_trigger_controller_dag.py took 0.060 seconds
[2024-05-13T01:30:39.178+0000] {processor.py:161} INFO - Started process (PID=446) to work on /home/airflow/.local/lib/python3.12/site-packages/airflow/example_dags/example_trigger_controller_dag.py
[2024-05-13T01:30:39.178+0000] {processor.py:830} INFO - Processing file /home/airflow/.local/lib/python3.12/site-packages/airflow/example_dags/example_trigger_controller_dag.py for tasks to queue
[2024-05-13T01:30:39.179+0000] {logging_mixin.py:188} INFO - [2024-05-13T01:30:39.179+0000] {dagbag.py:545} INFO - Filling up the DagBag from /home/airflow/.local/lib/python3.12/site-packages/airflow/example_dags/example_trigger_controller_dag.py
[2024-05-13T01:30:39.181+0000] {processor.py:840} INFO - DAG(s) 'example_trigger_controller_dag' retrieved from /home/airflow/.local/lib/python3.12/site-packages/airflow/example_dags/example_trigger_controller_dag.py
[2024-05-13T01:30:39.189+0000] {logging_mixin.py:188} INFO - [2024-05-13T01:30:39.189+0000] {dag.py:3096} INFO - Sync 1 DAGs
[2024-05-13T01:30:39.196+0000] {logging_mixin.py:188} INFO - [2024-05-13T01:30:39.196+0000] {dag.py:3954} INFO - Setting next_dagrun for example_trigger_controller_dag to 2021-01-01 00:00:00+00:00, run_after=2021-01-01 00:00:00+00:00
[2024-05-13T01:30:39.202+0000] {processor.py:183} INFO - Processing /home/airflow/.local/lib/python3.12/site-packages/airflow/example_dags/example_trigger_controller_dag.py took 0.026 seconds
[2024-05-13T01:31:09.458+0000] {processor.py:161} INFO - Started process (PID=706) to work on /home/airflow/.local/lib/python3.12/site-packages/airflow/example_dags/example_trigger_controller_dag.py
[2024-05-13T01:31:09.459+0000] {processor.py:830} INFO - Processing file /home/airflow/.local/lib/python3.12/site-packages/airflow/example_dags/example_trigger_controller_dag.py for tasks to queue
[2024-05-13T01:31:09.459+0000] {logging_mixin.py:188} INFO - [2024-05-13T01:31:09.459+0000] {dagbag.py:545} INFO - Filling up the DagBag from /home/airflow/.local/lib/python3.12/site-packages/airflow/example_dags/example_trigger_controller_dag.py
[2024-05-13T01:31:09.461+0000] {processor.py:840} INFO - DAG(s) 'example_trigger_controller_dag' retrieved from /home/airflow/.local/lib/python3.12/site-packages/airflow/example_dags/example_trigger_controller_dag.py
[2024-05-13T01:31:09.468+0000] {logging_mixin.py:188} INFO - [2024-05-13T01:31:09.468+0000] {dag.py:3096} INFO - Sync 1 DAGs
[2024-05-13T01:31:09.476+0000] {logging_mixin.py:188} INFO - [2024-05-13T01:31:09.476+0000] {dag.py:3954} INFO - Setting next_dagrun for example_trigger_controller_dag to 2021-01-01 00:00:00+00:00, run_after=2021-01-01 00:00:00+00:00
[2024-05-13T01:31:09.482+0000] {processor.py:183} INFO - Processing /home/airflow/.local/lib/python3.12/site-packages/airflow/example_dags/example_trigger_controller_dag.py took 0.025 seconds
[2024-05-13T01:31:39.908+0000] {processor.py:161} INFO - Started process (PID=970) to work on /home/airflow/.local/lib/python3.12/site-packages/airflow/example_dags/example_trigger_controller_dag.py
[2024-05-13T01:31:39.908+0000] {processor.py:830} INFO - Processing file /home/airflow/.local/lib/python3.12/site-packages/airflow/example_dags/example_trigger_controller_dag.py for tasks to queue
[2024-05-13T01:31:39.909+0000] {logging_mixin.py:188} INFO - [2024-05-13T01:31:39.909+0000] {dagbag.py:545} INFO - Filling up the DagBag from /home/airflow/.local/lib/python3.12/site-packages/airflow/example_dags/example_trigger_controller_dag.py
[2024-05-13T01:31:39.911+0000] {processor.py:840} INFO - DAG(s) 'example_trigger_controller_dag' retrieved from /home/airflow/.local/lib/python3.12/site-packages/airflow/example_dags/example_trigger_controller_dag.py
[2024-05-13T01:31:39.919+0000] {logging_mixin.py:188} INFO - [2024-05-13T01:31:39.919+0000] {dag.py:3096} INFO - Sync 1 DAGs
[2024-05-13T01:31:39.927+0000] {logging_mixin.py:188} INFO - [2024-05-13T01:31:39.927+0000] {dag.py:3954} INFO - Setting next_dagrun for example_trigger_controller_dag to 2021-01-01 00:00:00+00:00, run_after=2021-01-01 00:00:00+00:00
[2024-05-13T01:31:39.933+0000] {processor.py:183} INFO - Processing /home/airflow/.local/lib/python3.12/site-packages/airflow/example_dags/example_trigger_controller_dag.py took 0.028 seconds
