[2024-05-13T01:30:10.742+0000] {processor.py:161} INFO - Started process (PID=392) to work on /home/airflow/.local/lib/python3.12/site-packages/airflow/example_dags/example_latest_only.py
[2024-05-13T01:30:10.742+0000] {processor.py:830} INFO - Processing file /home/airflow/.local/lib/python3.12/site-packages/airflow/example_dags/example_latest_only.py for tasks to queue
[2024-05-13T01:30:10.744+0000] {logging_mixin.py:188} INFO - [2024-05-13T01:30:10.744+0000] {dagbag.py:545} INFO - Filling up the DagBag from /home/airflow/.local/lib/python3.12/site-packages/airflow/example_dags/example_latest_only.py
[2024-05-13T01:30:10.749+0000] {processor.py:840} INFO - DAG(s) 'latest_only' retrieved from /home/airflow/.local/lib/python3.12/site-packages/airflow/example_dags/example_latest_only.py
[2024-05-13T01:30:10.788+0000] {logging_mixin.py:188} INFO - [2024-05-13T01:30:10.787+0000] {override.py:1829} INFO - Created Permission View: can read on DAG:latest_only
[2024-05-13T01:30:10.791+0000] {logging_mixin.py:188} INFO - [2024-05-13T01:30:10.790+0000] {override.py:1829} INFO - Created Permission View: can edit on DAG:latest_only
[2024-05-13T01:30:10.793+0000] {logging_mixin.py:188} INFO - [2024-05-13T01:30:10.793+0000] {override.py:1829} INFO - Created Permission View: can delete on DAG:latest_only
[2024-05-13T01:30:10.793+0000] {logging_mixin.py:188} INFO - [2024-05-13T01:30:10.793+0000] {dag.py:3096} INFO - Sync 1 DAGs
[2024-05-13T01:30:10.798+0000] {logging_mixin.py:188} INFO - [2024-05-13T01:30:10.798+0000] {dag.py:3118} INFO - Creating ORM DAG for latest_only
[2024-05-13T01:30:10.802+0000] {logging_mixin.py:188} INFO - [2024-05-13T01:30:10.802+0000] {dag.py:3954} INFO - Setting next_dagrun for latest_only to 2024-05-12 20:00:00+00:00, run_after=2024-05-13 00:00:00+00:00
[2024-05-13T01:30:10.807+0000] {processor.py:183} INFO - Processing /home/airflow/.local/lib/python3.12/site-packages/airflow/example_dags/example_latest_only.py took 0.067 seconds
[2024-05-13T01:30:41.066+0000] {processor.py:161} INFO - Started process (PID=654) to work on /home/airflow/.local/lib/python3.12/site-packages/airflow/example_dags/example_latest_only.py
[2024-05-13T01:30:41.066+0000] {processor.py:830} INFO - Processing file /home/airflow/.local/lib/python3.12/site-packages/airflow/example_dags/example_latest_only.py for tasks to queue
[2024-05-13T01:30:41.067+0000] {logging_mixin.py:188} INFO - [2024-05-13T01:30:41.066+0000] {dagbag.py:545} INFO - Filling up the DagBag from /home/airflow/.local/lib/python3.12/site-packages/airflow/example_dags/example_latest_only.py
[2024-05-13T01:30:41.068+0000] {processor.py:840} INFO - DAG(s) 'latest_only' retrieved from /home/airflow/.local/lib/python3.12/site-packages/airflow/example_dags/example_latest_only.py
[2024-05-13T01:30:41.076+0000] {logging_mixin.py:188} INFO - [2024-05-13T01:30:41.076+0000] {dag.py:3096} INFO - Sync 1 DAGs
[2024-05-13T01:30:41.086+0000] {logging_mixin.py:188} INFO - [2024-05-13T01:30:41.086+0000] {dag.py:3954} INFO - Setting next_dagrun for latest_only to 2024-05-12 20:00:00+00:00, run_after=2024-05-13 00:00:00+00:00
[2024-05-13T01:30:41.092+0000] {processor.py:183} INFO - Processing /home/airflow/.local/lib/python3.12/site-packages/airflow/example_dags/example_latest_only.py took 0.029 seconds
[2024-05-13T01:31:11.466+0000] {processor.py:161} INFO - Started process (PID=918) to work on /home/airflow/.local/lib/python3.12/site-packages/airflow/example_dags/example_latest_only.py
[2024-05-13T01:31:11.466+0000] {processor.py:830} INFO - Processing file /home/airflow/.local/lib/python3.12/site-packages/airflow/example_dags/example_latest_only.py for tasks to queue
[2024-05-13T01:31:11.467+0000] {logging_mixin.py:188} INFO - [2024-05-13T01:31:11.467+0000] {dagbag.py:545} INFO - Filling up the DagBag from /home/airflow/.local/lib/python3.12/site-packages/airflow/example_dags/example_latest_only.py
[2024-05-13T01:31:11.469+0000] {processor.py:840} INFO - DAG(s) 'latest_only' retrieved from /home/airflow/.local/lib/python3.12/site-packages/airflow/example_dags/example_latest_only.py
[2024-05-13T01:31:11.476+0000] {logging_mixin.py:188} INFO - [2024-05-13T01:31:11.476+0000] {dag.py:3096} INFO - Sync 1 DAGs
[2024-05-13T01:31:11.484+0000] {logging_mixin.py:188} INFO - [2024-05-13T01:31:11.484+0000] {dag.py:3954} INFO - Setting next_dagrun for latest_only to 2024-05-12 20:00:00+00:00, run_after=2024-05-13 00:00:00+00:00
[2024-05-13T01:31:11.492+0000] {processor.py:183} INFO - Processing /home/airflow/.local/lib/python3.12/site-packages/airflow/example_dags/example_latest_only.py took 0.028 seconds
[2024-05-13T01:31:41.867+0000] {processor.py:161} INFO - Started process (PID=1180) to work on /home/airflow/.local/lib/python3.12/site-packages/airflow/example_dags/example_latest_only.py
[2024-05-13T01:31:41.868+0000] {processor.py:830} INFO - Processing file /home/airflow/.local/lib/python3.12/site-packages/airflow/example_dags/example_latest_only.py for tasks to queue
[2024-05-13T01:31:41.868+0000] {logging_mixin.py:188} INFO - [2024-05-13T01:31:41.868+0000] {dagbag.py:545} INFO - Filling up the DagBag from /home/airflow/.local/lib/python3.12/site-packages/airflow/example_dags/example_latest_only.py
[2024-05-13T01:31:41.870+0000] {processor.py:840} INFO - DAG(s) 'latest_only' retrieved from /home/airflow/.local/lib/python3.12/site-packages/airflow/example_dags/example_latest_only.py
[2024-05-13T01:31:41.879+0000] {logging_mixin.py:188} INFO - [2024-05-13T01:31:41.878+0000] {dag.py:3096} INFO - Sync 1 DAGs
[2024-05-13T01:31:41.888+0000] {logging_mixin.py:188} INFO - [2024-05-13T01:31:41.887+0000] {dag.py:3954} INFO - Setting next_dagrun for latest_only to 2024-05-12 20:00:00+00:00, run_after=2024-05-13 00:00:00+00:00
[2024-05-13T01:31:41.896+0000] {processor.py:183} INFO - Processing /home/airflow/.local/lib/python3.12/site-packages/airflow/example_dags/example_latest_only.py took 0.031 seconds
