[2024-05-13T01:30:09.756+0000] {processor.py:161} INFO - Started process (PID=282) to work on /home/airflow/.local/lib/python3.12/site-packages/airflow/example_dags/example_latest_only_with_trigger.py
[2024-05-13T01:30:09.757+0000] {processor.py:830} INFO - Processing file /home/airflow/.local/lib/python3.12/site-packages/airflow/example_dags/example_latest_only_with_trigger.py for tasks to queue
[2024-05-13T01:30:09.757+0000] {logging_mixin.py:188} INFO - [2024-05-13T01:30:09.757+0000] {dagbag.py:545} INFO - Filling up the DagBag from /home/airflow/.local/lib/python3.12/site-packages/airflow/example_dags/example_latest_only_with_trigger.py
[2024-05-13T01:30:09.761+0000] {processor.py:840} INFO - DAG(s) 'latest_only_with_trigger' retrieved from /home/airflow/.local/lib/python3.12/site-packages/airflow/example_dags/example_latest_only_with_trigger.py
[2024-05-13T01:30:09.799+0000] {logging_mixin.py:188} INFO - [2024-05-13T01:30:09.798+0000] {override.py:1829} INFO - Created Permission View: can read on DAG:latest_only_with_trigger
[2024-05-13T01:30:09.802+0000] {logging_mixin.py:188} INFO - [2024-05-13T01:30:09.801+0000] {override.py:1829} INFO - Created Permission View: can edit on DAG:latest_only_with_trigger
[2024-05-13T01:30:09.803+0000] {logging_mixin.py:188} INFO - [2024-05-13T01:30:09.803+0000] {override.py:1829} INFO - Created Permission View: can delete on DAG:latest_only_with_trigger
[2024-05-13T01:30:09.804+0000] {logging_mixin.py:188} INFO - [2024-05-13T01:30:09.804+0000] {dag.py:3096} INFO - Sync 1 DAGs
[2024-05-13T01:30:09.808+0000] {logging_mixin.py:188} INFO - [2024-05-13T01:30:09.807+0000] {dag.py:3118} INFO - Creating ORM DAG for latest_only_with_trigger
[2024-05-13T01:30:09.811+0000] {logging_mixin.py:188} INFO - [2024-05-13T01:30:09.811+0000] {dag.py:3954} INFO - Setting next_dagrun for latest_only_with_trigger to 2024-05-12 20:00:00+00:00, run_after=2024-05-13 00:00:00+00:00
[2024-05-13T01:30:09.817+0000] {processor.py:183} INFO - Processing /home/airflow/.local/lib/python3.12/site-packages/airflow/example_dags/example_latest_only_with_trigger.py took 0.062 seconds
[2024-05-13T01:30:40.617+0000] {processor.py:161} INFO - Started process (PID=544) to work on /home/airflow/.local/lib/python3.12/site-packages/airflow/example_dags/example_latest_only_with_trigger.py
[2024-05-13T01:30:40.618+0000] {processor.py:830} INFO - Processing file /home/airflow/.local/lib/python3.12/site-packages/airflow/example_dags/example_latest_only_with_trigger.py for tasks to queue
[2024-05-13T01:30:40.618+0000] {logging_mixin.py:188} INFO - [2024-05-13T01:30:40.618+0000] {dagbag.py:545} INFO - Filling up the DagBag from /home/airflow/.local/lib/python3.12/site-packages/airflow/example_dags/example_latest_only_with_trigger.py
[2024-05-13T01:30:40.621+0000] {processor.py:840} INFO - DAG(s) 'latest_only_with_trigger' retrieved from /home/airflow/.local/lib/python3.12/site-packages/airflow/example_dags/example_latest_only_with_trigger.py
[2024-05-13T01:30:40.629+0000] {logging_mixin.py:188} INFO - [2024-05-13T01:30:40.629+0000] {dag.py:3096} INFO - Sync 1 DAGs
[2024-05-13T01:30:40.637+0000] {logging_mixin.py:188} INFO - [2024-05-13T01:30:40.637+0000] {dag.py:3954} INFO - Setting next_dagrun for latest_only_with_trigger to 2024-05-12 20:00:00+00:00, run_after=2024-05-13 00:00:00+00:00
[2024-05-13T01:30:40.643+0000] {processor.py:183} INFO - Processing /home/airflow/.local/lib/python3.12/site-packages/airflow/example_dags/example_latest_only_with_trigger.py took 0.027 seconds
[2024-05-13T01:31:10.944+0000] {processor.py:161} INFO - Started process (PID=806) to work on /home/airflow/.local/lib/python3.12/site-packages/airflow/example_dags/example_latest_only_with_trigger.py
[2024-05-13T01:31:10.944+0000] {processor.py:830} INFO - Processing file /home/airflow/.local/lib/python3.12/site-packages/airflow/example_dags/example_latest_only_with_trigger.py for tasks to queue
[2024-05-13T01:31:10.945+0000] {logging_mixin.py:188} INFO - [2024-05-13T01:31:10.945+0000] {dagbag.py:545} INFO - Filling up the DagBag from /home/airflow/.local/lib/python3.12/site-packages/airflow/example_dags/example_latest_only_with_trigger.py
[2024-05-13T01:31:10.947+0000] {processor.py:840} INFO - DAG(s) 'latest_only_with_trigger' retrieved from /home/airflow/.local/lib/python3.12/site-packages/airflow/example_dags/example_latest_only_with_trigger.py
[2024-05-13T01:31:10.955+0000] {logging_mixin.py:188} INFO - [2024-05-13T01:31:10.955+0000] {dag.py:3096} INFO - Sync 1 DAGs
[2024-05-13T01:31:10.963+0000] {logging_mixin.py:188} INFO - [2024-05-13T01:31:10.963+0000] {dag.py:3954} INFO - Setting next_dagrun for latest_only_with_trigger to 2024-05-12 20:00:00+00:00, run_after=2024-05-13 00:00:00+00:00
[2024-05-13T01:31:10.970+0000] {processor.py:183} INFO - Processing /home/airflow/.local/lib/python3.12/site-packages/airflow/example_dags/example_latest_only_with_trigger.py took 0.028 seconds
[2024-05-13T01:31:41.356+0000] {processor.py:161} INFO - Started process (PID=1068) to work on /home/airflow/.local/lib/python3.12/site-packages/airflow/example_dags/example_latest_only_with_trigger.py
[2024-05-13T01:31:41.357+0000] {processor.py:830} INFO - Processing file /home/airflow/.local/lib/python3.12/site-packages/airflow/example_dags/example_latest_only_with_trigger.py for tasks to queue
[2024-05-13T01:31:41.357+0000] {logging_mixin.py:188} INFO - [2024-05-13T01:31:41.357+0000] {dagbag.py:545} INFO - Filling up the DagBag from /home/airflow/.local/lib/python3.12/site-packages/airflow/example_dags/example_latest_only_with_trigger.py
[2024-05-13T01:31:41.360+0000] {processor.py:840} INFO - DAG(s) 'latest_only_with_trigger' retrieved from /home/airflow/.local/lib/python3.12/site-packages/airflow/example_dags/example_latest_only_with_trigger.py
[2024-05-13T01:31:41.367+0000] {logging_mixin.py:188} INFO - [2024-05-13T01:31:41.367+0000] {dag.py:3096} INFO - Sync 1 DAGs
[2024-05-13T01:31:41.375+0000] {logging_mixin.py:188} INFO - [2024-05-13T01:31:41.375+0000] {dag.py:3954} INFO - Setting next_dagrun for latest_only_with_trigger to 2024-05-12 20:00:00+00:00, run_after=2024-05-13 00:00:00+00:00
[2024-05-13T01:31:41.382+0000] {processor.py:183} INFO - Processing /home/airflow/.local/lib/python3.12/site-packages/airflow/example_dags/example_latest_only_with_trigger.py took 0.028 seconds
