[2024-05-13T01:30:10.236+0000] {processor.py:161} INFO - Started process (PID=339) to work on /home/airflow/.local/lib/python3.12/site-packages/airflow/example_dags/example_xcomargs.py
[2024-05-13T01:30:10.237+0000] {processor.py:830} INFO - Processing file /home/airflow/.local/lib/python3.12/site-packages/airflow/example_dags/example_xcomargs.py for tasks to queue
[2024-05-13T01:30:10.237+0000] {logging_mixin.py:188} INFO - [2024-05-13T01:30:10.237+0000] {dagbag.py:545} INFO - Filling up the DagBag from /home/airflow/.local/lib/python3.12/site-packages/airflow/example_dags/example_xcomargs.py
[2024-05-13T01:30:10.241+0000] {processor.py:840} INFO - DAG(s) 'example_xcom_args_with_operators', 'example_xcom_args' retrieved from /home/airflow/.local/lib/python3.12/site-packages/airflow/example_dags/example_xcomargs.py
[2024-05-13T01:30:10.278+0000] {logging_mixin.py:188} INFO - [2024-05-13T01:30:10.277+0000] {override.py:1829} INFO - Created Permission View: can read on DAG:example_xcom_args_with_operators
[2024-05-13T01:30:10.281+0000] {logging_mixin.py:188} INFO - [2024-05-13T01:30:10.281+0000] {override.py:1829} INFO - Created Permission View: can edit on DAG:example_xcom_args_with_operators
[2024-05-13T01:30:10.282+0000] {logging_mixin.py:188} INFO - [2024-05-13T01:30:10.282+0000] {override.py:1829} INFO - Created Permission View: can delete on DAG:example_xcom_args_with_operators
[2024-05-13T01:30:10.286+0000] {logging_mixin.py:188} INFO - [2024-05-13T01:30:10.286+0000] {override.py:1829} INFO - Created Permission View: can read on DAG:example_xcom_args
[2024-05-13T01:30:10.288+0000] {logging_mixin.py:188} INFO - [2024-05-13T01:30:10.288+0000] {override.py:1829} INFO - Created Permission View: can edit on DAG:example_xcom_args
[2024-05-13T01:30:10.289+0000] {logging_mixin.py:188} INFO - [2024-05-13T01:30:10.289+0000] {override.py:1829} INFO - Created Permission View: can delete on DAG:example_xcom_args
[2024-05-13T01:30:10.289+0000] {logging_mixin.py:188} INFO - [2024-05-13T01:30:10.289+0000] {dag.py:3096} INFO - Sync 2 DAGs
[2024-05-13T01:30:10.293+0000] {logging_mixin.py:188} INFO - [2024-05-13T01:30:10.293+0000] {dag.py:3118} INFO - Creating ORM DAG for example_xcom_args
[2024-05-13T01:30:10.293+0000] {logging_mixin.py:188} INFO - [2024-05-13T01:30:10.293+0000] {dag.py:3118} INFO - Creating ORM DAG for example_xcom_args_with_operators
[2024-05-13T01:30:10.294+0000] {logging_mixin.py:188} INFO - [2024-05-13T01:30:10.294+0000] {dag.py:3954} INFO - Setting next_dagrun for example_xcom_args to None, run_after=None
[2024-05-13T01:30:10.294+0000] {logging_mixin.py:188} INFO - [2024-05-13T01:30:10.294+0000] {dag.py:3954} INFO - Setting next_dagrun for example_xcom_args_with_operators to None, run_after=None
[2024-05-13T01:30:10.300+0000] {processor.py:183} INFO - Processing /home/airflow/.local/lib/python3.12/site-packages/airflow/example_dags/example_xcomargs.py took 0.066 seconds
[2024-05-13T01:30:40.816+0000] {processor.py:161} INFO - Started process (PID=599) to work on /home/airflow/.local/lib/python3.12/site-packages/airflow/example_dags/example_xcomargs.py
[2024-05-13T01:30:40.816+0000] {processor.py:830} INFO - Processing file /home/airflow/.local/lib/python3.12/site-packages/airflow/example_dags/example_xcomargs.py for tasks to queue
[2024-05-13T01:30:40.817+0000] {logging_mixin.py:188} INFO - [2024-05-13T01:30:40.817+0000] {dagbag.py:545} INFO - Filling up the DagBag from /home/airflow/.local/lib/python3.12/site-packages/airflow/example_dags/example_xcomargs.py
[2024-05-13T01:30:40.820+0000] {processor.py:840} INFO - DAG(s) 'example_xcom_args', 'example_xcom_args_with_operators' retrieved from /home/airflow/.local/lib/python3.12/site-packages/airflow/example_dags/example_xcomargs.py
[2024-05-13T01:30:40.829+0000] {logging_mixin.py:188} INFO - [2024-05-13T01:30:40.829+0000] {dag.py:3096} INFO - Sync 2 DAGs
[2024-05-13T01:30:40.834+0000] {logging_mixin.py:188} INFO - [2024-05-13T01:30:40.834+0000] {dag.py:3954} INFO - Setting next_dagrun for example_xcom_args to None, run_after=None
[2024-05-13T01:30:40.835+0000] {logging_mixin.py:188} INFO - [2024-05-13T01:30:40.835+0000] {dag.py:3954} INFO - Setting next_dagrun for example_xcom_args_with_operators to None, run_after=None
[2024-05-13T01:30:40.841+0000] {processor.py:183} INFO - Processing /home/airflow/.local/lib/python3.12/site-packages/airflow/example_dags/example_xcomargs.py took 0.027 seconds
[2024-05-13T01:31:11.175+0000] {processor.py:161} INFO - Started process (PID=863) to work on /home/airflow/.local/lib/python3.12/site-packages/airflow/example_dags/example_xcomargs.py
[2024-05-13T01:31:11.175+0000] {processor.py:830} INFO - Processing file /home/airflow/.local/lib/python3.12/site-packages/airflow/example_dags/example_xcomargs.py for tasks to queue
[2024-05-13T01:31:11.176+0000] {logging_mixin.py:188} INFO - [2024-05-13T01:31:11.176+0000] {dagbag.py:545} INFO - Filling up the DagBag from /home/airflow/.local/lib/python3.12/site-packages/airflow/example_dags/example_xcomargs.py
[2024-05-13T01:31:11.179+0000] {processor.py:840} INFO - DAG(s) 'example_xcom_args', 'example_xcom_args_with_operators' retrieved from /home/airflow/.local/lib/python3.12/site-packages/airflow/example_dags/example_xcomargs.py
[2024-05-13T01:31:11.188+0000] {logging_mixin.py:188} INFO - [2024-05-13T01:31:11.188+0000] {dag.py:3096} INFO - Sync 2 DAGs
[2024-05-13T01:31:11.193+0000] {logging_mixin.py:188} INFO - [2024-05-13T01:31:11.193+0000] {dag.py:3954} INFO - Setting next_dagrun for example_xcom_args to None, run_after=None
[2024-05-13T01:31:11.195+0000] {logging_mixin.py:188} INFO - [2024-05-13T01:31:11.195+0000] {dag.py:3954} INFO - Setting next_dagrun for example_xcom_args_with_operators to None, run_after=None
[2024-05-13T01:31:11.202+0000] {processor.py:183} INFO - Processing /home/airflow/.local/lib/python3.12/site-packages/airflow/example_dags/example_xcomargs.py took 0.029 seconds
[2024-05-13T01:31:41.583+0000] {processor.py:161} INFO - Started process (PID=1123) to work on /home/airflow/.local/lib/python3.12/site-packages/airflow/example_dags/example_xcomargs.py
[2024-05-13T01:31:41.583+0000] {processor.py:830} INFO - Processing file /home/airflow/.local/lib/python3.12/site-packages/airflow/example_dags/example_xcomargs.py for tasks to queue
[2024-05-13T01:31:41.584+0000] {logging_mixin.py:188} INFO - [2024-05-13T01:31:41.584+0000] {dagbag.py:545} INFO - Filling up the DagBag from /home/airflow/.local/lib/python3.12/site-packages/airflow/example_dags/example_xcomargs.py
[2024-05-13T01:31:41.588+0000] {processor.py:840} INFO - DAG(s) 'example_xcom_args', 'example_xcom_args_with_operators' retrieved from /home/airflow/.local/lib/python3.12/site-packages/airflow/example_dags/example_xcomargs.py
[2024-05-13T01:31:41.597+0000] {logging_mixin.py:188} INFO - [2024-05-13T01:31:41.597+0000] {dag.py:3096} INFO - Sync 2 DAGs
[2024-05-13T01:31:41.603+0000] {logging_mixin.py:188} INFO - [2024-05-13T01:31:41.602+0000] {dag.py:3954} INFO - Setting next_dagrun for example_xcom_args to None, run_after=None
[2024-05-13T01:31:41.604+0000] {logging_mixin.py:188} INFO - [2024-05-13T01:31:41.604+0000] {dag.py:3954} INFO - Setting next_dagrun for example_xcom_args_with_operators to None, run_after=None
[2024-05-13T01:31:41.611+0000] {processor.py:183} INFO - Processing /home/airflow/.local/lib/python3.12/site-packages/airflow/example_dags/example_xcomargs.py took 0.030 seconds
