[2024-05-13T01:30:09.300+0000] {processor.py:161} INFO - Started process (PID=229) to work on /home/airflow/.local/lib/python3.12/site-packages/airflow/example_dags/example_external_task_marker_dag.py
[2024-05-13T01:30:09.300+0000] {processor.py:830} INFO - Processing file /home/airflow/.local/lib/python3.12/site-packages/airflow/example_dags/example_external_task_marker_dag.py for tasks to queue
[2024-05-13T01:30:09.301+0000] {logging_mixin.py:188} INFO - [2024-05-13T01:30:09.301+0000] {dagbag.py:545} INFO - Filling up the DagBag from /home/airflow/.local/lib/python3.12/site-packages/airflow/example_dags/example_external_task_marker_dag.py
[2024-05-13T01:30:09.304+0000] {processor.py:840} INFO - DAG(s) 'example_external_task_marker_child', 'example_external_task_marker_parent' retrieved from /home/airflow/.local/lib/python3.12/site-packages/airflow/example_dags/example_external_task_marker_dag.py
[2024-05-13T01:30:09.340+0000] {logging_mixin.py:188} INFO - [2024-05-13T01:30:09.340+0000] {override.py:1829} INFO - Created Permission View: can read on DAG:example_external_task_marker_child
[2024-05-13T01:30:09.343+0000] {logging_mixin.py:188} INFO - [2024-05-13T01:30:09.343+0000] {override.py:1829} INFO - Created Permission View: can edit on DAG:example_external_task_marker_child
[2024-05-13T01:30:09.345+0000] {logging_mixin.py:188} INFO - [2024-05-13T01:30:09.345+0000] {override.py:1829} INFO - Created Permission View: can delete on DAG:example_external_task_marker_child
[2024-05-13T01:30:09.349+0000] {logging_mixin.py:188} INFO - [2024-05-13T01:30:09.349+0000] {override.py:1829} INFO - Created Permission View: can read on DAG:example_external_task_marker_parent
[2024-05-13T01:30:09.351+0000] {logging_mixin.py:188} INFO - [2024-05-13T01:30:09.350+0000] {override.py:1829} INFO - Created Permission View: can edit on DAG:example_external_task_marker_parent
[2024-05-13T01:30:09.352+0000] {logging_mixin.py:188} INFO - [2024-05-13T01:30:09.352+0000] {override.py:1829} INFO - Created Permission View: can delete on DAG:example_external_task_marker_parent
[2024-05-13T01:30:09.352+0000] {logging_mixin.py:188} INFO - [2024-05-13T01:30:09.352+0000] {dag.py:3096} INFO - Sync 2 DAGs
[2024-05-13T01:30:09.357+0000] {logging_mixin.py:188} INFO - [2024-05-13T01:30:09.357+0000] {dag.py:3118} INFO - Creating ORM DAG for example_external_task_marker_child
[2024-05-13T01:30:09.357+0000] {logging_mixin.py:188} INFO - [2024-05-13T01:30:09.357+0000] {dag.py:3118} INFO - Creating ORM DAG for example_external_task_marker_parent
[2024-05-13T01:30:09.358+0000] {logging_mixin.py:188} INFO - [2024-05-13T01:30:09.358+0000] {dag.py:3954} INFO - Setting next_dagrun for example_external_task_marker_child to None, run_after=None
[2024-05-13T01:30:09.358+0000] {logging_mixin.py:188} INFO - [2024-05-13T01:30:09.358+0000] {dag.py:3954} INFO - Setting next_dagrun for example_external_task_marker_parent to None, run_after=None
[2024-05-13T01:30:09.363+0000] {processor.py:183} INFO - Processing /home/airflow/.local/lib/python3.12/site-packages/airflow/example_dags/example_external_task_marker_dag.py took 0.066 seconds
[2024-05-13T01:30:39.387+0000] {processor.py:161} INFO - Started process (PID=491) to work on /home/airflow/.local/lib/python3.12/site-packages/airflow/example_dags/example_external_task_marker_dag.py
[2024-05-13T01:30:39.387+0000] {processor.py:830} INFO - Processing file /home/airflow/.local/lib/python3.12/site-packages/airflow/example_dags/example_external_task_marker_dag.py for tasks to queue
[2024-05-13T01:30:39.388+0000] {logging_mixin.py:188} INFO - [2024-05-13T01:30:39.388+0000] {dagbag.py:545} INFO - Filling up the DagBag from /home/airflow/.local/lib/python3.12/site-packages/airflow/example_dags/example_external_task_marker_dag.py
[2024-05-13T01:30:39.390+0000] {processor.py:840} INFO - DAG(s) 'example_external_task_marker_parent', 'example_external_task_marker_child' retrieved from /home/airflow/.local/lib/python3.12/site-packages/airflow/example_dags/example_external_task_marker_dag.py
[2024-05-13T01:30:39.397+0000] {logging_mixin.py:188} INFO - [2024-05-13T01:30:39.397+0000] {dag.py:3096} INFO - Sync 2 DAGs
[2024-05-13T01:30:39.402+0000] {logging_mixin.py:188} INFO - [2024-05-13T01:30:39.402+0000] {dag.py:3954} INFO - Setting next_dagrun for example_external_task_marker_child to None, run_after=None
[2024-05-13T01:30:39.403+0000] {logging_mixin.py:188} INFO - [2024-05-13T01:30:39.403+0000] {dag.py:3954} INFO - Setting next_dagrun for example_external_task_marker_parent to None, run_after=None
[2024-05-13T01:30:39.408+0000] {processor.py:183} INFO - Processing /home/airflow/.local/lib/python3.12/site-packages/airflow/example_dags/example_external_task_marker_dag.py took 0.023 seconds
[2024-05-13T01:31:09.664+0000] {processor.py:161} INFO - Started process (PID=753) to work on /home/airflow/.local/lib/python3.12/site-packages/airflow/example_dags/example_external_task_marker_dag.py
[2024-05-13T01:31:09.664+0000] {processor.py:830} INFO - Processing file /home/airflow/.local/lib/python3.12/site-packages/airflow/example_dags/example_external_task_marker_dag.py for tasks to queue
[2024-05-13T01:31:09.665+0000] {logging_mixin.py:188} INFO - [2024-05-13T01:31:09.665+0000] {dagbag.py:545} INFO - Filling up the DagBag from /home/airflow/.local/lib/python3.12/site-packages/airflow/example_dags/example_external_task_marker_dag.py
[2024-05-13T01:31:09.667+0000] {processor.py:840} INFO - DAG(s) 'example_external_task_marker_parent', 'example_external_task_marker_child' retrieved from /home/airflow/.local/lib/python3.12/site-packages/airflow/example_dags/example_external_task_marker_dag.py
[2024-05-13T01:31:09.675+0000] {logging_mixin.py:188} INFO - [2024-05-13T01:31:09.675+0000] {dag.py:3096} INFO - Sync 2 DAGs
[2024-05-13T01:31:09.679+0000] {logging_mixin.py:188} INFO - [2024-05-13T01:31:09.679+0000] {dag.py:3954} INFO - Setting next_dagrun for example_external_task_marker_child to None, run_after=None
[2024-05-13T01:31:09.681+0000] {logging_mixin.py:188} INFO - [2024-05-13T01:31:09.680+0000] {dag.py:3954} INFO - Setting next_dagrun for example_external_task_marker_parent to None, run_after=None
[2024-05-13T01:31:09.685+0000] {processor.py:183} INFO - Processing /home/airflow/.local/lib/python3.12/site-packages/airflow/example_dags/example_external_task_marker_dag.py took 0.024 seconds
[2024-05-13T01:31:40.093+0000] {processor.py:161} INFO - Started process (PID=1013) to work on /home/airflow/.local/lib/python3.12/site-packages/airflow/example_dags/example_external_task_marker_dag.py
[2024-05-13T01:31:40.093+0000] {processor.py:830} INFO - Processing file /home/airflow/.local/lib/python3.12/site-packages/airflow/example_dags/example_external_task_marker_dag.py for tasks to queue
[2024-05-13T01:31:40.094+0000] {logging_mixin.py:188} INFO - [2024-05-13T01:31:40.094+0000] {dagbag.py:545} INFO - Filling up the DagBag from /home/airflow/.local/lib/python3.12/site-packages/airflow/example_dags/example_external_task_marker_dag.py
[2024-05-13T01:31:40.096+0000] {processor.py:840} INFO - DAG(s) 'example_external_task_marker_child', 'example_external_task_marker_parent' retrieved from /home/airflow/.local/lib/python3.12/site-packages/airflow/example_dags/example_external_task_marker_dag.py
[2024-05-13T01:31:40.104+0000] {logging_mixin.py:188} INFO - [2024-05-13T01:31:40.104+0000] {dag.py:3096} INFO - Sync 2 DAGs
[2024-05-13T01:31:40.108+0000] {logging_mixin.py:188} INFO - [2024-05-13T01:31:40.108+0000] {dag.py:3954} INFO - Setting next_dagrun for example_external_task_marker_child to None, run_after=None
[2024-05-13T01:31:40.109+0000] {logging_mixin.py:188} INFO - [2024-05-13T01:31:40.109+0000] {dag.py:3954} INFO - Setting next_dagrun for example_external_task_marker_parent to None, run_after=None
[2024-05-13T01:31:40.114+0000] {processor.py:183} INFO - Processing /home/airflow/.local/lib/python3.12/site-packages/airflow/example_dags/example_external_task_marker_dag.py took 0.024 seconds
