[2024-05-13T01:30:09.602+0000] {processor.py:161} INFO - Started process (PID=262) to work on /home/airflow/.local/lib/python3.12/site-packages/airflow/example_dags/example_local_kubernetes_executor.py
[2024-05-13T01:30:09.602+0000] {processor.py:830} INFO - Processing file /home/airflow/.local/lib/python3.12/site-packages/airflow/example_dags/example_local_kubernetes_executor.py for tasks to queue
[2024-05-13T01:30:09.603+0000] {logging_mixin.py:188} INFO - [2024-05-13T01:30:09.603+0000] {dagbag.py:545} INFO - Filling up the DagBag from /home/airflow/.local/lib/python3.12/site-packages/airflow/example_dags/example_local_kubernetes_executor.py
[2024-05-13T01:30:09.607+0000] {processor.py:840} INFO - DAG(s) 'example_local_kubernetes_executor' retrieved from /home/airflow/.local/lib/python3.12/site-packages/airflow/example_dags/example_local_kubernetes_executor.py
[2024-05-13T01:30:09.648+0000] {logging_mixin.py:188} INFO - [2024-05-13T01:30:09.648+0000] {override.py:1829} INFO - Created Permission View: can read on DAG:example_local_kubernetes_executor
[2024-05-13T01:30:09.651+0000] {logging_mixin.py:188} INFO - [2024-05-13T01:30:09.651+0000] {override.py:1829} INFO - Created Permission View: can edit on DAG:example_local_kubernetes_executor
[2024-05-13T01:30:09.653+0000] {logging_mixin.py:188} INFO - [2024-05-13T01:30:09.653+0000] {override.py:1829} INFO - Created Permission View: can delete on DAG:example_local_kubernetes_executor
[2024-05-13T01:30:09.653+0000] {logging_mixin.py:188} INFO - [2024-05-13T01:30:09.653+0000] {dag.py:3096} INFO - Sync 1 DAGs
[2024-05-13T01:30:09.657+0000] {logging_mixin.py:188} INFO - [2024-05-13T01:30:09.657+0000] {dag.py:3118} INFO - Creating ORM DAG for example_local_kubernetes_executor
[2024-05-13T01:30:09.658+0000] {logging_mixin.py:188} INFO - [2024-05-13T01:30:09.658+0000] {dag.py:3954} INFO - Setting next_dagrun for example_local_kubernetes_executor to None, run_after=None
[2024-05-13T01:30:09.663+0000] {processor.py:183} INFO - Processing /home/airflow/.local/lib/python3.12/site-packages/airflow/example_dags/example_local_kubernetes_executor.py took 0.063 seconds
[2024-05-13T01:30:40.545+0000] {processor.py:161} INFO - Started process (PID=524) to work on /home/airflow/.local/lib/python3.12/site-packages/airflow/example_dags/example_local_kubernetes_executor.py
[2024-05-13T01:30:40.546+0000] {processor.py:830} INFO - Processing file /home/airflow/.local/lib/python3.12/site-packages/airflow/example_dags/example_local_kubernetes_executor.py for tasks to queue
[2024-05-13T01:30:40.546+0000] {logging_mixin.py:188} INFO - [2024-05-13T01:30:40.546+0000] {dagbag.py:545} INFO - Filling up the DagBag from /home/airflow/.local/lib/python3.12/site-packages/airflow/example_dags/example_local_kubernetes_executor.py
[2024-05-13T01:30:40.550+0000] {processor.py:840} INFO - DAG(s) 'example_local_kubernetes_executor' retrieved from /home/airflow/.local/lib/python3.12/site-packages/airflow/example_dags/example_local_kubernetes_executor.py
[2024-05-13T01:30:40.563+0000] {logging_mixin.py:188} INFO - [2024-05-13T01:30:40.562+0000] {dag.py:3096} INFO - Sync 1 DAGs
[2024-05-13T01:30:40.567+0000] {logging_mixin.py:188} INFO - [2024-05-13T01:30:40.567+0000] {dag.py:3954} INFO - Setting next_dagrun for example_local_kubernetes_executor to None, run_after=None
[2024-05-13T01:30:40.573+0000] {processor.py:183} INFO - Processing /home/airflow/.local/lib/python3.12/site-packages/airflow/example_dags/example_local_kubernetes_executor.py took 0.031 seconds
[2024-05-13T01:31:10.838+0000] {processor.py:161} INFO - Started process (PID=786) to work on /home/airflow/.local/lib/python3.12/site-packages/airflow/example_dags/example_local_kubernetes_executor.py
[2024-05-13T01:31:10.840+0000] {processor.py:830} INFO - Processing file /home/airflow/.local/lib/python3.12/site-packages/airflow/example_dags/example_local_kubernetes_executor.py for tasks to queue
[2024-05-13T01:31:10.841+0000] {logging_mixin.py:188} INFO - [2024-05-13T01:31:10.841+0000] {dagbag.py:545} INFO - Filling up the DagBag from /home/airflow/.local/lib/python3.12/site-packages/airflow/example_dags/example_local_kubernetes_executor.py
[2024-05-13T01:31:10.846+0000] {processor.py:840} INFO - DAG(s) 'example_local_kubernetes_executor' retrieved from /home/airflow/.local/lib/python3.12/site-packages/airflow/example_dags/example_local_kubernetes_executor.py
[2024-05-13T01:31:10.864+0000] {logging_mixin.py:188} INFO - [2024-05-13T01:31:10.863+0000] {dag.py:3096} INFO - Sync 1 DAGs
[2024-05-13T01:31:10.878+0000] {logging_mixin.py:188} INFO - [2024-05-13T01:31:10.878+0000] {dag.py:3954} INFO - Setting next_dagrun for example_local_kubernetes_executor to None, run_after=None
[2024-05-13T01:31:10.887+0000] {processor.py:183} INFO - Processing /home/airflow/.local/lib/python3.12/site-packages/airflow/example_dags/example_local_kubernetes_executor.py took 0.053 seconds
[2024-05-13T01:31:41.279+0000] {processor.py:161} INFO - Started process (PID=1048) to work on /home/airflow/.local/lib/python3.12/site-packages/airflow/example_dags/example_local_kubernetes_executor.py
[2024-05-13T01:31:41.279+0000] {processor.py:830} INFO - Processing file /home/airflow/.local/lib/python3.12/site-packages/airflow/example_dags/example_local_kubernetes_executor.py for tasks to queue
[2024-05-13T01:31:41.280+0000] {logging_mixin.py:188} INFO - [2024-05-13T01:31:41.280+0000] {dagbag.py:545} INFO - Filling up the DagBag from /home/airflow/.local/lib/python3.12/site-packages/airflow/example_dags/example_local_kubernetes_executor.py
[2024-05-13T01:31:41.284+0000] {processor.py:840} INFO - DAG(s) 'example_local_kubernetes_executor' retrieved from /home/airflow/.local/lib/python3.12/site-packages/airflow/example_dags/example_local_kubernetes_executor.py
[2024-05-13T01:31:41.297+0000] {logging_mixin.py:188} INFO - [2024-05-13T01:31:41.297+0000] {dag.py:3096} INFO - Sync 1 DAGs
[2024-05-13T01:31:41.302+0000] {logging_mixin.py:188} INFO - [2024-05-13T01:31:41.302+0000] {dag.py:3954} INFO - Setting next_dagrun for example_local_kubernetes_executor to None, run_after=None
[2024-05-13T01:31:41.309+0000] {processor.py:183} INFO - Processing /home/airflow/.local/lib/python3.12/site-packages/airflow/example_dags/example_local_kubernetes_executor.py took 0.034 seconds
