[2024-05-13T01:30:09.814+0000] {processor.py:161} INFO - Started process (PID=287) to work on /home/airflow/.local/lib/python3.12/site-packages/airflow/example_dags/example_xcom.py
[2024-05-13T01:30:09.814+0000] {processor.py:830} INFO - Processing file /home/airflow/.local/lib/python3.12/site-packages/airflow/example_dags/example_xcom.py for tasks to queue
[2024-05-13T01:30:09.815+0000] {logging_mixin.py:188} INFO - [2024-05-13T01:30:09.815+0000] {dagbag.py:545} INFO - Filling up the DagBag from /home/airflow/.local/lib/python3.12/site-packages/airflow/example_dags/example_xcom.py
[2024-05-13T01:30:09.819+0000] {processor.py:840} INFO - DAG(s) 'example_xcom' retrieved from /home/airflow/.local/lib/python3.12/site-packages/airflow/example_dags/example_xcom.py
[2024-05-13T01:30:09.858+0000] {logging_mixin.py:188} INFO - [2024-05-13T01:30:09.858+0000] {override.py:1829} INFO - Created Permission View: can read on DAG:example_xcom
[2024-05-13T01:30:09.861+0000] {logging_mixin.py:188} INFO - [2024-05-13T01:30:09.861+0000] {override.py:1829} INFO - Created Permission View: can edit on DAG:example_xcom
[2024-05-13T01:30:09.862+0000] {logging_mixin.py:188} INFO - [2024-05-13T01:30:09.862+0000] {override.py:1829} INFO - Created Permission View: can delete on DAG:example_xcom
[2024-05-13T01:30:09.862+0000] {logging_mixin.py:188} INFO - [2024-05-13T01:30:09.862+0000] {dag.py:3096} INFO - Sync 1 DAGs
[2024-05-13T01:30:09.866+0000] {logging_mixin.py:188} INFO - [2024-05-13T01:30:09.866+0000] {dag.py:3118} INFO - Creating ORM DAG for example_xcom
[2024-05-13T01:30:09.869+0000] {logging_mixin.py:188} INFO - [2024-05-13T01:30:09.869+0000] {dag.py:3954} INFO - Setting next_dagrun for example_xcom to 2021-01-01 00:00:00+00:00, run_after=2021-01-01 00:00:00+00:00
[2024-05-13T01:30:09.874+0000] {processor.py:183} INFO - Processing /home/airflow/.local/lib/python3.12/site-packages/airflow/example_dags/example_xcom.py took 0.063 seconds
[2024-05-13T01:30:40.628+0000] {processor.py:161} INFO - Started process (PID=549) to work on /home/airflow/.local/lib/python3.12/site-packages/airflow/example_dags/example_xcom.py
[2024-05-13T01:30:40.628+0000] {processor.py:830} INFO - Processing file /home/airflow/.local/lib/python3.12/site-packages/airflow/example_dags/example_xcom.py for tasks to queue
[2024-05-13T01:30:40.629+0000] {logging_mixin.py:188} INFO - [2024-05-13T01:30:40.629+0000] {dagbag.py:545} INFO - Filling up the DagBag from /home/airflow/.local/lib/python3.12/site-packages/airflow/example_dags/example_xcom.py
[2024-05-13T01:30:40.632+0000] {processor.py:840} INFO - DAG(s) 'example_xcom' retrieved from /home/airflow/.local/lib/python3.12/site-packages/airflow/example_dags/example_xcom.py
[2024-05-13T01:30:40.640+0000] {logging_mixin.py:188} INFO - [2024-05-13T01:30:40.639+0000] {dag.py:3096} INFO - Sync 1 DAGs
[2024-05-13T01:30:40.647+0000] {logging_mixin.py:188} INFO - [2024-05-13T01:30:40.647+0000] {dag.py:3954} INFO - Setting next_dagrun for example_xcom to 2021-01-01 00:00:00+00:00, run_after=2021-01-01 00:00:00+00:00
[2024-05-13T01:30:40.655+0000] {processor.py:183} INFO - Processing /home/airflow/.local/lib/python3.12/site-packages/airflow/example_dags/example_xcom.py took 0.029 seconds
[2024-05-13T01:31:10.966+0000] {processor.py:161} INFO - Started process (PID=811) to work on /home/airflow/.local/lib/python3.12/site-packages/airflow/example_dags/example_xcom.py
[2024-05-13T01:31:10.966+0000] {processor.py:830} INFO - Processing file /home/airflow/.local/lib/python3.12/site-packages/airflow/example_dags/example_xcom.py for tasks to queue
[2024-05-13T01:31:10.967+0000] {logging_mixin.py:188} INFO - [2024-05-13T01:31:10.967+0000] {dagbag.py:545} INFO - Filling up the DagBag from /home/airflow/.local/lib/python3.12/site-packages/airflow/example_dags/example_xcom.py
[2024-05-13T01:31:10.970+0000] {processor.py:840} INFO - DAG(s) 'example_xcom' retrieved from /home/airflow/.local/lib/python3.12/site-packages/airflow/example_dags/example_xcom.py
[2024-05-13T01:31:10.978+0000] {logging_mixin.py:188} INFO - [2024-05-13T01:31:10.978+0000] {dag.py:3096} INFO - Sync 1 DAGs
[2024-05-13T01:31:10.986+0000] {logging_mixin.py:188} INFO - [2024-05-13T01:31:10.986+0000] {dag.py:3954} INFO - Setting next_dagrun for example_xcom to 2021-01-01 00:00:00+00:00, run_after=2021-01-01 00:00:00+00:00
[2024-05-13T01:31:10.992+0000] {processor.py:183} INFO - Processing /home/airflow/.local/lib/python3.12/site-packages/airflow/example_dags/example_xcom.py took 0.029 seconds
[2024-05-13T01:31:41.386+0000] {processor.py:161} INFO - Started process (PID=1073) to work on /home/airflow/.local/lib/python3.12/site-packages/airflow/example_dags/example_xcom.py
[2024-05-13T01:31:41.387+0000] {processor.py:830} INFO - Processing file /home/airflow/.local/lib/python3.12/site-packages/airflow/example_dags/example_xcom.py for tasks to queue
[2024-05-13T01:31:41.387+0000] {logging_mixin.py:188} INFO - [2024-05-13T01:31:41.387+0000] {dagbag.py:545} INFO - Filling up the DagBag from /home/airflow/.local/lib/python3.12/site-packages/airflow/example_dags/example_xcom.py
[2024-05-13T01:31:41.391+0000] {processor.py:840} INFO - DAG(s) 'example_xcom' retrieved from /home/airflow/.local/lib/python3.12/site-packages/airflow/example_dags/example_xcom.py
[2024-05-13T01:31:41.399+0000] {logging_mixin.py:188} INFO - [2024-05-13T01:31:41.399+0000] {dag.py:3096} INFO - Sync 1 DAGs
[2024-05-13T01:31:41.407+0000] {logging_mixin.py:188} INFO - [2024-05-13T01:31:41.407+0000] {dag.py:3954} INFO - Setting next_dagrun for example_xcom to 2021-01-01 00:00:00+00:00, run_after=2021-01-01 00:00:00+00:00
[2024-05-13T01:31:41.414+0000] {processor.py:183} INFO - Processing /home/airflow/.local/lib/python3.12/site-packages/airflow/example_dags/example_xcom.py took 0.030 seconds
