[2024-05-13T01:30:10.374+0000] {processor.py:161} INFO - Started process (PID=359) to work on /home/airflow/.local/lib/python3.12/site-packages/airflow/example_dags/example_dag_decorator.py
[2024-05-13T01:30:10.374+0000] {processor.py:830} INFO - Processing file /home/airflow/.local/lib/python3.12/site-packages/airflow/example_dags/example_dag_decorator.py for tasks to queue
[2024-05-13T01:30:10.375+0000] {logging_mixin.py:188} INFO - [2024-05-13T01:30:10.375+0000] {dagbag.py:545} INFO - Filling up the DagBag from /home/airflow/.local/lib/python3.12/site-packages/airflow/example_dags/example_dag_decorator.py
[2024-05-13T01:30:10.465+0000] {processor.py:840} INFO - DAG(s) 'example_dag_decorator' retrieved from /home/airflow/.local/lib/python3.12/site-packages/airflow/example_dags/example_dag_decorator.py
[2024-05-13T01:30:10.500+0000] {logging_mixin.py:188} INFO - [2024-05-13T01:30:10.500+0000] {override.py:1829} INFO - Created Permission View: can read on DAG:example_dag_decorator
[2024-05-13T01:30:10.503+0000] {logging_mixin.py:188} INFO - [2024-05-13T01:30:10.503+0000] {override.py:1829} INFO - Created Permission View: can edit on DAG:example_dag_decorator
[2024-05-13T01:30:10.505+0000] {logging_mixin.py:188} INFO - [2024-05-13T01:30:10.505+0000] {override.py:1829} INFO - Created Permission View: can delete on DAG:example_dag_decorator
[2024-05-13T01:30:10.505+0000] {logging_mixin.py:188} INFO - [2024-05-13T01:30:10.505+0000] {dag.py:3096} INFO - Sync 1 DAGs
[2024-05-13T01:30:10.508+0000] {logging_mixin.py:188} INFO - [2024-05-13T01:30:10.508+0000] {dag.py:3118} INFO - Creating ORM DAG for example_dag_decorator
[2024-05-13T01:30:10.508+0000] {logging_mixin.py:188} INFO - [2024-05-13T01:30:10.508+0000] {dag.py:3954} INFO - Setting next_dagrun for example_dag_decorator to None, run_after=None
[2024-05-13T01:30:10.514+0000] {processor.py:183} INFO - Processing /home/airflow/.local/lib/python3.12/site-packages/airflow/example_dags/example_dag_decorator.py took 0.142 seconds
[2024-05-13T01:30:40.886+0000] {processor.py:161} INFO - Started process (PID=619) to work on /home/airflow/.local/lib/python3.12/site-packages/airflow/example_dags/example_dag_decorator.py
[2024-05-13T01:30:40.886+0000] {processor.py:830} INFO - Processing file /home/airflow/.local/lib/python3.12/site-packages/airflow/example_dags/example_dag_decorator.py for tasks to queue
[2024-05-13T01:30:40.887+0000] {logging_mixin.py:188} INFO - [2024-05-13T01:30:40.887+0000] {dagbag.py:545} INFO - Filling up the DagBag from /home/airflow/.local/lib/python3.12/site-packages/airflow/example_dags/example_dag_decorator.py
[2024-05-13T01:30:40.919+0000] {processor.py:840} INFO - DAG(s) 'example_dag_decorator' retrieved from /home/airflow/.local/lib/python3.12/site-packages/airflow/example_dags/example_dag_decorator.py
[2024-05-13T01:30:40.954+0000] {logging_mixin.py:188} INFO - [2024-05-13T01:30:40.954+0000] {dag.py:3096} INFO - Sync 1 DAGs
[2024-05-13T01:30:40.958+0000] {logging_mixin.py:188} INFO - [2024-05-13T01:30:40.958+0000] {dag.py:3954} INFO - Setting next_dagrun for example_dag_decorator to None, run_after=None
[2024-05-13T01:30:40.965+0000] {processor.py:183} INFO - Processing /home/airflow/.local/lib/python3.12/site-packages/airflow/example_dags/example_dag_decorator.py took 0.081 seconds
[2024-05-13T01:31:11.251+0000] {processor.py:161} INFO - Started process (PID=881) to work on /home/airflow/.local/lib/python3.12/site-packages/airflow/example_dags/example_dag_decorator.py
[2024-05-13T01:31:11.253+0000] {processor.py:830} INFO - Processing file /home/airflow/.local/lib/python3.12/site-packages/airflow/example_dags/example_dag_decorator.py for tasks to queue
[2024-05-13T01:31:11.255+0000] {logging_mixin.py:188} INFO - [2024-05-13T01:31:11.255+0000] {dagbag.py:545} INFO - Filling up the DagBag from /home/airflow/.local/lib/python3.12/site-packages/airflow/example_dags/example_dag_decorator.py
[2024-05-13T01:31:11.295+0000] {processor.py:840} INFO - DAG(s) 'example_dag_decorator' retrieved from /home/airflow/.local/lib/python3.12/site-packages/airflow/example_dags/example_dag_decorator.py
[2024-05-13T01:31:11.339+0000] {logging_mixin.py:188} INFO - [2024-05-13T01:31:11.339+0000] {dag.py:3096} INFO - Sync 1 DAGs
[2024-05-13T01:31:11.344+0000] {logging_mixin.py:188} INFO - [2024-05-13T01:31:11.344+0000] {dag.py:3954} INFO - Setting next_dagrun for example_dag_decorator to None, run_after=None
[2024-05-13T01:31:11.352+0000] {processor.py:183} INFO - Processing /home/airflow/.local/lib/python3.12/site-packages/airflow/example_dags/example_dag_decorator.py took 0.104 seconds
[2024-05-13T01:31:41.660+0000] {processor.py:161} INFO - Started process (PID=1143) to work on /home/airflow/.local/lib/python3.12/site-packages/airflow/example_dags/example_dag_decorator.py
[2024-05-13T01:31:41.660+0000] {processor.py:830} INFO - Processing file /home/airflow/.local/lib/python3.12/site-packages/airflow/example_dags/example_dag_decorator.py for tasks to queue
[2024-05-13T01:31:41.661+0000] {logging_mixin.py:188} INFO - [2024-05-13T01:31:41.661+0000] {dagbag.py:545} INFO - Filling up the DagBag from /home/airflow/.local/lib/python3.12/site-packages/airflow/example_dags/example_dag_decorator.py
[2024-05-13T01:31:41.695+0000] {processor.py:840} INFO - DAG(s) 'example_dag_decorator' retrieved from /home/airflow/.local/lib/python3.12/site-packages/airflow/example_dags/example_dag_decorator.py
[2024-05-13T01:31:41.733+0000] {logging_mixin.py:188} INFO - [2024-05-13T01:31:41.732+0000] {dag.py:3096} INFO - Sync 1 DAGs
[2024-05-13T01:31:41.736+0000] {logging_mixin.py:188} INFO - [2024-05-13T01:31:41.736+0000] {dag.py:3954} INFO - Setting next_dagrun for example_dag_decorator to None, run_after=None
[2024-05-13T01:31:41.744+0000] {processor.py:183} INFO - Processing /home/airflow/.local/lib/python3.12/site-packages/airflow/example_dags/example_dag_decorator.py took 0.087 seconds
