[2024-05-13T01:30:09.662+0000] {processor.py:161} INFO - Started process (PID=267) to work on /home/airflow/.local/lib/python3.12/site-packages/airflow/example_dags/example_branch_datetime_operator.py
[2024-05-13T01:30:09.663+0000] {processor.py:830} INFO - Processing file /home/airflow/.local/lib/python3.12/site-packages/airflow/example_dags/example_branch_datetime_operator.py for tasks to queue
[2024-05-13T01:30:09.663+0000] {logging_mixin.py:188} INFO - [2024-05-13T01:30:09.663+0000] {dagbag.py:545} INFO - Filling up the DagBag from /home/airflow/.local/lib/python3.12/site-packages/airflow/example_dags/example_branch_datetime_operator.py
[2024-05-13T01:30:09.669+0000] {processor.py:840} INFO - DAG(s) 'example_branch_datetime_operator', 'example_branch_datetime_operator_2', 'example_branch_datetime_operator_3' retrieved from /home/airflow/.local/lib/python3.12/site-packages/airflow/example_dags/example_branch_datetime_operator.py
[2024-05-13T01:30:09.706+0000] {logging_mixin.py:188} INFO - [2024-05-13T01:30:09.706+0000] {override.py:1829} INFO - Created Permission View: can read on DAG:example_branch_datetime_operator
[2024-05-13T01:30:09.712+0000] {logging_mixin.py:188} INFO - [2024-05-13T01:30:09.712+0000] {override.py:1829} INFO - Created Permission View: can edit on DAG:example_branch_datetime_operator
[2024-05-13T01:30:09.714+0000] {logging_mixin.py:188} INFO - [2024-05-13T01:30:09.713+0000] {override.py:1829} INFO - Created Permission View: can delete on DAG:example_branch_datetime_operator
[2024-05-13T01:30:09.717+0000] {logging_mixin.py:188} INFO - [2024-05-13T01:30:09.717+0000] {override.py:1829} INFO - Created Permission View: can read on DAG:example_branch_datetime_operator_2
[2024-05-13T01:30:09.719+0000] {logging_mixin.py:188} INFO - [2024-05-13T01:30:09.718+0000] {override.py:1829} INFO - Created Permission View: can edit on DAG:example_branch_datetime_operator_2
[2024-05-13T01:30:09.720+0000] {logging_mixin.py:188} INFO - [2024-05-13T01:30:09.720+0000] {override.py:1829} INFO - Created Permission View: can delete on DAG:example_branch_datetime_operator_2
[2024-05-13T01:30:09.725+0000] {logging_mixin.py:188} INFO - [2024-05-13T01:30:09.725+0000] {override.py:1829} INFO - Created Permission View: can read on DAG:example_branch_datetime_operator_3
[2024-05-13T01:30:09.727+0000] {logging_mixin.py:188} INFO - [2024-05-13T01:30:09.727+0000] {override.py:1829} INFO - Created Permission View: can edit on DAG:example_branch_datetime_operator_3
[2024-05-13T01:30:09.729+0000] {logging_mixin.py:188} INFO - [2024-05-13T01:30:09.729+0000] {override.py:1829} INFO - Created Permission View: can delete on DAG:example_branch_datetime_operator_3
[2024-05-13T01:30:09.729+0000] {logging_mixin.py:188} INFO - [2024-05-13T01:30:09.729+0000] {dag.py:3096} INFO - Sync 3 DAGs
[2024-05-13T01:30:09.733+0000] {logging_mixin.py:188} INFO - [2024-05-13T01:30:09.733+0000] {dag.py:3118} INFO - Creating ORM DAG for example_branch_datetime_operator_2
[2024-05-13T01:30:09.734+0000] {logging_mixin.py:188} INFO - [2024-05-13T01:30:09.734+0000] {dag.py:3118} INFO - Creating ORM DAG for example_branch_datetime_operator
[2024-05-13T01:30:09.735+0000] {logging_mixin.py:188} INFO - [2024-05-13T01:30:09.734+0000] {dag.py:3118} INFO - Creating ORM DAG for example_branch_datetime_operator_3
[2024-05-13T01:30:09.738+0000] {logging_mixin.py:188} INFO - [2024-05-13T01:30:09.738+0000] {dag.py:3954} INFO - Setting next_dagrun for example_branch_datetime_operator to 2024-05-12 00:00:00+00:00, run_after=2024-05-13 00:00:00+00:00
[2024-05-13T01:30:09.739+0000] {logging_mixin.py:188} INFO - [2024-05-13T01:30:09.739+0000] {dag.py:3954} INFO - Setting next_dagrun for example_branch_datetime_operator_2 to 2024-05-12 00:00:00+00:00, run_after=2024-05-13 00:00:00+00:00
[2024-05-13T01:30:09.739+0000] {logging_mixin.py:188} INFO - [2024-05-13T01:30:09.739+0000] {dag.py:3954} INFO - Setting next_dagrun for example_branch_datetime_operator_3 to 2024-05-12 00:00:00+00:00, run_after=2024-05-13 00:00:00+00:00
[2024-05-13T01:30:09.745+0000] {processor.py:183} INFO - Processing /home/airflow/.local/lib/python3.12/site-packages/airflow/example_dags/example_branch_datetime_operator.py took 0.085 seconds
[2024-05-13T01:30:40.553+0000] {processor.py:161} INFO - Started process (PID=529) to work on /home/airflow/.local/lib/python3.12/site-packages/airflow/example_dags/example_branch_datetime_operator.py
[2024-05-13T01:30:40.553+0000] {processor.py:830} INFO - Processing file /home/airflow/.local/lib/python3.12/site-packages/airflow/example_dags/example_branch_datetime_operator.py for tasks to queue
[2024-05-13T01:30:40.554+0000] {logging_mixin.py:188} INFO - [2024-05-13T01:30:40.554+0000] {dagbag.py:545} INFO - Filling up the DagBag from /home/airflow/.local/lib/python3.12/site-packages/airflow/example_dags/example_branch_datetime_operator.py
[2024-05-13T01:30:40.558+0000] {processor.py:840} INFO - DAG(s) 'example_branch_datetime_operator_2', 'example_branch_datetime_operator', 'example_branch_datetime_operator_3' retrieved from /home/airflow/.local/lib/python3.12/site-packages/airflow/example_dags/example_branch_datetime_operator.py
[2024-05-13T01:30:40.567+0000] {logging_mixin.py:188} INFO - [2024-05-13T01:30:40.567+0000] {dag.py:3096} INFO - Sync 3 DAGs
[2024-05-13T01:30:40.576+0000] {logging_mixin.py:188} INFO - [2024-05-13T01:30:40.576+0000] {dag.py:3954} INFO - Setting next_dagrun for example_branch_datetime_operator to 2024-05-12 00:00:00+00:00, run_after=2024-05-13 00:00:00+00:00
[2024-05-13T01:30:40.577+0000] {logging_mixin.py:188} INFO - [2024-05-13T01:30:40.577+0000] {dag.py:3954} INFO - Setting next_dagrun for example_branch_datetime_operator_2 to 2024-05-12 00:00:00+00:00, run_after=2024-05-13 00:00:00+00:00
[2024-05-13T01:30:40.578+0000] {logging_mixin.py:188} INFO - [2024-05-13T01:30:40.578+0000] {dag.py:3954} INFO - Setting next_dagrun for example_branch_datetime_operator_3 to 2024-05-12 00:00:00+00:00, run_after=2024-05-13 00:00:00+00:00
[2024-05-13T01:30:40.583+0000] {processor.py:183} INFO - Processing /home/airflow/.local/lib/python3.12/site-packages/airflow/example_dags/example_branch_datetime_operator.py took 0.033 seconds
[2024-05-13T01:31:10.878+0000] {processor.py:161} INFO - Started process (PID=791) to work on /home/airflow/.local/lib/python3.12/site-packages/airflow/example_dags/example_branch_datetime_operator.py
[2024-05-13T01:31:10.878+0000] {processor.py:830} INFO - Processing file /home/airflow/.local/lib/python3.12/site-packages/airflow/example_dags/example_branch_datetime_operator.py for tasks to queue
[2024-05-13T01:31:10.879+0000] {logging_mixin.py:188} INFO - [2024-05-13T01:31:10.879+0000] {dagbag.py:545} INFO - Filling up the DagBag from /home/airflow/.local/lib/python3.12/site-packages/airflow/example_dags/example_branch_datetime_operator.py
[2024-05-13T01:31:10.883+0000] {processor.py:840} INFO - DAG(s) 'example_branch_datetime_operator_2', 'example_branch_datetime_operator_3', 'example_branch_datetime_operator' retrieved from /home/airflow/.local/lib/python3.12/site-packages/airflow/example_dags/example_branch_datetime_operator.py
[2024-05-13T01:31:10.896+0000] {logging_mixin.py:188} INFO - [2024-05-13T01:31:10.896+0000] {dag.py:3096} INFO - Sync 3 DAGs
[2024-05-13T01:31:10.906+0000] {logging_mixin.py:188} INFO - [2024-05-13T01:31:10.906+0000] {dag.py:3954} INFO - Setting next_dagrun for example_branch_datetime_operator to 2024-05-12 00:00:00+00:00, run_after=2024-05-13 00:00:00+00:00
[2024-05-13T01:31:10.908+0000] {logging_mixin.py:188} INFO - [2024-05-13T01:31:10.908+0000] {dag.py:3954} INFO - Setting next_dagrun for example_branch_datetime_operator_2 to 2024-05-12 00:00:00+00:00, run_after=2024-05-13 00:00:00+00:00
[2024-05-13T01:31:10.909+0000] {logging_mixin.py:188} INFO - [2024-05-13T01:31:10.909+0000] {dag.py:3954} INFO - Setting next_dagrun for example_branch_datetime_operator_3 to 2024-05-12 00:00:00+00:00, run_after=2024-05-13 00:00:00+00:00
[2024-05-13T01:31:10.916+0000] {processor.py:183} INFO - Processing /home/airflow/.local/lib/python3.12/site-packages/airflow/example_dags/example_branch_datetime_operator.py took 0.047 seconds
[2024-05-13T01:31:41.305+0000] {processor.py:161} INFO - Started process (PID=1053) to work on /home/airflow/.local/lib/python3.12/site-packages/airflow/example_dags/example_branch_datetime_operator.py
[2024-05-13T01:31:41.305+0000] {processor.py:830} INFO - Processing file /home/airflow/.local/lib/python3.12/site-packages/airflow/example_dags/example_branch_datetime_operator.py for tasks to queue
[2024-05-13T01:31:41.306+0000] {logging_mixin.py:188} INFO - [2024-05-13T01:31:41.306+0000] {dagbag.py:545} INFO - Filling up the DagBag from /home/airflow/.local/lib/python3.12/site-packages/airflow/example_dags/example_branch_datetime_operator.py
[2024-05-13T01:31:41.310+0000] {processor.py:840} INFO - DAG(s) 'example_branch_datetime_operator_3', 'example_branch_datetime_operator', 'example_branch_datetime_operator_2' retrieved from /home/airflow/.local/lib/python3.12/site-packages/airflow/example_dags/example_branch_datetime_operator.py
[2024-05-13T01:31:41.320+0000] {logging_mixin.py:188} INFO - [2024-05-13T01:31:41.320+0000] {dag.py:3096} INFO - Sync 3 DAGs
[2024-05-13T01:31:41.329+0000] {logging_mixin.py:188} INFO - [2024-05-13T01:31:41.329+0000] {dag.py:3954} INFO - Setting next_dagrun for example_branch_datetime_operator to 2024-05-12 00:00:00+00:00, run_after=2024-05-13 00:00:00+00:00
[2024-05-13T01:31:41.331+0000] {logging_mixin.py:188} INFO - [2024-05-13T01:31:41.331+0000] {dag.py:3954} INFO - Setting next_dagrun for example_branch_datetime_operator_2 to 2024-05-12 00:00:00+00:00, run_after=2024-05-13 00:00:00+00:00
[2024-05-13T01:31:41.332+0000] {logging_mixin.py:188} INFO - [2024-05-13T01:31:41.332+0000] {dag.py:3954} INFO - Setting next_dagrun for example_branch_datetime_operator_3 to 2024-05-12 00:00:00+00:00, run_after=2024-05-13 00:00:00+00:00
[2024-05-13T01:31:41.338+0000] {processor.py:183} INFO - Processing /home/airflow/.local/lib/python3.12/site-packages/airflow/example_dags/example_branch_datetime_operator.py took 0.036 seconds
