[2024-05-13T01:30:08.689+0000] {processor.py:161} INFO - Started process (PID=172) to work on /home/airflow/.local/lib/python3.12/site-packages/airflow/example_dags/example_complex.py
[2024-05-13T01:30:08.689+0000] {processor.py:830} INFO - Processing file /home/airflow/.local/lib/python3.12/site-packages/airflow/example_dags/example_complex.py for tasks to queue
[2024-05-13T01:30:08.690+0000] {logging_mixin.py:188} INFO - [2024-05-13T01:30:08.689+0000] {dagbag.py:545} INFO - Filling up the DagBag from /home/airflow/.local/lib/python3.12/site-packages/airflow/example_dags/example_complex.py
[2024-05-13T01:30:08.697+0000] {processor.py:840} INFO - DAG(s) 'example_complex' retrieved from /home/airflow/.local/lib/python3.12/site-packages/airflow/example_dags/example_complex.py
[2024-05-13T01:30:08.793+0000] {logging_mixin.py:188} INFO - [2024-05-13T01:30:08.793+0000] {override.py:1829} INFO - Created Permission View: can read on DAG:example_complex
[2024-05-13T01:30:08.796+0000] {logging_mixin.py:188} INFO - [2024-05-13T01:30:08.796+0000] {override.py:1829} INFO - Created Permission View: can edit on DAG:example_complex
[2024-05-13T01:30:08.798+0000] {logging_mixin.py:188} INFO - [2024-05-13T01:30:08.798+0000] {override.py:1829} INFO - Created Permission View: can delete on DAG:example_complex
[2024-05-13T01:30:08.798+0000] {logging_mixin.py:188} INFO - [2024-05-13T01:30:08.798+0000] {dag.py:3096} INFO - Sync 1 DAGs
[2024-05-13T01:30:08.802+0000] {logging_mixin.py:188} INFO - [2024-05-13T01:30:08.802+0000] {dag.py:3118} INFO - Creating ORM DAG for example_complex
[2024-05-13T01:30:08.802+0000] {logging_mixin.py:188} INFO - [2024-05-13T01:30:08.802+0000] {dag.py:3954} INFO - Setting next_dagrun for example_complex to None, run_after=None
[2024-05-13T01:30:08.809+0000] {processor.py:183} INFO - Processing /home/airflow/.local/lib/python3.12/site-packages/airflow/example_dags/example_complex.py took 0.122 seconds
[2024-05-13T01:30:39.100+0000] {processor.py:161} INFO - Started process (PID=434) to work on /home/airflow/.local/lib/python3.12/site-packages/airflow/example_dags/example_complex.py
[2024-05-13T01:30:39.101+0000] {processor.py:830} INFO - Processing file /home/airflow/.local/lib/python3.12/site-packages/airflow/example_dags/example_complex.py for tasks to queue
[2024-05-13T01:30:39.102+0000] {logging_mixin.py:188} INFO - [2024-05-13T01:30:39.102+0000] {dagbag.py:545} INFO - Filling up the DagBag from /home/airflow/.local/lib/python3.12/site-packages/airflow/example_dags/example_complex.py
[2024-05-13T01:30:39.109+0000] {processor.py:840} INFO - DAG(s) 'example_complex' retrieved from /home/airflow/.local/lib/python3.12/site-packages/airflow/example_dags/example_complex.py
[2024-05-13T01:30:39.127+0000] {logging_mixin.py:188} INFO - [2024-05-13T01:30:39.126+0000] {dag.py:3096} INFO - Sync 1 DAGs
[2024-05-13T01:30:39.133+0000] {logging_mixin.py:188} INFO - [2024-05-13T01:30:39.133+0000] {dag.py:3954} INFO - Setting next_dagrun for example_complex to None, run_after=None
[2024-05-13T01:30:39.141+0000] {processor.py:183} INFO - Processing /home/airflow/.local/lib/python3.12/site-packages/airflow/example_dags/example_complex.py took 0.045 seconds
[2024-05-13T01:31:09.410+0000] {processor.py:161} INFO - Started process (PID=696) to work on /home/airflow/.local/lib/python3.12/site-packages/airflow/example_dags/example_complex.py
[2024-05-13T01:31:09.411+0000] {processor.py:830} INFO - Processing file /home/airflow/.local/lib/python3.12/site-packages/airflow/example_dags/example_complex.py for tasks to queue
[2024-05-13T01:31:09.412+0000] {logging_mixin.py:188} INFO - [2024-05-13T01:31:09.412+0000] {dagbag.py:545} INFO - Filling up the DagBag from /home/airflow/.local/lib/python3.12/site-packages/airflow/example_dags/example_complex.py
[2024-05-13T01:31:09.419+0000] {processor.py:840} INFO - DAG(s) 'example_complex' retrieved from /home/airflow/.local/lib/python3.12/site-packages/airflow/example_dags/example_complex.py
[2024-05-13T01:31:09.435+0000] {logging_mixin.py:188} INFO - [2024-05-13T01:31:09.435+0000] {dag.py:3096} INFO - Sync 1 DAGs
[2024-05-13T01:31:09.440+0000] {logging_mixin.py:188} INFO - [2024-05-13T01:31:09.440+0000] {dag.py:3954} INFO - Setting next_dagrun for example_complex to None, run_after=None
[2024-05-13T01:31:09.447+0000] {processor.py:183} INFO - Processing /home/airflow/.local/lib/python3.12/site-packages/airflow/example_dags/example_complex.py took 0.042 seconds
[2024-05-13T01:31:39.818+0000] {processor.py:161} INFO - Started process (PID=958) to work on /home/airflow/.local/lib/python3.12/site-packages/airflow/example_dags/example_complex.py
[2024-05-13T01:31:39.818+0000] {processor.py:830} INFO - Processing file /home/airflow/.local/lib/python3.12/site-packages/airflow/example_dags/example_complex.py for tasks to queue
[2024-05-13T01:31:39.820+0000] {logging_mixin.py:188} INFO - [2024-05-13T01:31:39.819+0000] {dagbag.py:545} INFO - Filling up the DagBag from /home/airflow/.local/lib/python3.12/site-packages/airflow/example_dags/example_complex.py
[2024-05-13T01:31:39.827+0000] {processor.py:840} INFO - DAG(s) 'example_complex' retrieved from /home/airflow/.local/lib/python3.12/site-packages/airflow/example_dags/example_complex.py
[2024-05-13T01:31:39.847+0000] {logging_mixin.py:188} INFO - [2024-05-13T01:31:39.847+0000] {dag.py:3096} INFO - Sync 1 DAGs
[2024-05-13T01:31:39.854+0000] {logging_mixin.py:188} INFO - [2024-05-13T01:31:39.854+0000] {dag.py:3954} INFO - Setting next_dagrun for example_complex to None, run_after=None
[2024-05-13T01:31:39.862+0000] {processor.py:183} INFO - Processing /home/airflow/.local/lib/python3.12/site-packages/airflow/example_dags/example_complex.py took 0.051 seconds
