[2024-05-13T01:30:10.095+0000] {processor.py:161} INFO - Started process (PID=327) to work on /home/airflow/.local/lib/python3.12/site-packages/airflow/example_dags/example_dynamic_task_mapping_with_no_taskflow_operators.py
[2024-05-13T01:30:10.095+0000] {processor.py:830} INFO - Processing file /home/airflow/.local/lib/python3.12/site-packages/airflow/example_dags/example_dynamic_task_mapping_with_no_taskflow_operators.py for tasks to queue
[2024-05-13T01:30:10.096+0000] {logging_mixin.py:188} INFO - [2024-05-13T01:30:10.096+0000] {dagbag.py:545} INFO - Filling up the DagBag from /home/airflow/.local/lib/python3.12/site-packages/airflow/example_dags/example_dynamic_task_mapping_with_no_taskflow_operators.py
[2024-05-13T01:30:10.099+0000] {processor.py:840} INFO - DAG(s) 'example_dynamic_task_mapping_with_no_taskflow_operators' retrieved from /home/airflow/.local/lib/python3.12/site-packages/airflow/example_dags/example_dynamic_task_mapping_with_no_taskflow_operators.py
[2024-05-13T01:30:10.136+0000] {logging_mixin.py:188} INFO - [2024-05-13T01:30:10.136+0000] {override.py:1829} INFO - Created Permission View: can read on DAG:example_dynamic_task_mapping_with_no_taskflow_operators
[2024-05-13T01:30:10.140+0000] {logging_mixin.py:188} INFO - [2024-05-13T01:30:10.140+0000] {override.py:1829} INFO - Created Permission View: can edit on DAG:example_dynamic_task_mapping_with_no_taskflow_operators
[2024-05-13T01:30:10.142+0000] {logging_mixin.py:188} INFO - [2024-05-13T01:30:10.142+0000] {override.py:1829} INFO - Created Permission View: can delete on DAG:example_dynamic_task_mapping_with_no_taskflow_operators
[2024-05-13T01:30:10.142+0000] {logging_mixin.py:188} INFO - [2024-05-13T01:30:10.142+0000] {dag.py:3096} INFO - Sync 1 DAGs
[2024-05-13T01:30:10.146+0000] {logging_mixin.py:188} INFO - [2024-05-13T01:30:10.146+0000] {dag.py:3118} INFO - Creating ORM DAG for example_dynamic_task_mapping_with_no_taskflow_operators
[2024-05-13T01:30:10.149+0000] {logging_mixin.py:188} INFO - [2024-05-13T01:30:10.149+0000] {dag.py:3954} INFO - Setting next_dagrun for example_dynamic_task_mapping_with_no_taskflow_operators to 2024-05-12 00:00:00+00:00, run_after=2024-05-13 00:00:00+00:00
[2024-05-13T01:30:10.153+0000] {processor.py:183} INFO - Processing /home/airflow/.local/lib/python3.12/site-packages/airflow/example_dags/example_dynamic_task_mapping_with_no_taskflow_operators.py took 0.060 seconds
[2024-05-13T01:30:40.781+0000] {processor.py:161} INFO - Started process (PID=589) to work on /home/airflow/.local/lib/python3.12/site-packages/airflow/example_dags/example_dynamic_task_mapping_with_no_taskflow_operators.py
[2024-05-13T01:30:40.781+0000] {processor.py:830} INFO - Processing file /home/airflow/.local/lib/python3.12/site-packages/airflow/example_dags/example_dynamic_task_mapping_with_no_taskflow_operators.py for tasks to queue
[2024-05-13T01:30:40.782+0000] {logging_mixin.py:188} INFO - [2024-05-13T01:30:40.782+0000] {dagbag.py:545} INFO - Filling up the DagBag from /home/airflow/.local/lib/python3.12/site-packages/airflow/example_dags/example_dynamic_task_mapping_with_no_taskflow_operators.py
[2024-05-13T01:30:40.785+0000] {processor.py:840} INFO - DAG(s) 'example_dynamic_task_mapping_with_no_taskflow_operators' retrieved from /home/airflow/.local/lib/python3.12/site-packages/airflow/example_dags/example_dynamic_task_mapping_with_no_taskflow_operators.py
[2024-05-13T01:30:40.792+0000] {logging_mixin.py:188} INFO - [2024-05-13T01:30:40.792+0000] {dag.py:3096} INFO - Sync 1 DAGs
[2024-05-13T01:30:40.800+0000] {logging_mixin.py:188} INFO - [2024-05-13T01:30:40.800+0000] {dag.py:3954} INFO - Setting next_dagrun for example_dynamic_task_mapping_with_no_taskflow_operators to 2024-05-12 00:00:00+00:00, run_after=2024-05-13 00:00:00+00:00
[2024-05-13T01:30:40.806+0000] {processor.py:183} INFO - Processing /home/airflow/.local/lib/python3.12/site-packages/airflow/example_dags/example_dynamic_task_mapping_with_no_taskflow_operators.py took 0.027 seconds
[2024-05-13T01:31:11.143+0000] {processor.py:161} INFO - Started process (PID=853) to work on /home/airflow/.local/lib/python3.12/site-packages/airflow/example_dags/example_dynamic_task_mapping_with_no_taskflow_operators.py
[2024-05-13T01:31:11.144+0000] {processor.py:830} INFO - Processing file /home/airflow/.local/lib/python3.12/site-packages/airflow/example_dags/example_dynamic_task_mapping_with_no_taskflow_operators.py for tasks to queue
[2024-05-13T01:31:11.144+0000] {logging_mixin.py:188} INFO - [2024-05-13T01:31:11.144+0000] {dagbag.py:545} INFO - Filling up the DagBag from /home/airflow/.local/lib/python3.12/site-packages/airflow/example_dags/example_dynamic_task_mapping_with_no_taskflow_operators.py
[2024-05-13T01:31:11.147+0000] {processor.py:840} INFO - DAG(s) 'example_dynamic_task_mapping_with_no_taskflow_operators' retrieved from /home/airflow/.local/lib/python3.12/site-packages/airflow/example_dags/example_dynamic_task_mapping_with_no_taskflow_operators.py
[2024-05-13T01:31:11.154+0000] {logging_mixin.py:188} INFO - [2024-05-13T01:31:11.154+0000] {dag.py:3096} INFO - Sync 1 DAGs
[2024-05-13T01:31:11.162+0000] {logging_mixin.py:188} INFO - [2024-05-13T01:31:11.162+0000] {dag.py:3954} INFO - Setting next_dagrun for example_dynamic_task_mapping_with_no_taskflow_operators to 2024-05-12 00:00:00+00:00, run_after=2024-05-13 00:00:00+00:00
[2024-05-13T01:31:11.168+0000] {processor.py:183} INFO - Processing /home/airflow/.local/lib/python3.12/site-packages/airflow/example_dags/example_dynamic_task_mapping_with_no_taskflow_operators.py took 0.027 seconds
[2024-05-13T01:31:41.544+0000] {processor.py:161} INFO - Started process (PID=1113) to work on /home/airflow/.local/lib/python3.12/site-packages/airflow/example_dags/example_dynamic_task_mapping_with_no_taskflow_operators.py
[2024-05-13T01:31:41.545+0000] {processor.py:830} INFO - Processing file /home/airflow/.local/lib/python3.12/site-packages/airflow/example_dags/example_dynamic_task_mapping_with_no_taskflow_operators.py for tasks to queue
[2024-05-13T01:31:41.546+0000] {logging_mixin.py:188} INFO - [2024-05-13T01:31:41.545+0000] {dagbag.py:545} INFO - Filling up the DagBag from /home/airflow/.local/lib/python3.12/site-packages/airflow/example_dags/example_dynamic_task_mapping_with_no_taskflow_operators.py
[2024-05-13T01:31:41.549+0000] {processor.py:840} INFO - DAG(s) 'example_dynamic_task_mapping_with_no_taskflow_operators' retrieved from /home/airflow/.local/lib/python3.12/site-packages/airflow/example_dags/example_dynamic_task_mapping_with_no_taskflow_operators.py
[2024-05-13T01:31:41.557+0000] {logging_mixin.py:188} INFO - [2024-05-13T01:31:41.556+0000] {dag.py:3096} INFO - Sync 1 DAGs
[2024-05-13T01:31:41.565+0000] {logging_mixin.py:188} INFO - [2024-05-13T01:31:41.565+0000] {dag.py:3954} INFO - Setting next_dagrun for example_dynamic_task_mapping_with_no_taskflow_operators to 2024-05-12 00:00:00+00:00, run_after=2024-05-13 00:00:00+00:00
[2024-05-13T01:31:41.572+0000] {processor.py:183} INFO - Processing /home/airflow/.local/lib/python3.12/site-packages/airflow/example_dags/example_dynamic_task_mapping_with_no_taskflow_operators.py took 0.030 seconds
