[2024-05-13T01:30:10.172+0000] {processor.py:161} INFO - Started process (PID=334) to work on /home/airflow/.local/lib/python3.12/site-packages/airflow/example_dags/tutorial_objectstorage.py
[2024-05-13T01:30:10.172+0000] {processor.py:830} INFO - Processing file /home/airflow/.local/lib/python3.12/site-packages/airflow/example_dags/tutorial_objectstorage.py for tasks to queue
[2024-05-13T01:30:10.173+0000] {logging_mixin.py:188} INFO - [2024-05-13T01:30:10.173+0000] {dagbag.py:545} INFO - Filling up the DagBag from /home/airflow/.local/lib/python3.12/site-packages/airflow/example_dags/tutorial_objectstorage.py
[2024-05-13T01:30:10.176+0000] {processor.py:840} INFO - DAG(s) 'tutorial_objectstorage' retrieved from /home/airflow/.local/lib/python3.12/site-packages/airflow/example_dags/tutorial_objectstorage.py
[2024-05-13T01:30:10.212+0000] {logging_mixin.py:188} INFO - [2024-05-13T01:30:10.212+0000] {override.py:1829} INFO - Created Permission View: can read on DAG:tutorial_objectstorage
[2024-05-13T01:30:10.215+0000] {logging_mixin.py:188} INFO - [2024-05-13T01:30:10.215+0000] {override.py:1829} INFO - Created Permission View: can edit on DAG:tutorial_objectstorage
[2024-05-13T01:30:10.216+0000] {logging_mixin.py:188} INFO - [2024-05-13T01:30:10.216+0000] {override.py:1829} INFO - Created Permission View: can delete on DAG:tutorial_objectstorage
[2024-05-13T01:30:10.217+0000] {logging_mixin.py:188} INFO - [2024-05-13T01:30:10.217+0000] {dag.py:3096} INFO - Sync 1 DAGs
[2024-05-13T01:30:10.220+0000] {logging_mixin.py:188} INFO - [2024-05-13T01:30:10.220+0000] {dag.py:3118} INFO - Creating ORM DAG for tutorial_objectstorage
[2024-05-13T01:30:10.220+0000] {logging_mixin.py:188} INFO - [2024-05-13T01:30:10.220+0000] {dag.py:3954} INFO - Setting next_dagrun for tutorial_objectstorage to None, run_after=None
[2024-05-13T01:30:10.226+0000] {processor.py:183} INFO - Processing /home/airflow/.local/lib/python3.12/site-packages/airflow/example_dags/tutorial_objectstorage.py took 0.056 seconds
[2024-05-13T01:30:40.809+0000] {processor.py:161} INFO - Started process (PID=594) to work on /home/airflow/.local/lib/python3.12/site-packages/airflow/example_dags/tutorial_objectstorage.py
[2024-05-13T01:30:40.809+0000] {processor.py:830} INFO - Processing file /home/airflow/.local/lib/python3.12/site-packages/airflow/example_dags/tutorial_objectstorage.py for tasks to queue
[2024-05-13T01:30:40.810+0000] {logging_mixin.py:188} INFO - [2024-05-13T01:30:40.810+0000] {dagbag.py:545} INFO - Filling up the DagBag from /home/airflow/.local/lib/python3.12/site-packages/airflow/example_dags/tutorial_objectstorage.py
[2024-05-13T01:30:40.813+0000] {processor.py:840} INFO - DAG(s) 'tutorial_objectstorage' retrieved from /home/airflow/.local/lib/python3.12/site-packages/airflow/example_dags/tutorial_objectstorage.py
[2024-05-13T01:30:40.821+0000] {logging_mixin.py:188} INFO - [2024-05-13T01:30:40.820+0000] {dag.py:3096} INFO - Sync 1 DAGs
[2024-05-13T01:30:40.825+0000] {logging_mixin.py:188} INFO - [2024-05-13T01:30:40.825+0000] {dag.py:3954} INFO - Setting next_dagrun for tutorial_objectstorage to None, run_after=None
[2024-05-13T01:30:40.832+0000] {processor.py:183} INFO - Processing /home/airflow/.local/lib/python3.12/site-packages/airflow/example_dags/tutorial_objectstorage.py took 0.025 seconds
[2024-05-13T01:31:11.144+0000] {processor.py:161} INFO - Started process (PID=856) to work on /home/airflow/.local/lib/python3.12/site-packages/airflow/example_dags/tutorial_objectstorage.py
[2024-05-13T01:31:11.144+0000] {processor.py:830} INFO - Processing file /home/airflow/.local/lib/python3.12/site-packages/airflow/example_dags/tutorial_objectstorage.py for tasks to queue
[2024-05-13T01:31:11.145+0000] {logging_mixin.py:188} INFO - [2024-05-13T01:31:11.145+0000] {dagbag.py:545} INFO - Filling up the DagBag from /home/airflow/.local/lib/python3.12/site-packages/airflow/example_dags/tutorial_objectstorage.py
[2024-05-13T01:31:11.148+0000] {processor.py:840} INFO - DAG(s) 'tutorial_objectstorage' retrieved from /home/airflow/.local/lib/python3.12/site-packages/airflow/example_dags/tutorial_objectstorage.py
[2024-05-13T01:31:11.154+0000] {logging_mixin.py:188} INFO - [2024-05-13T01:31:11.154+0000] {dag.py:3096} INFO - Sync 1 DAGs
[2024-05-13T01:31:11.159+0000] {logging_mixin.py:188} INFO - [2024-05-13T01:31:11.159+0000] {dag.py:3954} INFO - Setting next_dagrun for tutorial_objectstorage to None, run_after=None
[2024-05-13T01:31:11.165+0000] {processor.py:183} INFO - Processing /home/airflow/.local/lib/python3.12/site-packages/airflow/example_dags/tutorial_objectstorage.py took 0.023 seconds
[2024-05-13T01:31:41.563+0000] {processor.py:161} INFO - Started process (PID=1118) to work on /home/airflow/.local/lib/python3.12/site-packages/airflow/example_dags/tutorial_objectstorage.py
[2024-05-13T01:31:41.564+0000] {processor.py:830} INFO - Processing file /home/airflow/.local/lib/python3.12/site-packages/airflow/example_dags/tutorial_objectstorage.py for tasks to queue
[2024-05-13T01:31:41.564+0000] {logging_mixin.py:188} INFO - [2024-05-13T01:31:41.564+0000] {dagbag.py:545} INFO - Filling up the DagBag from /home/airflow/.local/lib/python3.12/site-packages/airflow/example_dags/tutorial_objectstorage.py
[2024-05-13T01:31:41.568+0000] {processor.py:840} INFO - DAG(s) 'tutorial_objectstorage' retrieved from /home/airflow/.local/lib/python3.12/site-packages/airflow/example_dags/tutorial_objectstorage.py
[2024-05-13T01:31:41.576+0000] {logging_mixin.py:188} INFO - [2024-05-13T01:31:41.575+0000] {dag.py:3096} INFO - Sync 1 DAGs
[2024-05-13T01:31:41.581+0000] {logging_mixin.py:188} INFO - [2024-05-13T01:31:41.581+0000] {dag.py:3954} INFO - Setting next_dagrun for tutorial_objectstorage to None, run_after=None
[2024-05-13T01:31:41.588+0000] {processor.py:183} INFO - Processing /home/airflow/.local/lib/python3.12/site-packages/airflow/example_dags/tutorial_objectstorage.py took 0.027 seconds
