[2024-05-13T01:30:10.055+0000] {processor.py:161} INFO - Started process (PID=322) to work on /home/airflow/.local/lib/python3.12/site-packages/airflow/example_dags/tutorial_dag.py
[2024-05-13T01:30:10.055+0000] {processor.py:830} INFO - Processing file /home/airflow/.local/lib/python3.12/site-packages/airflow/example_dags/tutorial_dag.py for tasks to queue
[2024-05-13T01:30:10.056+0000] {logging_mixin.py:188} INFO - [2024-05-13T01:30:10.056+0000] {dagbag.py:545} INFO - Filling up the DagBag from /home/airflow/.local/lib/python3.12/site-packages/airflow/example_dags/tutorial_dag.py
[2024-05-13T01:30:10.059+0000] {processor.py:840} INFO - DAG(s) 'tutorial_dag' retrieved from /home/airflow/.local/lib/python3.12/site-packages/airflow/example_dags/tutorial_dag.py
[2024-05-13T01:30:10.096+0000] {logging_mixin.py:188} INFO - [2024-05-13T01:30:10.096+0000] {override.py:1829} INFO - Created Permission View: can read on DAG:tutorial_dag
[2024-05-13T01:30:10.099+0000] {logging_mixin.py:188} INFO - [2024-05-13T01:30:10.099+0000] {override.py:1829} INFO - Created Permission View: can edit on DAG:tutorial_dag
[2024-05-13T01:30:10.101+0000] {logging_mixin.py:188} INFO - [2024-05-13T01:30:10.100+0000] {override.py:1829} INFO - Created Permission View: can delete on DAG:tutorial_dag
[2024-05-13T01:30:10.101+0000] {logging_mixin.py:188} INFO - [2024-05-13T01:30:10.101+0000] {dag.py:3096} INFO - Sync 1 DAGs
[2024-05-13T01:30:10.104+0000] {logging_mixin.py:188} INFO - [2024-05-13T01:30:10.104+0000] {dag.py:3118} INFO - Creating ORM DAG for tutorial_dag
[2024-05-13T01:30:10.105+0000] {logging_mixin.py:188} INFO - [2024-05-13T01:30:10.105+0000] {dag.py:3954} INFO - Setting next_dagrun for tutorial_dag to None, run_after=None
[2024-05-13T01:30:10.110+0000] {processor.py:183} INFO - Processing /home/airflow/.local/lib/python3.12/site-packages/airflow/example_dags/tutorial_dag.py took 0.057 seconds
[2024-05-13T01:30:40.777+0000] {processor.py:161} INFO - Started process (PID=586) to work on /home/airflow/.local/lib/python3.12/site-packages/airflow/example_dags/tutorial_dag.py
[2024-05-13T01:30:40.778+0000] {processor.py:830} INFO - Processing file /home/airflow/.local/lib/python3.12/site-packages/airflow/example_dags/tutorial_dag.py for tasks to queue
[2024-05-13T01:30:40.778+0000] {logging_mixin.py:188} INFO - [2024-05-13T01:30:40.778+0000] {dagbag.py:545} INFO - Filling up the DagBag from /home/airflow/.local/lib/python3.12/site-packages/airflow/example_dags/tutorial_dag.py
[2024-05-13T01:30:40.780+0000] {processor.py:840} INFO - DAG(s) 'tutorial_dag' retrieved from /home/airflow/.local/lib/python3.12/site-packages/airflow/example_dags/tutorial_dag.py
[2024-05-13T01:30:40.788+0000] {logging_mixin.py:188} INFO - [2024-05-13T01:30:40.788+0000] {dag.py:3096} INFO - Sync 1 DAGs
[2024-05-13T01:30:40.793+0000] {logging_mixin.py:188} INFO - [2024-05-13T01:30:40.793+0000] {dag.py:3954} INFO - Setting next_dagrun for tutorial_dag to None, run_after=None
[2024-05-13T01:30:40.799+0000] {processor.py:183} INFO - Processing /home/airflow/.local/lib/python3.12/site-packages/airflow/example_dags/tutorial_dag.py took 0.024 seconds
[2024-05-13T01:31:11.112+0000] {processor.py:161} INFO - Started process (PID=848) to work on /home/airflow/.local/lib/python3.12/site-packages/airflow/example_dags/tutorial_dag.py
[2024-05-13T01:31:11.113+0000] {processor.py:830} INFO - Processing file /home/airflow/.local/lib/python3.12/site-packages/airflow/example_dags/tutorial_dag.py for tasks to queue
[2024-05-13T01:31:11.114+0000] {logging_mixin.py:188} INFO - [2024-05-13T01:31:11.113+0000] {dagbag.py:545} INFO - Filling up the DagBag from /home/airflow/.local/lib/python3.12/site-packages/airflow/example_dags/tutorial_dag.py
[2024-05-13T01:31:11.116+0000] {processor.py:840} INFO - DAG(s) 'tutorial_dag' retrieved from /home/airflow/.local/lib/python3.12/site-packages/airflow/example_dags/tutorial_dag.py
[2024-05-13T01:31:11.123+0000] {logging_mixin.py:188} INFO - [2024-05-13T01:31:11.123+0000] {dag.py:3096} INFO - Sync 1 DAGs
[2024-05-13T01:31:11.127+0000] {logging_mixin.py:188} INFO - [2024-05-13T01:31:11.127+0000] {dag.py:3954} INFO - Setting next_dagrun for tutorial_dag to None, run_after=None
[2024-05-13T01:31:11.134+0000] {processor.py:183} INFO - Processing /home/airflow/.local/lib/python3.12/site-packages/airflow/example_dags/tutorial_dag.py took 0.023 seconds
[2024-05-13T01:31:41.529+0000] {processor.py:161} INFO - Started process (PID=1108) to work on /home/airflow/.local/lib/python3.12/site-packages/airflow/example_dags/tutorial_dag.py
[2024-05-13T01:31:41.529+0000] {processor.py:830} INFO - Processing file /home/airflow/.local/lib/python3.12/site-packages/airflow/example_dags/tutorial_dag.py for tasks to queue
[2024-05-13T01:31:41.530+0000] {logging_mixin.py:188} INFO - [2024-05-13T01:31:41.530+0000] {dagbag.py:545} INFO - Filling up the DagBag from /home/airflow/.local/lib/python3.12/site-packages/airflow/example_dags/tutorial_dag.py
[2024-05-13T01:31:41.532+0000] {processor.py:840} INFO - DAG(s) 'tutorial_dag' retrieved from /home/airflow/.local/lib/python3.12/site-packages/airflow/example_dags/tutorial_dag.py
[2024-05-13T01:31:41.540+0000] {logging_mixin.py:188} INFO - [2024-05-13T01:31:41.540+0000] {dag.py:3096} INFO - Sync 1 DAGs
[2024-05-13T01:31:41.545+0000] {logging_mixin.py:188} INFO - [2024-05-13T01:31:41.545+0000] {dag.py:3954} INFO - Setting next_dagrun for tutorial_dag to None, run_after=None
[2024-05-13T01:31:41.552+0000] {processor.py:183} INFO - Processing /home/airflow/.local/lib/python3.12/site-packages/airflow/example_dags/tutorial_dag.py took 0.026 seconds
