[2024-05-13T01:30:09.674+0000] {processor.py:161} INFO - Started process (PID=272) to work on /home/airflow/.local/lib/python3.12/site-packages/airflow/example_dags/tutorial.py
[2024-05-13T01:30:09.674+0000] {processor.py:830} INFO - Processing file /home/airflow/.local/lib/python3.12/site-packages/airflow/example_dags/tutorial.py for tasks to queue
[2024-05-13T01:30:09.675+0000] {logging_mixin.py:188} INFO - [2024-05-13T01:30:09.675+0000] {dagbag.py:545} INFO - Filling up the DagBag from /home/airflow/.local/lib/python3.12/site-packages/airflow/example_dags/tutorial.py
[2024-05-13T01:30:09.678+0000] {processor.py:840} INFO - DAG(s) 'tutorial' retrieved from /home/airflow/.local/lib/python3.12/site-packages/airflow/example_dags/tutorial.py
[2024-05-13T01:30:09.715+0000] {logging_mixin.py:188} INFO - [2024-05-13T01:30:09.715+0000] {override.py:1829} INFO - Created Permission View: can read on DAG:tutorial
[2024-05-13T01:30:09.718+0000] {logging_mixin.py:188} INFO - [2024-05-13T01:30:09.718+0000] {override.py:1829} INFO - Created Permission View: can edit on DAG:tutorial
[2024-05-13T01:30:09.719+0000] {logging_mixin.py:188} INFO - [2024-05-13T01:30:09.719+0000] {override.py:1829} INFO - Created Permission View: can delete on DAG:tutorial
[2024-05-13T01:30:09.720+0000] {logging_mixin.py:188} INFO - [2024-05-13T01:30:09.720+0000] {dag.py:3096} INFO - Sync 1 DAGs
[2024-05-13T01:30:09.723+0000] {logging_mixin.py:188} INFO - [2024-05-13T01:30:09.723+0000] {dag.py:3118} INFO - Creating ORM DAG for tutorial
[2024-05-13T01:30:09.727+0000] {logging_mixin.py:188} INFO - [2024-05-13T01:30:09.727+0000] {dag.py:3954} INFO - Setting next_dagrun for tutorial to 2024-05-12 00:00:00+00:00, run_after=2024-05-13 00:00:00+00:00
[2024-05-13T01:30:09.731+0000] {processor.py:183} INFO - Processing /home/airflow/.local/lib/python3.12/site-packages/airflow/example_dags/tutorial.py took 0.060 seconds
[2024-05-13T01:30:40.583+0000] {processor.py:161} INFO - Started process (PID=534) to work on /home/airflow/.local/lib/python3.12/site-packages/airflow/example_dags/tutorial.py
[2024-05-13T01:30:40.583+0000] {processor.py:830} INFO - Processing file /home/airflow/.local/lib/python3.12/site-packages/airflow/example_dags/tutorial.py for tasks to queue
[2024-05-13T01:30:40.584+0000] {logging_mixin.py:188} INFO - [2024-05-13T01:30:40.584+0000] {dagbag.py:545} INFO - Filling up the DagBag from /home/airflow/.local/lib/python3.12/site-packages/airflow/example_dags/tutorial.py
[2024-05-13T01:30:40.586+0000] {processor.py:840} INFO - DAG(s) 'tutorial' retrieved from /home/airflow/.local/lib/python3.12/site-packages/airflow/example_dags/tutorial.py
[2024-05-13T01:30:40.594+0000] {logging_mixin.py:188} INFO - [2024-05-13T01:30:40.594+0000] {dag.py:3096} INFO - Sync 1 DAGs
[2024-05-13T01:30:40.602+0000] {logging_mixin.py:188} INFO - [2024-05-13T01:30:40.601+0000] {dag.py:3954} INFO - Setting next_dagrun for tutorial to 2024-05-12 00:00:00+00:00, run_after=2024-05-13 00:00:00+00:00
[2024-05-13T01:30:40.608+0000] {processor.py:183} INFO - Processing /home/airflow/.local/lib/python3.12/site-packages/airflow/example_dags/tutorial.py took 0.027 seconds
[2024-05-13T01:31:10.903+0000] {processor.py:161} INFO - Started process (PID=796) to work on /home/airflow/.local/lib/python3.12/site-packages/airflow/example_dags/tutorial.py
[2024-05-13T01:31:10.904+0000] {processor.py:830} INFO - Processing file /home/airflow/.local/lib/python3.12/site-packages/airflow/example_dags/tutorial.py for tasks to queue
[2024-05-13T01:31:10.906+0000] {logging_mixin.py:188} INFO - [2024-05-13T01:31:10.906+0000] {dagbag.py:545} INFO - Filling up the DagBag from /home/airflow/.local/lib/python3.12/site-packages/airflow/example_dags/tutorial.py
[2024-05-13T01:31:10.909+0000] {processor.py:840} INFO - DAG(s) 'tutorial' retrieved from /home/airflow/.local/lib/python3.12/site-packages/airflow/example_dags/tutorial.py
[2024-05-13T01:31:10.918+0000] {logging_mixin.py:188} INFO - [2024-05-13T01:31:10.918+0000] {dag.py:3096} INFO - Sync 1 DAGs
[2024-05-13T01:31:10.927+0000] {logging_mixin.py:188} INFO - [2024-05-13T01:31:10.927+0000] {dag.py:3954} INFO - Setting next_dagrun for tutorial to 2024-05-12 00:00:00+00:00, run_after=2024-05-13 00:00:00+00:00
[2024-05-13T01:31:10.934+0000] {processor.py:183} INFO - Processing /home/airflow/.local/lib/python3.12/site-packages/airflow/example_dags/tutorial.py took 0.034 seconds
[2024-05-13T01:31:41.320+0000] {processor.py:161} INFO - Started process (PID=1058) to work on /home/airflow/.local/lib/python3.12/site-packages/airflow/example_dags/tutorial.py
[2024-05-13T01:31:41.320+0000] {processor.py:830} INFO - Processing file /home/airflow/.local/lib/python3.12/site-packages/airflow/example_dags/tutorial.py for tasks to queue
[2024-05-13T01:31:41.321+0000] {logging_mixin.py:188} INFO - [2024-05-13T01:31:41.321+0000] {dagbag.py:545} INFO - Filling up the DagBag from /home/airflow/.local/lib/python3.12/site-packages/airflow/example_dags/tutorial.py
[2024-05-13T01:31:41.323+0000] {processor.py:840} INFO - DAG(s) 'tutorial' retrieved from /home/airflow/.local/lib/python3.12/site-packages/airflow/example_dags/tutorial.py
[2024-05-13T01:31:41.331+0000] {logging_mixin.py:188} INFO - [2024-05-13T01:31:41.331+0000] {dag.py:3096} INFO - Sync 1 DAGs
[2024-05-13T01:31:41.339+0000] {logging_mixin.py:188} INFO - [2024-05-13T01:31:41.339+0000] {dag.py:3954} INFO - Setting next_dagrun for tutorial to 2024-05-12 00:00:00+00:00, run_after=2024-05-13 00:00:00+00:00
[2024-05-13T01:31:41.346+0000] {processor.py:183} INFO - Processing /home/airflow/.local/lib/python3.12/site-packages/airflow/example_dags/tutorial.py took 0.028 seconds
