[2024-05-13T01:30:10.524+0000] {processor.py:161} INFO - Started process (PID=364) to work on /home/airflow/.local/lib/python3.12/site-packages/airflow/example_dags/tutorial_taskflow_api.py
[2024-05-13T01:30:10.525+0000] {processor.py:830} INFO - Processing file /home/airflow/.local/lib/python3.12/site-packages/airflow/example_dags/tutorial_taskflow_api.py for tasks to queue
[2024-05-13T01:30:10.525+0000] {logging_mixin.py:188} INFO - [2024-05-13T01:30:10.525+0000] {dagbag.py:545} INFO - Filling up the DagBag from /home/airflow/.local/lib/python3.12/site-packages/airflow/example_dags/tutorial_taskflow_api.py
[2024-05-13T01:30:10.528+0000] {processor.py:840} INFO - DAG(s) 'tutorial_taskflow_api' retrieved from /home/airflow/.local/lib/python3.12/site-packages/airflow/example_dags/tutorial_taskflow_api.py
[2024-05-13T01:30:10.565+0000] {logging_mixin.py:188} INFO - [2024-05-13T01:30:10.565+0000] {override.py:1829} INFO - Created Permission View: can read on DAG:tutorial_taskflow_api
[2024-05-13T01:30:10.568+0000] {logging_mixin.py:188} INFO - [2024-05-13T01:30:10.568+0000] {override.py:1829} INFO - Created Permission View: can edit on DAG:tutorial_taskflow_api
[2024-05-13T01:30:10.570+0000] {logging_mixin.py:188} INFO - [2024-05-13T01:30:10.570+0000] {override.py:1829} INFO - Created Permission View: can delete on DAG:tutorial_taskflow_api
[2024-05-13T01:30:10.570+0000] {logging_mixin.py:188} INFO - [2024-05-13T01:30:10.570+0000] {dag.py:3096} INFO - Sync 1 DAGs
[2024-05-13T01:30:10.574+0000] {logging_mixin.py:188} INFO - [2024-05-13T01:30:10.574+0000] {dag.py:3118} INFO - Creating ORM DAG for tutorial_taskflow_api
[2024-05-13T01:30:10.574+0000] {logging_mixin.py:188} INFO - [2024-05-13T01:30:10.574+0000] {dag.py:3954} INFO - Setting next_dagrun for tutorial_taskflow_api to None, run_after=None
[2024-05-13T01:30:10.580+0000] {processor.py:183} INFO - Processing /home/airflow/.local/lib/python3.12/site-packages/airflow/example_dags/tutorial_taskflow_api.py took 0.058 seconds
[2024-05-13T01:30:40.909+0000] {processor.py:161} INFO - Started process (PID=624) to work on /home/airflow/.local/lib/python3.12/site-packages/airflow/example_dags/tutorial_taskflow_api.py
[2024-05-13T01:30:40.910+0000] {processor.py:830} INFO - Processing file /home/airflow/.local/lib/python3.12/site-packages/airflow/example_dags/tutorial_taskflow_api.py for tasks to queue
[2024-05-13T01:30:40.910+0000] {logging_mixin.py:188} INFO - [2024-05-13T01:30:40.910+0000] {dagbag.py:545} INFO - Filling up the DagBag from /home/airflow/.local/lib/python3.12/site-packages/airflow/example_dags/tutorial_taskflow_api.py
[2024-05-13T01:30:40.912+0000] {processor.py:840} INFO - DAG(s) 'tutorial_taskflow_api' retrieved from /home/airflow/.local/lib/python3.12/site-packages/airflow/example_dags/tutorial_taskflow_api.py
[2024-05-13T01:30:40.920+0000] {logging_mixin.py:188} INFO - [2024-05-13T01:30:40.920+0000] {dag.py:3096} INFO - Sync 1 DAGs
[2024-05-13T01:30:40.924+0000] {logging_mixin.py:188} INFO - [2024-05-13T01:30:40.924+0000] {dag.py:3954} INFO - Setting next_dagrun for tutorial_taskflow_api to None, run_after=None
[2024-05-13T01:30:40.930+0000] {processor.py:183} INFO - Processing /home/airflow/.local/lib/python3.12/site-packages/airflow/example_dags/tutorial_taskflow_api.py took 0.023 seconds
[2024-05-13T01:31:11.259+0000] {processor.py:161} INFO - Started process (PID=886) to work on /home/airflow/.local/lib/python3.12/site-packages/airflow/example_dags/tutorial_taskflow_api.py
[2024-05-13T01:31:11.259+0000] {processor.py:830} INFO - Processing file /home/airflow/.local/lib/python3.12/site-packages/airflow/example_dags/tutorial_taskflow_api.py for tasks to queue
[2024-05-13T01:31:11.260+0000] {logging_mixin.py:188} INFO - [2024-05-13T01:31:11.260+0000] {dagbag.py:545} INFO - Filling up the DagBag from /home/airflow/.local/lib/python3.12/site-packages/airflow/example_dags/tutorial_taskflow_api.py
[2024-05-13T01:31:11.263+0000] {processor.py:840} INFO - DAG(s) 'tutorial_taskflow_api' retrieved from /home/airflow/.local/lib/python3.12/site-packages/airflow/example_dags/tutorial_taskflow_api.py
[2024-05-13T01:31:11.272+0000] {logging_mixin.py:188} INFO - [2024-05-13T01:31:11.272+0000] {dag.py:3096} INFO - Sync 1 DAGs
[2024-05-13T01:31:11.278+0000] {logging_mixin.py:188} INFO - [2024-05-13T01:31:11.278+0000] {dag.py:3954} INFO - Setting next_dagrun for tutorial_taskflow_api to None, run_after=None
[2024-05-13T01:31:11.286+0000] {processor.py:183} INFO - Processing /home/airflow/.local/lib/python3.12/site-packages/airflow/example_dags/tutorial_taskflow_api.py took 0.030 seconds
[2024-05-13T01:31:41.671+0000] {processor.py:161} INFO - Started process (PID=1148) to work on /home/airflow/.local/lib/python3.12/site-packages/airflow/example_dags/tutorial_taskflow_api.py
[2024-05-13T01:31:41.671+0000] {processor.py:830} INFO - Processing file /home/airflow/.local/lib/python3.12/site-packages/airflow/example_dags/tutorial_taskflow_api.py for tasks to queue
[2024-05-13T01:31:41.672+0000] {logging_mixin.py:188} INFO - [2024-05-13T01:31:41.672+0000] {dagbag.py:545} INFO - Filling up the DagBag from /home/airflow/.local/lib/python3.12/site-packages/airflow/example_dags/tutorial_taskflow_api.py
[2024-05-13T01:31:41.675+0000] {processor.py:840} INFO - DAG(s) 'tutorial_taskflow_api' retrieved from /home/airflow/.local/lib/python3.12/site-packages/airflow/example_dags/tutorial_taskflow_api.py
[2024-05-13T01:31:41.682+0000] {logging_mixin.py:188} INFO - [2024-05-13T01:31:41.682+0000] {dag.py:3096} INFO - Sync 1 DAGs
[2024-05-13T01:31:41.687+0000] {logging_mixin.py:188} INFO - [2024-05-13T01:31:41.687+0000] {dag.py:3954} INFO - Setting next_dagrun for tutorial_taskflow_api to None, run_after=None
[2024-05-13T01:31:41.694+0000] {processor.py:183} INFO - Processing /home/airflow/.local/lib/python3.12/site-packages/airflow/example_dags/tutorial_taskflow_api.py took 0.025 seconds
